Log file open, 09/25/17 13:46:58
LogWindows: LoadLibraryWithSearchPaths failed for file aqProf.dll. GetLastError=0
LogWindows: LoadLibraryWithSearchPaths failed for file VSPerf140.dll. GetLastError=0
LogWindows: LoadLibraryWithSearchPaths failed for file VtuneApi.dll. GetLastError=0
LogWindows: LoadLibraryWithSearchPaths failed for file VtuneApi32e.dll. GetLastError=0
LogInit: Display: Running engine for game: Lab3c
LogPlatformFile: Not using cached read wrapper
LogInit: Display: RandInit(1145110868) SRandInit(1145110868).
LogTaskGraph: Started task graph with 5 named threads and 14 total threads with 3 sets of task threads.
LogStats: Stats thread started at 0.157746
LogD3D11RHI: Aftermath initialized
LogPluginManager: Mounting plugin Paper2D
LogPluginManager: Mounting plugin LightPropagationVolume
LogPluginManager: Mounting plugin CodeLiteSourceCodeAccess
LogPluginManager: Mounting plugin GitSourceControl
LogPluginManager: Mounting plugin KDevelopSourceCodeAccess
LogPluginManager: Mounting plugin NullSourceCodeAccess
LogPluginManager: Mounting plugin PerforceSourceControl
LogPluginManager: Mounting plugin SubversionSourceControl
LogPluginManager: Mounting plugin UObjectPlugin
LogPluginManager: Mounting plugin VisualStudioSourceCodeAccess
LogPluginManager: Mounting plugin XCodeSourceCodeAccess
LogPluginManager: Mounting plugin AssetManagerEditor
LogPluginManager: Mounting plugin AudioCapture
LogPluginManager: Mounting plugin FacialAnimation
LogPluginManager: Mounting plugin GameplayTagsEditor
LogPluginManager: Mounting plugin MobileLauncherProfileWizard
LogPluginManager: Mounting plugin PluginBrowser
LogPluginManager: Mounting plugin SpeedTreeImporter
LogPluginManager: Mounting plugin AlembicImporter
LogPluginManager: Mounting plugin CharacterAI
LogPluginManager: Mounting plugin HTML5Networking
LogPluginManager: Mounting plugin AndroidMedia
LogPluginManager: Mounting plugin AvfMedia
LogPluginManager: Mounting plugin MediaPlayerEditor
LogPluginManager: Mounting plugin WmfMedia
LogPluginManager: Mounting plugin TcpMessaging
LogPluginManager: Mounting plugin UdpMessaging
LogPluginManager: Mounting plugin LevelSequenceEditor
LogPluginManager: Mounting plugin MatineeToLevelSequence
LogPluginManager: Mounting plugin OnlineSubsystemGooglePlay
LogPluginManager: Mounting plugin OnlineSubsystemIOS
LogPluginManager: Mounting plugin OnlineSubsystem
LogPluginManager: Mounting plugin OnlineSubsystemNull
LogPluginManager: Mounting plugin OnlineSubsystemUtils
LogPluginManager: Mounting plugin AndroidDeviceProfileSelector
LogPluginManager: Mounting plugin AndroidMoviePlayer
LogPluginManager: Mounting plugin AndroidPermission
LogPluginManager: Mounting plugin AppleMoviePlayer
LogPluginManager: Mounting plugin ArchVisCharacter
LogPluginManager: Mounting plugin CableComponent
LogPluginManager: Mounting plugin CustomMeshComponent
LogPluginManager: Mounting plugin ExampleDeviceProfileSelector
LogPluginManager: Mounting plugin GoogleCloudMessaging
LogPluginManager: Mounting plugin ImmediatePhysics
LogPluginManager: Mounting plugin IOSDeviceProfileSelector
LogPluginManager: Mounting plugin LinuxDeviceProfileSelector
LogPluginManager: Mounting plugin LocationServicesBPLibrary
LogPluginManager: Mounting plugin MobilePatchingUtils
LogPluginManager: Mounting plugin OculusVR
LogPluginManager: Mounting plugin PhysXVehicles
LogPluginManager: Mounting plugin ProceduralMeshComponent
LogPluginManager: Mounting plugin RuntimePhysXCooking
LogPluginManager: Mounting plugin SteamVR
LogPluginManager: Mounting plugin WindowsMoviePlayer
LogInit: Using libcurl 7.47.1
LogInit:  - built for x86_64-pc-win32
LogInit:  - supports SSL with OpenSSL/1.0.2g
LogInit:  - supports HTTP deflate (compression) using libz 1.2.8
LogInit:  - other features:
LogInit:      CURL_VERSION_SSL
LogInit:      CURL_VERSION_LIBZ
LogInit:      CURL_VERSION_IPV6
LogInit:      CURL_VERSION_ASYNCHDNS
LogInit:      CURL_VERSION_LARGEFILE
LogInit:      CURL_VERSION_IDN
LogInit:  CurlRequestOptions (configurable via config and command line):
LogInit:  - bVerifyPeer = false  - Libcurl will NOT verify peer certificate
LogInit:  - bUseHttpProxy = false  - Libcurl will NOT use HTTP proxy
LogInit:  - bDontReuseConnections = false  - Libcurl will reuse connections
LogInit:  - CertBundlePath = nullptr  - Libcurl will use whatever was configured at build time.
LogInit: Build: ++UE4+Release-4.17-CL-3586342
LogInit: Engine Version: 4.17.1-3586342+++UE4+Release-4.17
LogInit: Compatible Engine Version: 4.17.0-3573198+++UE4+Release-4.17
LogInit: Net CL: 3573198
LogDevObjectVersion: Number of dev versions registered: 16
LogDevObjectVersion:   Dev-Blueprints (B0D832E4-1F89-4F0D-ACCF-7EB736FD4AA2): 10
LogDevObjectVersion:   Dev-Build (E1C64328-A22C-4D53-A36C-8E866417BD8C): 0
LogDevObjectVersion:   Dev-Core (375EC13C-06E4-48FB-B500-84F0262A717E): 2
LogDevObjectVersion:   Dev-Editor (E4B068ED-F494-42E9-A231-DA0B2E46BB41): 20
LogDevObjectVersion:   Dev-Framework (CFFC743F-43B0-4480-9391-14DF171D2073): 28
LogDevObjectVersion:   Dev-Mobile (B02B49B5-BB20-44E9-A304-32B752E40360): 0
LogDevObjectVersion:   Dev-Networking (A4E4105C-59A1-49B5-A7C5-40C4547EDFEE): 0
LogDevObjectVersion:   Dev-Online (39C831C9-5AE6-47DC-9A44-9C173E1C8E7C): 0
LogDevObjectVersion:   Dev-Physics (78F01B33-EBEA-4F98-B9B4-84EACCB95AA2): 0
LogDevObjectVersion:   Dev-Platform (6631380F-2D4D-43E0-8009-CF276956A95A): 0
LogDevObjectVersion:   Dev-Rendering (12F88B9F-8875-4AFC-A67C-D90C383ABD29): 19
LogDevObjectVersion:   Dev-Sequencer (7B5AE74C-D270-4C10-A958-57980B212A5A): 4
LogDevObjectVersion:   Dev-VR (D7296918-1DD6-4BDD-9DE2-64A83CC13884): 0
LogDevObjectVersion:   Dev-LoadTimes (C2A15278-BFE7-4AFE-6C17-90FF531DF755): 1
LogDevObjectVersion:   Private-Geometry (6EACA3D4-40EC-4CC1-B786-8BED09428FC5): 1
LogDevObjectVersion:   Dev-AnimPhys (29E575DD-E0A3-4627-9D10-D276232CDCEA): 7
LogInit: Compiled (64-bit): Aug 15 2017 02:05:26
LogInit: Compiled with Visual C++: 19.00.24215.01
LogInit: Build Configuration: Development
LogInit: Branch Name: ++UE4+Release-4.17
LogInit: Command line:  
LogInit: Base directory: C:/Program Files/Epic Games/UE_4.17/Engine/Binaries/Win64/
LogInit: Installed Engine Build: 1
LogInit: Presizing for max 8388607 objects, including 0 objects not considered by GC, pre-allocating 0 bytes for permanent pool.
LogInit: Object subsystem initialized
[2017.09.25-17.46.59:364][  0]LogInit: Selected Device Profile: [Windows]
[2017.09.25-17.46.59:364][  0]LogInit: Applying CVar settings loaded from the selected device profile: [Windows]
[2017.09.25-17.46.59:404][  0]LogInit: Computer: C401IT37
[2017.09.25-17.46.59:404][  0]LogInit: User: Tech
[2017.09.25-17.46.59:404][  0]LogInit: CPU Page size=4096, Cores=4
[2017.09.25-17.46.59:404][  0]LogInit: High frequency timer resolution =3.507520 MHz
[2017.09.25-17.46.59:405][  0]LogMemory: Memory total: Physical=15.9GB (16GB approx)
[2017.09.25-17.46.59:405][  0]LogMemory: Platform Memory Stats for Windows
[2017.09.25-17.46.59:405][  0]LogMemory: Process Physical Memory: 277.38 MB used, 277.38 MB peak
[2017.09.25-17.46.59:405][  0]LogMemory: Process Virtual Memory: 274.07 MB used, 274.07 MB peak
[2017.09.25-17.46.59:405][  0]LogMemory: Physical Memory: 3753.13 MB used,  12570.38 MB free, 16323.51 MB total
[2017.09.25-17.46.59:405][  0]LogMemory: Virtual Memory: 668.77 MB used,  12570.38 MB free, 134217728.00 MB total
[2017.09.25-17.46.59:527][  0]LogInit: Using OS detected language (en-US).
[2017.09.25-17.46.59:527][  0]LogInit: Using OS detected locale (en-US).
[2017.09.25-17.46.59:530][  0]LogTextLocalizationManager: No specific localization for 'en-US' exists, so the 'en' localization will be used.
[2017.09.25-17.47.00:063][  0]LogD3D11RHI: D3D11 adapters:
[2017.09.25-17.47.00:081][  0]LogD3D11RHI:    0. 'NVIDIA Quadro K620' (Feature Level 11_0)
[2017.09.25-17.47.00:081][  0]LogD3D11RHI:       1993/0/8161 MB DedicatedVideo/DedicatedSystem/SharedSystem, Outputs:1, VendorId:0x10de
[2017.09.25-17.47.00:082][  0]LogD3D11RHI:    1. 'Microsoft Basic Render Driver' (Feature Level 11_0)
[2017.09.25-17.47.00:082][  0]LogD3D11RHI:       0/0/8161 MB DedicatedVideo/DedicatedSystem/SharedSystem, Outputs:0, VendorId:0x1414
[2017.09.25-17.47.00:082][  0]LogD3D11RHI: Chosen D3D11 Adapter: 0
[2017.09.25-17.47.00:086][  0]LogD3D11RHI: Creating new Direct3DDevice
[2017.09.25-17.47.00:086][  0]LogD3D11RHI:     GPU DeviceId: 0x13bb (for the marketing name, search the web for "GPU Device Id")
[2017.09.25-17.47.00:086][  0]LogWindows: EnumDisplayDevices:
[2017.09.25-17.47.00:086][  0]LogWindows:    0. 'NVIDIA Quadro K620' (P:1 D:1)
[2017.09.25-17.47.00:086][  0]LogWindows:    1. 'NVIDIA Quadro K620' (P:0 D:0)
[2017.09.25-17.47.00:086][  0]LogWindows:    2. 'NVIDIA Quadro K620' (P:0 D:0)
[2017.09.25-17.47.00:086][  0]LogWindows:    3. 'NVIDIA Quadro K620' (P:0 D:0)
[2017.09.25-17.47.00:086][  0]LogWindows: DebugString: FoundDriverCount:4 
[2017.09.25-17.47.00:086][  0]LogD3D11RHI:     Adapter Name: NVIDIA Quadro K620
[2017.09.25-17.47.00:086][  0]LogD3D11RHI:   Driver Version: 361.91 (internal:10.18.13.6191, unified:361.91)
[2017.09.25-17.47.00:086][  0]LogD3D11RHI:      Driver Date: 2-8-2016
[2017.09.25-17.47.00:086][  0]LogRHI: Texture pool is 1361 MB (70% of 1945 MB)
[2017.09.25-17.47.00:138][  0]LogD3D11RHI: NvAPI_D3D_GetCurrentSLIState failed: 0xfffffff7
[2017.09.25-17.47.00:138][  0]LogD3D11RHI: Async texture creation enabled
[2017.09.25-17.47.00:153][  0]LogD3D11RHI: GPU Timing Frequency: 1000.000000 (Debug: 2 2)
[2017.09.25-17.47.00:154][  0]LogShaderCompilers: Guid format shader working directory is -8 characters bigger than the processId version (../../../../../../Users/Tech/Desktop/ConsoleDev/Lab3c/Intermediate/Shaders/WorkingDirectory/9756/).
[2017.09.25-17.47.00:154][  0]LogShaderCompilers: Cleaned the shader compiler working directory 'C:/Users/Tech/AppData/Local/Temp/UnrealShaderWorkingDir/D1198AEE4B954325BBF2C4A8DD8BD48A/'.
[2017.09.25-17.47.00:154][  0]LogShaderCompilers: Display: Using Local Shader Compiler.
[2017.09.25-17.47.00:911][  0]LogTemp: Display: Loaded TP AllDesktopTargetPlatform
[2017.09.25-17.47.00:944][  0]LogTemp: Display: Loaded TP MacClientTargetPlatform
[2017.09.25-17.47.00:978][  0]LogTemp: Display: Loaded TP MacNoEditorTargetPlatform
[2017.09.25-17.47.01:010][  0]LogTemp: Display: Loaded TP MacServerTargetPlatform
[2017.09.25-17.47.01:042][  0]LogTemp: Display: Loaded TP MacTargetPlatform
[2017.09.25-17.47.01:074][  0]LogTemp: Display: Loaded TP WindowsClientTargetPlatform
[2017.09.25-17.47.01:108][  0]LogTemp: Display: Loaded TP WindowsNoEditorTargetPlatform
[2017.09.25-17.47.01:141][  0]LogTemp: Display: Loaded TP WindowsServerTargetPlatform
[2017.09.25-17.47.01:168][  0]LogTemp: Display: Loaded TP WindowsTargetPlatform
[2017.09.25-17.47.01:199][  0]LogTemp: Display: Loaded TP AndroidTargetPlatform
[2017.09.25-17.47.01:230][  0]LogTemp: Display: Loaded TP Android_ASTCTargetPlatform
[2017.09.25-17.47.01:261][  0]LogTemp: Display: Loaded TP Android_ATCTargetPlatform
[2017.09.25-17.47.01:292][  0]LogTemp: Display: Loaded TP Android_DXTTargetPlatform
[2017.09.25-17.47.01:323][  0]LogTemp: Display: Loaded TP Android_ETC1TargetPlatform
[2017.09.25-17.47.01:354][  0]LogTemp: Display: Loaded TP Android_ETC2TargetPlatform
[2017.09.25-17.47.01:416][  0]LogTemp: Display: Loaded TP Android_MultiTargetPlatform
[2017.09.25-17.47.01:416][  0]LogTemp: Display: Loaded TP Android_PVRTCTargetPlatform
[2017.09.25-17.47.01:438][  0]LogTemp: Display: Loaded TP HTML5TargetPlatform
[2017.09.25-17.47.01:503][  0]LogTemp: Display: Loaded TP IOSTargetPlatform
[2017.09.25-17.47.01:522][  0]LogTemp: Display: Loaded TP TVOSTargetPlatform
[2017.09.25-17.47.01:553][  0]LogTemp: Display: Loaded TP LinuxClientTargetPlatform
[2017.09.25-17.47.01:584][  0]LogTemp: Display: Loaded TP LinuxNoEditorTargetPlatform
[2017.09.25-17.47.01:615][  0]LogTemp: Display: Loaded TP LinuxServerTargetPlatform
[2017.09.25-17.47.01:647][  0]LogTemp: Display: Loaded TP LinuxTargetPlatform
[2017.09.25-17.47.01:647][  0]LogTargetPlatformManager: Display: Building Assets For Windows
[2017.09.25-17.47.01:935][  0]LogDerivedDataCache: Display: Max Cache Size: 512 MB
[2017.09.25-17.47.02:019][  0]LogDerivedDataCache: Loaded boot cache 0.08s 93MB C:/Users/Tech/AppData/Local/UnrealEngine/4.17/DerivedDataCache/Boot.ddc.
[2017.09.25-17.47.02:019][  0]LogDerivedDataCache: Display: Loaded Boot cache: C:/Users/Tech/AppData/Local/UnrealEngine/4.17/DerivedDataCache/Boot.ddc
[2017.09.25-17.47.02:019][  0]LogDerivedDataCache: FDerivedDataBackendGraph:  Pak pak cache file ../../../../../../Users/Tech/Desktop/ConsoleDev/Lab3c/DerivedDataCache/DDC.ddp not found, will not use a pak cache.
[2017.09.25-17.47.02:019][  0]LogDerivedDataCache: Unable to find inner node Pak for hierarchical cache Hierarchy.
[2017.09.25-17.47.02:019][  0]LogDerivedDataCache: FDerivedDataBackendGraph:  CompressedPak pak cache file ../../../../../../Users/Tech/Desktop/ConsoleDev/Lab3c/DerivedDataCache/Compressed.ddp not found, will not use a pak cache.
[2017.09.25-17.47.02:019][  0]LogDerivedDataCache: Unable to find inner node CompressedPak for hierarchical cache Hierarchy.
[2017.09.25-17.47.02:033][  0]LogDerivedDataCache: Display: Pak cache opened for reading ../../../Engine/DerivedDataCache/Compressed.ddp.
[2017.09.25-17.47.02:045][  0]LogDerivedDataCache: Using Local data cache path C:/Users/Tech/AppData/Local/UnrealEngine/Common/DerivedDataCache: Writable
[2017.09.25-17.47.02:053][  0]LogMaterial: Verifying Global Shaders for PCD3D_SM5
[2017.09.25-17.47.02:054][  0]LogSlate: Using Freetype 2.6.0
[2017.09.25-17.47.02:054][  0]LogSlate: SlateFontCache - WITH_FREETYPE: 1, WITH_HARFBUZZ: 1
[2017.09.25-17.47.02:054][  0]LogSlate: SlateFontCache - WITH_FREETYPE: 1, WITH_HARFBUZZ: 1
[2017.09.25-17.47.02:268][  0]LogAssetRegistry: FAssetRegistry took 0.0255 seconds to start up
[2017.09.25-17.47.02:351][  0]LogInit: Selected Device Profile: [Windows]
[2017.09.25-17.47.02:606][  0]LogSimplygon: Simplygon DLL not present - disabling.
[2017.09.25-17.47.02:629][  0]LogMeshReduction: Using SimplygonSwarm for distributed automatic mesh merging
[2017.09.25-17.47.02:629][  0]LogMeshReduction: Using QuadricMeshReduction for automatic static mesh reduction
[2017.09.25-17.47.02:629][  0]LogMeshReduction: No automatic skeletal mesh reduction module available
[2017.09.25-17.47.02:629][  0]LogMeshReduction: No automatic mesh merging module available
[2017.09.25-17.47.02:629][  0]LogMeshMerging: No automatic mesh merging module available
[2017.09.25-17.47.02:649][  0]LogContentStreaming: Texture pool size is 0.00 MB
[2017.09.25-17.47.02:972][  0]LogNetVersion: Lab3c , NetCL: 3573198, EngineNetVer: 2, GameNetVer: 0 (Checksum: 2923858026)
[2017.09.25-17.47.03:123][  0]LogPackageLocalizationCache: Processed 5 localized package path(s) for 2 prioritized culture(s) in 0.035087 seconds
[2017.09.25-17.47.03:129][  0]LogUObjectArray: 35825 objects as part of root set at end of initial load.
[2017.09.25-17.47.03:129][  0]LogUObjectAllocator: 7529104 out of 0 bytes used by permanent object pool.
[2017.09.25-17.47.03:129][  0]LogUObjectArray: CloseDisregardForGC: 0/0 objects in disregard for GC pool
[2017.09.25-17.47.03:165][  0]LogInit: WinSock: version 1.1 (2.2), MaxSocks=32767, MaxUdp=65467
[2017.09.25-17.47.04:943][  0]LogTcpMessaging: Initializing TcpMessaging bridge
[2017.09.25-17.47.04:972][  0]LogUdpMessaging: Initializing bridge on interface 0.0.0.0:0 to multicast group 230.0.0.1:6666.
[2017.09.25-17.47.05:314][  0]$$$
[2017.09.25-17.47.05:314][  0]$Ball$
[2017.09.25-17.47.05:347][  0]$$$
[2017.09.25-17.47.05:347][  0]$Ball$
[2017.09.25-17.47.05:348][  0]$$$
[2017.09.25-17.47.05:348][  0]$Ball$
[2017.09.25-17.47.05:371][  0]Set DefaultPawn to HeroCharacter_BP
[2017.09.25-17.47.05:519][  0]LogMaterial: Uniform references updated for custom material expression Custom.
[2017.09.25-17.47.05:783][  0]SourceControl: Source control is disabled
[2017.09.25-17.47.05:783][  0]SourceControl: Source control is disabled
[2017.09.25-17.47.05:812][  0]SourceControl: Source control is disabled
[2017.09.25-17.47.05:840][  0]SourceControl: Source control is disabled
[2017.09.25-17.47.06:197][  0]LogAndroidPermission: UAndroidPermissionCallbackProxy::GetInstance
[2017.09.25-17.47.06:343][  0]LogOcInput: OculusInput pre-init called
[2017.09.25-17.47.06:531][  0]LogEngine: Initializing Engine...
[2017.09.25-17.47.06:533][  0]LogHMD: Failed to initialize OpenVR with code 110
[2017.09.25-17.47.06:722][  0]LogStats: UGameplayTagsManager::ConstructGameplayTagTree: Construct from data asset -  0.000 s
[2017.09.25-17.47.06:722][  0]LogStats: UGameplayTagsManager::ConstructGameplayTagTree: GameplayTagTreeChangedEvent.Broadcast -  0.000 s
[2017.09.25-17.47.06:805][  0]LogAIModule: Creating AISystem for world Untitled
[2017.09.25-17.47.06:810][  0]LogInit: XAudio2 using 'Speakers / Headphones (Realtek High Definition Audio)' : 2 channels at 48 kHz using 32 bits per sample (channel mask 0x3)
[2017.09.25-17.47.06:942][  0]LogInit: FAudioDevice initialized.
[2017.09.25-17.47.07:087][  0]LogDerivedDataCache: Saved boot cache 0.14s 93MB C:/Users/Tech/AppData/Local/UnrealEngine/4.17/DerivedDataCache/Boot.ddc.
[2017.09.25-17.47.07:097][  0]LogInit: Texture streaming: Enabled
[2017.09.25-17.47.07:166][  0]LogEngineSessionManager: EngineSessionManager initialized
[2017.09.25-17.47.07:296][  0]LogInit: Transaction tracking system initialized
[2017.09.25-17.47.07:482][  0]BlueprintLog: New page: Editor Load
[2017.09.25-17.47.08:066][  0]LocalizationService: Localization service is disabled
[2017.09.25-17.47.08:477][  0]LogConsoleResponse: Display: 
[2017.09.25-17.47.08:617][  0]LogCook: Display: Max memory allowance for cook 16384mb min free memory 0mb
[2017.09.25-17.47.08:617][  0]LogCook: Display: Mobile HDR setting 1
[2017.09.25-17.47.08:617][  0]LogGameplayTags: Display: UGameplayTagsManager::DoneAddingNativeTags. DelegateIsBound: 0
[2017.09.25-17.47.09:041][  0]LogFileCache: Scanning file cache for directory 'C:/Users/Tech/Desktop/ConsoleDev/Lab3c/Content/' took 0.01s
[2017.09.25-17.47.09:262][  0]SourceControl: Source control is disabled
[2017.09.25-17.47.09:262][  0]Cmd: MAP LOAD FILE="../../../../../../Users/Tech/Desktop/ConsoleDev/Lab3c/Content/StarterContent/Maps/Minimal_Default.umap" TEMPLATE=0 SHOWPROGRESS=1 FEATURELEVEL=3
[2017.09.25-17.47.09:262][  0]LightingResults: New page: Lighting Build
[2017.09.25-17.47.09:288][  0]MapCheck: New page: Map Check
[2017.09.25-17.47.09:288][  0]LightingResults: New page: Lighting Build
[2017.09.25-17.47.09:447][  0]LogAIModule: Creating AISystem for world Minimal_Default
[2017.09.25-17.47.09:454][  0]LogEditorServer: Finished looking for orphan Actors (0.000 secs)
[2017.09.25-17.47.09:464][  0]Cmd: MAP CHECKDEP NOCLEARLOG
[2017.09.25-17.47.09:498][  0]MapCheck: Map check complete: 0 Error(s), 0 Warning(s), took 33.911ms to complete.
[2017.09.25-17.47.09:498][  0]LogFileHelpers: Loading map 'Minimal_Default' took 0.236
[2017.09.25-17.47.09:681][  0]LogCollectionManager: Loaded 0 collections in 0.001241 seconds
[2017.09.25-17.47.09:741][  0]LogFileCache: Scanning file cache for directory 'C:/Users/Tech/Desktop/ConsoleDev/Lab3c/Saved/Collections/' took 0.01s
[2017.09.25-17.47.09:741][  0]LogFileCache: Scanning file cache for directory 'C:/Users/Tech/Desktop/ConsoleDev/Lab3c/Content/Developers/Tech/Collections/' took 0.01s
[2017.09.25-17.47.09:741][  0]LogFileCache: Scanning file cache for directory 'C:/Users/Tech/Desktop/ConsoleDev/Lab3c/Content/Collections/' took 0.01s
[2017.09.25-17.47.09:741][  0]LogCollectionManager: Rebuilt the GUID cache for 0 collections in 0.000001 seconds
[2017.09.25-17.47.09:750][  0]LogContentBrowser: Native class hierarchy populated in 0.0087 seconds. Added 2390 classes and 502 folders.
[2017.09.25-17.47.09:789][  0]LogContentBrowser: Native class hierarchy updated for 'WidgetCarousel' in 0.0012 seconds. Added 0 classes and 0 folders.
[2017.09.25-17.47.09:818][  0]LogContentBrowser: Native class hierarchy updated for 'AddContentDialog' in 0.0012 seconds. Added 0 classes and 0 folders.
[2017.09.25-17.47.09:847][  0]LogContentBrowser: Native class hierarchy updated for 'SceneOutliner' in 0.0012 seconds. Added 1 classes and 2 folders.
[2017.09.25-17.47.10:634][  0]LogSlate: Took 0.000510 seconds to synchronously load lazily loaded font '../../../Engine/Content/Slate/Fonts/Roboto-Regular.ttf' (155K)
[2017.09.25-17.47.10:636][  0]LogSlate: Took 0.000176 seconds to synchronously load lazily loaded font '../../../Engine/Content/Slate/Fonts/Roboto-Bold.ttf' (160K)
[2017.09.25-17.47.10:642][  0]LogSlate: Took 0.000130 seconds to synchronously load lazily loaded font '../../../Engine/Content/Editor/Slate/Fonts/FontAwesome.ttf' (139K)
[2017.09.25-17.47.10:642][  0]LogSlate: Took 0.000088 seconds to synchronously load lazily loaded font '../../../Engine/Content/Editor/Slate/Fonts/DroidSansMono.ttf' (77K)
[2017.09.25-17.47.10:749][  0]LogTemp: Executing iPhonePackager certificates Engine -bundlename com.YourCompany.Lab3c
[2017.09.25-17.47.10:749][  0]LogTemp: CWD: C:\Program Files\Epic Games\UE_4.17\Engine\Binaries\DotNET\IOS
[2017.09.25-17.47.10:750][  0]LogTemp: Initial Dir: C:\Program Files\Epic Games\UE_4.17
[2017.09.25-17.47.10:750][  0]LogTemp: Env CWD: C:\Program Files\Epic Games\UE_4.17\Engine\Binaries\DotNET\IOS
[2017.09.25-17.47.10:750][  0]LogTemp: BranchPath = C401IT37/C/Program Files/Epic Games/UE_4.17/Engine/Binaries --- GameBranchPath = C401IT37/C/Program Files/Epic Games/UE_4.17/Engine/Binaries
[2017.09.25-17.47.10:750][  0]LogTemp: IPP ERROR: Could not find provision directory 'C:\Users\Tech\AppData\Local/Apple Computer/MobileDevice/Provisioning Profiles/'.
[2017.09.25-17.47.10:750][  0]LogRenderer: Reallocating scene render targets to support 1208x576 Format 10 NumSamples 1 (Frame:1).
[2017.09.25-17.47.10:956][  0]LogContentBrowser: Native class hierarchy updated for 'HierarchicalLODOutliner' in 0.0014 seconds. Added 1 classes and 2 folders.
[2017.09.25-17.47.10:957][  0]LogLoad: (Engine Initialization) Total time: 13.19 seconds
[2017.09.25-17.47.10:957][  0]LogLoad: (Engine Initialization) Total Blueprint compile time: 0.00 seconds
[2017.09.25-17.47.10:957][  0]LogExternalProfiler: No external profilers were discovered.  External profiling features will not be available.
[2017.09.25-17.47.10:967][  0]LogWindowsTextInputMethodSystem: Display: IME system now deactivated.
[2017.09.25-17.47.10:988][  0]LogAssetRegistry: Asset discovery search completed in 8.7419 seconds
[2017.09.25-17.47.10:989][  0]LogCollectionManager: Rebuilt the object cache for 0 collections in 0.000001 seconds (found 0 objects)
[2017.09.25-17.47.10:989][  0]LogCollectionManager: Fixed up redirectors for 0 collections in 0.000119 seconds (updated 0 objects)
[2017.09.25-17.47.10:993][  0]LogContentStreaming: Texture pool size now 1000 MB
[2017.09.25-17.47.19:862][887]LogVSAccessor: Warning: Couldn't access Visual Studio
[2017.09.25-17.47.19:865][887]Candidate modules for hot reload:
[2017.09.25-17.47.19:865][887]  Lab3c
[2017.09.25-17.47.19:865][887]Launching UnrealBuildTool... [C:/Program Files/Epic Games/UE_4.17/Engine/Binaries/DotNET/UnrealBuildTool.exe Lab3c -ModuleWithSuffix Lab3c 3654 Win64 Development -editorrecompile -canskiplink "C:/Users/Tech/Desktop/ConsoleDev/Lab3c/Lab3c.uproject" ]
[2017.09.25-17.47.19:866][887]Warning: Starting HotReload took  0.0s.
[2017.09.25-17.47.23:593][235]CompilerResultsLog: New page: Compilation - Sep 25, 2017, 9:47:23 AM
[2017.09.25-17.47.23:593][235]CompilerResultsLog: Compiling game modules for hot reload
[2017.09.25-17.47.23:593][235]CompilerResultsLog: Target is up to date
[2017.09.25-17.47.23:593][235]CompilerResultsLog: Total build time: 3.55 seconds (NoActionsToExecute executor: 0.00 seconds)
[2017.09.25-17.47.23:593][235]LogMainFrame: MainFrame: Module compiling took 3.731 seconds
[2017.09.25-17.47.23:613][235]LogContentBrowser: Native class hierarchy populated in 0.0090 seconds. Added 2392 classes and 506 folders.
[2017.09.25-17.47.23:614][235]Display: HotReload took  3.8s.
[2017.09.25-17.47.29:398][811]LogTemp: Repeating last play command: Selected Viewport
[2017.09.25-17.47.29:428][811]LogBlueprintUserMessages: Early PlayInEditor Detection: Level '/Game/StarterContent/Maps/Minimal_Default.Minimal_Default:PersistentLevel' has LevelScriptBlueprint '/Game/StarterContent/Maps/Minimal_Default.Minimal_Default:PersistentLevel.Minimal_Default' with GeneratedClass '/Game/StarterContent/Maps/Minimal_Default.Minimal_Default_C' with ClassGeneratedBy '/Game/StarterContent/Maps/Minimal_Default.Minimal_Default:PersistentLevel.Minimal_Default'
[2017.09.25-17.47.29:428][811]LogPlayLevel: PlayLevel: No blueprints needed recompiling
[2017.09.25-17.47.29:428][811]PIE: New page: PIE session: Minimal_Default (Sep 25, 2017, 9:47:29 AM)
[2017.09.25-17.47.29:428][811]LogPlayLevel: Creating play world package: /Game/StarterContent/Maps/UEDPIE_0_Minimal_Default
[2017.09.25-17.47.29:435][811]LogPlayLevel: PIE: StaticDuplicateObject took: (0.007109s)
[2017.09.25-17.47.29:436][811]LogAIModule: Creating AISystem for world Minimal_Default
[2017.09.25-17.47.29:436][811]LogPlayLevel: PIE: World Init took: (0.000783s)
[2017.09.25-17.47.29:436][811]LogPlayLevel: PIE: Created PIE world by copying editor world from /Game/StarterContent/Maps/Minimal_Default.Minimal_Default to /Game/StarterContent/Maps/UEDPIE_0_Minimal_Default.Minimal_Default (0.008213s)
[2017.09.25-17.47.29:445][811]LogInit: XAudio2 using 'Speakers / Headphones (Realtek High Definition Audio)' : 2 channels at 48 kHz using 32 bits per sample (channel mask 0x3)
[2017.09.25-17.47.29:457][811]LogInit: FAudioDevice initialized.
[2017.09.25-17.47.29:496][811]LogLoad: Game class is 'Lab3cGameModeBase'
[2017.09.25-17.47.29:496][811]Set DefaultPawn to HeroCharacter_BP
[2017.09.25-17.47.29:498][811]LogWorld: Bringing World /Game/StarterContent/Maps/UEDPIE_0_Minimal_Default.Minimal_Default up for play (max tick rate 0) at 2017.09.25-13.47.29
[2017.09.25-17.47.29:498][811]LogWorld: Bringing up level for play took: 0.001183
[2017.09.25-17.47.29:531][811]LogContentBrowser: Native class hierarchy updated for 'MovieSceneCapture' in 0.0013 seconds. Added 11 classes and 0 folders.
[2017.09.25-17.47.29:532][811]$$$
[2017.09.25-17.47.29:532][811]$Ball$
[2017.09.25-17.47.29:534][811]PIE: Play in editor start time for /Game/StarterContent/Maps/UEDPIE_0_Minimal_Default 0.705
[2017.09.25-17.47.29:534][811]LogBlueprintUserMessages: Late PlayInEditor Detection: Level '/Game/StarterContent/Maps/Minimal_Default.Minimal_Default:PersistentLevel' has LevelScriptBlueprint '/Game/StarterContent/Maps/Minimal_Default.Minimal_Default:PersistentLevel.Minimal_Default' with GeneratedClass '/Game/StarterContent/Maps/Minimal_Default.Minimal_Default_C' with ClassGeneratedBy '/Game/StarterContent/Maps/Minimal_Default.Minimal_Default:PersistentLevel.Minimal_Default'
[2017.09.25-17.47.36:365][508]LogBlueprintUserMessages: Early EndPlayMap Detection: Level '/Game/StarterContent/Maps/Minimal_Default.Minimal_Default:PersistentLevel' has LevelScriptBlueprint '/Game/StarterContent/Maps/Minimal_Default.Minimal_Default:PersistentLevel.Minimal_Default' with GeneratedClass '/Game/StarterContent/Maps/Minimal_Default.Minimal_Default_C' with ClassGeneratedBy '/Game/StarterContent/Maps/Minimal_Default.Minimal_Default:PersistentLevel.Minimal_Default'
[2017.09.25-17.47.36:406][508]LogBlueprintUserMessages: Late EndPlayMap Detection: Level '/Game/StarterContent/Maps/Minimal_Default.Minimal_Default:PersistentLevel' has LevelScriptBlueprint '/Game/StarterContent/Maps/Minimal_Default.Minimal_Default:PersistentLevel.Minimal_Default' with GeneratedClass '/Game/StarterContent/Maps/Minimal_Default.Minimal_Default_C' with ClassGeneratedBy '/Game/StarterContent/Maps/Minimal_Default.Minimal_Default:PersistentLevel.Minimal_Default'
[2017.09.25-17.47.48:111][615]LogSlate: Took 0.000176 seconds to synchronously load lazily loaded font '../../../Engine/Content/Slate/Fonts/Roboto-Light.ttf' (159K)
[2017.09.25-17.47.51:916][962]LogSlate: Took 0.000137 seconds to synchronously load lazily loaded font '../../../Engine/Content/Slate/Fonts/Roboto-Light.ttf' (159K)
[2017.09.25-17.47.53:901][133]$$$
[2017.09.25-17.47.53:901][133]$Ball$
[2017.09.25-17.47.58:375][145]LogVSAccessor: Warning: Couldn't goto line number '0' in 'C:/Users/Tech/Desktop/ConsoleDev/Lab3c/Source/Lab3c/HeroCharacter.h'
[2017.09.25-17.47.58:433][145]LogVSAccessor: Warning: Couldn't goto line number '0' in 'C:/Users/Tech/Desktop/ConsoleDev/Lab3c/Source/Lab3c/HeroCharacter.cpp'
[2017.09.25-17.48.04:434][429]LogContentBrowser: Native class hierarchy updated for 'BlueprintGraph' in 0.0019 seconds. Added 113 classes and 0 folders.
[2017.09.25-17.48.05:076][429]LogSlate: Took 0.000152 seconds to synchronously load lazily loaded font '../../../Engine/Content/Slate/Fonts/Roboto-Regular.ttf' (155K)
[2017.09.25-17.48.05:112][429]$$$
[2017.09.25-17.48.05:112][429]$Ball$
[2017.09.25-17.48.07:202][516]$$$
[2017.09.25-17.48.07:202][516]$Ball$
[2017.09.25-17.48.07:207][516]LogSlate: Took 0.000207 seconds to synchronously load lazily loaded font '../../../Engine/Content/Editor/Slate/Fonts/Roboto-BoldCondensed.ttf' (158K)
[2017.09.25-17.48.13:126][956]LogRenderer: Reallocating scene render targets to support 1208x900 Format 10 NumSamples 1 (Frame:1).
[2017.09.25-17.48.24:684][547]Cmd: OBJ SAVEPACKAGE PACKAGE="/Game/Character/HeroCharacter_BP" FILE="../../../../../../Users/Tech/Desktop/ConsoleDev/Lab3c/Content/Character/HeroCharacter_BP.uasset" SILENT=true
[2017.09.25-17.48.24:722][547]LogSavePackage: Save=28.64ms
[2017.09.25-17.48.24:722][547]LogSavePackage: Moving '../../../../../../Users/Tech/Desktop/ConsoleDev/Lab3c/Saved/HeroCharacter_BP5C6709014812B1D01E78519089776BC9.tmp' to '../../../../../../Users/Tech/Desktop/ConsoleDev/Lab3c/Content/Character/HeroCharacter_BP.uasset'
[2017.09.25-17.48.24:726][547]LogSavePackage: Display: Finished SavePackage ../../../../../../Users/Tech/Desktop/ConsoleDev/Lab3c/Content/Character/HeroCharacter_BP.uasset
[2017.09.25-17.48.25:279][577]BlueprintLog: New page: Compile HeroCharacter_BP
[2017.09.25-17.48.25:281][577]$$$
[2017.09.25-17.48.25:281][577]$Ball$
[2017.09.25-17.48.25:283][577]$$$
[2017.09.25-17.48.25:283][577]$Ball$
[2017.09.25-17.48.25:295][577]$$$
[2017.09.25-17.48.25:295][577]$Ball$
[2017.09.25-17.48.25:296][577]$$$
[2017.09.25-17.48.25:296][577]$Ball$
[2017.09.25-17.48.25:502][577]$$$
[2017.09.25-17.48.25:502][577]$Ball$
[2017.09.25-17.48.32:619][ 87]LogTemp: Repeating last play command: Selected Viewport
[2017.09.25-17.48.32:646][ 87]LogBlueprintUserMessages: Early PlayInEditor Detection: Level '/Game/StarterContent/Maps/Minimal_Default.Minimal_Default:PersistentLevel' has LevelScriptBlueprint '/Game/StarterContent/Maps/Minimal_Default.Minimal_Default:PersistentLevel.Minimal_Default' with GeneratedClass '/Game/StarterContent/Maps/Minimal_Default.Minimal_Default_C' with ClassGeneratedBy '/Game/StarterContent/Maps/Minimal_Default.Minimal_Default:PersistentLevel.Minimal_Default'
[2017.09.25-17.48.32:647][ 87]LogPlayLevel: PlayLevel: No blueprints needed recompiling
[2017.09.25-17.48.32:647][ 87]PIE: New page: PIE session: Minimal_Default (Sep 25, 2017, 9:48:32 AM)
[2017.09.25-17.48.32:647][ 87]LogPlayLevel: Creating play world package: /Game/StarterContent/Maps/UEDPIE_0_Minimal_Default
[2017.09.25-17.48.32:655][ 87]LogPlayLevel: PIE: StaticDuplicateObject took: (0.007586s)
[2017.09.25-17.48.32:655][ 87]LogAIModule: Creating AISystem for world Minimal_Default
[2017.09.25-17.48.32:656][ 87]LogPlayLevel: PIE: World Init took: (0.000818s)
[2017.09.25-17.48.32:656][ 87]LogPlayLevel: PIE: Created PIE world by copying editor world from /Game/StarterContent/Maps/Minimal_Default.Minimal_Default to /Game/StarterContent/Maps/UEDPIE_0_Minimal_Default.Minimal_Default (0.008960s)
[2017.09.25-17.48.32:672][ 87]LogInit: XAudio2 using 'Speakers / Headphones (Realtek High Definition Audio)' : 2 channels at 48 kHz using 32 bits per sample (channel mask 0x3)
[2017.09.25-17.48.32:684][ 87]LogInit: FAudioDevice initialized.
[2017.09.25-17.48.32:713][ 87]LogLoad: Game class is 'Lab3cGameModeBase'
[2017.09.25-17.48.32:713][ 87]Set DefaultPawn to HeroCharacter_BP
[2017.09.25-17.48.32:715][ 87]LogWorld: Bringing World /Game/StarterContent/Maps/UEDPIE_0_Minimal_Default.Minimal_Default up for play (max tick rate 0) at 2017.09.25-13.48.32
[2017.09.25-17.48.32:716][ 87]LogWorld: Bringing up level for play took: 0.001563
[2017.09.25-17.48.32:716][ 87]$$$
[2017.09.25-17.48.32:716][ 87]$Ball$
[2017.09.25-17.48.32:718][ 87]PIE: Play in editor start time for /Game/StarterContent/Maps/UEDPIE_0_Minimal_Default -0.114
[2017.09.25-17.48.32:718][ 87]LogBlueprintUserMessages: Late PlayInEditor Detection: Level '/Game/StarterContent/Maps/Minimal_Default.Minimal_Default:PersistentLevel' has LevelScriptBlueprint '/Game/StarterContent/Maps/Minimal_Default.Minimal_Default:PersistentLevel.Minimal_Default' with GeneratedClass '/Game/StarterContent/Maps/Minimal_Default.Minimal_Default_C' with ClassGeneratedBy '/Game/StarterContent/Maps/Minimal_Default.Minimal_Default:PersistentLevel.Minimal_Default'
[2017.09.25-17.48.37:984][611]LogBlueprintUserMessages: Early EndPlayMap Detection: Level '/Game/StarterContent/Maps/Minimal_Default.Minimal_Default:PersistentLevel' has LevelScriptBlueprint '/Game/StarterContent/Maps/Minimal_Default.Minimal_Default:PersistentLevel.Minimal_Default' with GeneratedClass '/Game/StarterContent/Maps/Minimal_Default.Minimal_Default_C' with ClassGeneratedBy '/Game/StarterContent/Maps/Minimal_Default.Minimal_Default:PersistentLevel.Minimal_Default'
[2017.09.25-17.48.38:022][611]LogBlueprintUserMessages: Late EndPlayMap Detection: Level '/Game/StarterContent/Maps/Minimal_Default.Minimal_Default:PersistentLevel' has LevelScriptBlueprint '/Game/StarterContent/Maps/Minimal_Default.Minimal_Default:PersistentLevel.Minimal_Default' with GeneratedClass '/Game/StarterContent/Maps/Minimal_Default.Minimal_Default_C' with ClassGeneratedBy '/Game/StarterContent/Maps/Minimal_Default.Minimal_Default:PersistentLevel.Minimal_Default'
[2017.09.25-17.48.58:776][628]LogSlate: Took 0.000191 seconds to synchronously load lazily loaded font '../../../Engine/Content/Editor/Slate/Fonts/Roboto-Italic.ttf' (157K)
[2017.09.25-17.50.07:099][512]BlueprintLog: New page: Compile HeroCharacter_BP
[2017.09.25-17.50.07:100][512]$$$
[2017.09.25-17.50.07:100][512]$Ball$
[2017.09.25-17.50.07:102][512]$$$
[2017.09.25-17.50.07:102][512]$Ball$
[2017.09.25-17.50.07:118][512]$$$
[2017.09.25-17.50.07:118][512]$Ball$
[2017.09.25-17.50.07:120][512]$$$
[2017.09.25-17.50.07:120][512]$Ball$
[2017.09.25-17.50.07:320][512]$$$
[2017.09.25-17.50.07:320][512]$Ball$
[2017.09.25-17.50.10:578][899]Cmd: OBJ SAVEPACKAGE PACKAGE="/Game/Character/HeroCharacter_BP" FILE="../../../../../../Users/Tech/Desktop/ConsoleDev/Lab3c/Content/Character/HeroCharacter_BP.uasset" SILENT=true
[2017.09.25-17.50.10:611][899]LogSavePackage: Save=29.23ms
[2017.09.25-17.50.10:611][899]LogSavePackage: Moving '../../../../../../Users/Tech/Desktop/ConsoleDev/Lab3c/Saved/HeroCharacter_BP30353B8D4A99AF1128F75DA42D825B7D.tmp' to '../../../../../../Users/Tech/Desktop/ConsoleDev/Lab3c/Content/Character/HeroCharacter_BP.uasset'
[2017.09.25-17.50.10:620][899]LogSavePackage: Display: Finished SavePackage ../../../../../../Users/Tech/Desktop/ConsoleDev/Lab3c/Content/Character/HeroCharacter_BP.uasset
[2017.09.25-17.50.13:028][134]Candidate modules for hot reload:
[2017.09.25-17.50.13:028][134]  Lab3c
[2017.09.25-17.50.13:028][134]Launching UnrealBuildTool... [C:/Program Files/Epic Games/UE_4.17/Engine/Binaries/DotNET/UnrealBuildTool.exe Lab3c -ModuleWithSuffix Lab3c 2622 Win64 Development -editorrecompile -canskiplink "C:/Users/Tech/Desktop/ConsoleDev/Lab3c/Lab3c.uproject" ]
[2017.09.25-17.50.13:029][134]Warning: Starting HotReload took  0.0s.
[2017.09.25-17.50.16:749][452]CompilerResultsLog: New page: Compilation - Sep 25, 2017, 9:50:16 AM
[2017.09.25-17.50.16:750][452]CompilerResultsLog: Compiling game modules for hot reload
[2017.09.25-17.50.16:750][452]CompilerResultsLog: Target is up to date
[2017.09.25-17.50.16:750][452]CompilerResultsLog: Total build time: 3.54 seconds (NoActionsToExecute executor: 0.00 seconds)
[2017.09.25-17.50.16:750][452]LogMainFrame: MainFrame: Module compiling took 3.724 seconds
[2017.09.25-17.50.16:971][452]LogContentBrowser: Native class hierarchy populated in 0.0088 seconds. Added 2392 classes and 506 folders.
[2017.09.25-17.50.16:972][452]Display: HotReload took  4.0s.
[2017.09.25-17.50.17:607][508]LogTemp: Repeating last play command: Selected Viewport
[2017.09.25-17.50.17:625][508]LogBlueprintUserMessages: Early PlayInEditor Detection: Level '/Game/StarterContent/Maps/Minimal_Default.Minimal_Default:PersistentLevel' has LevelScriptBlueprint '/Game/StarterContent/Maps/Minimal_Default.Minimal_Default:PersistentLevel.Minimal_Default' with GeneratedClass '/Game/StarterContent/Maps/Minimal_Default.Minimal_Default_C' with ClassGeneratedBy '/Game/StarterContent/Maps/Minimal_Default.Minimal_Default:PersistentLevel.Minimal_Default'
[2017.09.25-17.50.17:626][508]LogPlayLevel: PlayLevel: No blueprints needed recompiling
[2017.09.25-17.50.17:626][508]PIE: New page: PIE session: Minimal_Default (Sep 25, 2017, 9:50:17 AM)
[2017.09.25-17.50.17:626][508]LogPlayLevel: Creating play world package: /Game/StarterContent/Maps/UEDPIE_0_Minimal_Default
[2017.09.25-17.50.17:634][508]LogPlayLevel: PIE: StaticDuplicateObject took: (0.007588s)
[2017.09.25-17.50.17:634][508]LogAIModule: Creating AISystem for world Minimal_Default
[2017.09.25-17.50.17:635][508]LogPlayLevel: PIE: World Init took: (0.000841s)
[2017.09.25-17.50.17:635][508]LogPlayLevel: PIE: Created PIE world by copying editor world from /Game/StarterContent/Maps/Minimal_Default.Minimal_Default to /Game/StarterContent/Maps/UEDPIE_0_Minimal_Default.Minimal_Default (0.009008s)
[2017.09.25-17.50.17:681][508]LogInit: XAudio2 using 'Speakers / Headphones (Realtek High Definition Audio)' : 2 channels at 48 kHz using 32 bits per sample (channel mask 0x3)
[2017.09.25-17.50.17:694][508]LogInit: FAudioDevice initialized.
[2017.09.25-17.50.17:724][508]LogLoad: Game class is 'Lab3cGameModeBase'
[2017.09.25-17.50.17:724][508]Set DefaultPawn to HeroCharacter_BP
[2017.09.25-17.50.17:725][508]LogWorld: Bringing World /Game/StarterContent/Maps/UEDPIE_0_Minimal_Default.Minimal_Default up for play (max tick rate 0) at 2017.09.25-13.50.17
[2017.09.25-17.50.17:726][508]LogWorld: Bringing up level for play took: 0.001244
[2017.09.25-17.50.17:726][508]$$$
[2017.09.25-17.50.17:726][508]$Ball$
[2017.09.25-17.50.17:727][508]PIE: Play in editor start time for /Game/StarterContent/Maps/UEDPIE_0_Minimal_Default 0.891
[2017.09.25-17.50.17:728][508]LogBlueprintUserMessages: Late PlayInEditor Detection: Level '/Game/StarterContent/Maps/Minimal_Default.Minimal_Default:PersistentLevel' has LevelScriptBlueprint '/Game/StarterContent/Maps/Minimal_Default.Minimal_Default:PersistentLevel.Minimal_Default' with GeneratedClass '/Game/StarterContent/Maps/Minimal_Default.Minimal_Default_C' with ClassGeneratedBy '/Game/StarterContent/Maps/Minimal_Default.Minimal_Default:PersistentLevel.Minimal_Default'
[2017.09.25-17.50.25:536][283]LogBlueprintUserMessages: Early EndPlayMap Detection: Level '/Game/StarterContent/Maps/Minimal_Default.Minimal_Default:PersistentLevel' has LevelScriptBlueprint '/Game/StarterContent/Maps/Minimal_Default.Minimal_Default:PersistentLevel.Minimal_Default' with GeneratedClass '/Game/StarterContent/Maps/Minimal_Default.Minimal_Default_C' with ClassGeneratedBy '/Game/StarterContent/Maps/Minimal_Default.Minimal_Default:PersistentLevel.Minimal_Default'
[2017.09.25-17.50.25:572][283]LogBlueprintUserMessages: Late EndPlayMap Detection: Level '/Game/StarterContent/Maps/Minimal_Default.Minimal_Default:PersistentLevel' has LevelScriptBlueprint '/Game/StarterContent/Maps/Minimal_Default.Minimal_Default:PersistentLevel.Minimal_Default' with GeneratedClass '/Game/StarterContent/Maps/Minimal_Default.Minimal_Default_C' with ClassGeneratedBy '/Game/StarterContent/Maps/Minimal_Default.Minimal_Default:PersistentLevel.Minimal_Default'
[2017.09.25-17.52.00:956][338]BlueprintLog: New page: Compile HeroCharacter_BP
[2017.09.25-17.52.00:957][338]$$$
[2017.09.25-17.52.00:957][338]$Ball$
[2017.09.25-17.52.00:958][338]$$$
[2017.09.25-17.52.00:958][338]$Ball$
[2017.09.25-17.52.00:976][338]$$$
[2017.09.25-17.52.00:976][338]$Ball$
[2017.09.25-17.52.00:978][338]$$$
[2017.09.25-17.52.00:978][338]$Ball$
[2017.09.25-17.52.01:237][338]$$$
[2017.09.25-17.52.01:237][338]$Ball$
[2017.09.25-17.52.01:643][383]Cmd: OBJ SAVEPACKAGE PACKAGE="/Game/Character/HeroCharacter_BP" FILE="../../../../../../Users/Tech/Desktop/ConsoleDev/Lab3c/Content/Character/HeroCharacter_BP.uasset" SILENT=true
[2017.09.25-17.52.01:676][383]LogSavePackage: Save=30.17ms
[2017.09.25-17.52.01:676][383]LogSavePackage: Moving '../../../../../../Users/Tech/Desktop/ConsoleDev/Lab3c/Saved/HeroCharacter_BP42010FCD4647BAC0742499B517721F98.tmp' to '../../../../../../Users/Tech/Desktop/ConsoleDev/Lab3c/Content/Character/HeroCharacter_BP.uasset'
[2017.09.25-17.52.01:684][383]LogSavePackage: Display: Finished SavePackage ../../../../../../Users/Tech/Desktop/ConsoleDev/Lab3c/Content/Character/HeroCharacter_BP.uasset
[2017.09.25-17.52.04:040][623]Candidate modules for hot reload:
[2017.09.25-17.52.04:040][623]  Lab3c
[2017.09.25-17.52.04:040][623]Launching UnrealBuildTool... [C:/Program Files/Epic Games/UE_4.17/Engine/Binaries/DotNET/UnrealBuildTool.exe Lab3c -ModuleWithSuffix Lab3c 5015 Win64 Development -editorrecompile -canskiplink "C:/Users/Tech/Desktop/ConsoleDev/Lab3c/Lab3c.uproject" ]
[2017.09.25-17.52.04:042][623]Warning: Starting HotReload took  0.0s.
[2017.09.25-17.52.07:770][941]CompilerResultsLog: New page: Compilation - Sep 25, 2017, 9:52:07 AM
[2017.09.25-17.52.07:770][941]CompilerResultsLog: Compiling game modules for hot reload
[2017.09.25-17.52.07:770][941]CompilerResultsLog: Target is up to date
[2017.09.25-17.52.07:770][941]CompilerResultsLog: Total build time: 3.54 seconds (NoActionsToExecute executor: 0.00 seconds)
[2017.09.25-17.52.07:770][941]LogMainFrame: MainFrame: Module compiling took 3.738 seconds
[2017.09.25-17.52.07:985][941]LogContentBrowser: Native class hierarchy populated in 0.0085 seconds. Added 2392 classes and 506 folders.
[2017.09.25-17.52.07:985][941]Display: HotReload took  4.0s.
[2017.09.25-17.52.08:680][  2]LogTemp: Repeating last play command: Selected Viewport
[2017.09.25-17.52.08:700][  2]LogBlueprintUserMessages: Early PlayInEditor Detection: Level '/Game/StarterContent/Maps/Minimal_Default.Minimal_Default:PersistentLevel' has LevelScriptBlueprint '/Game/StarterContent/Maps/Minimal_Default.Minimal_Default:PersistentLevel.Minimal_Default' with GeneratedClass '/Game/StarterContent/Maps/Minimal_Default.Minimal_Default_C' with ClassGeneratedBy '/Game/StarterContent/Maps/Minimal_Default.Minimal_Default:PersistentLevel.Minimal_Default'
[2017.09.25-17.52.08:701][  2]LogPlayLevel: PlayLevel: No blueprints needed recompiling
[2017.09.25-17.52.08:701][  2]PIE: New page: PIE session: Minimal_Default (Sep 25, 2017, 9:52:08 AM)
[2017.09.25-17.52.08:702][  2]LogPlayLevel: Creating play world package: /Game/StarterContent/Maps/UEDPIE_0_Minimal_Default
[2017.09.25-17.52.08:709][  2]LogPlayLevel: PIE: StaticDuplicateObject took: (0.007053s)
[2017.09.25-17.52.08:710][  2]LogAIModule: Creating AISystem for world Minimal_Default
[2017.09.25-17.52.08:710][  2]LogPlayLevel: PIE: World Init took: (0.001114s)
[2017.09.25-17.52.08:711][  2]LogPlayLevel: PIE: Created PIE world by copying editor world from /Game/StarterContent/Maps/Minimal_Default.Minimal_Default to /Game/StarterContent/Maps/UEDPIE_0_Minimal_Default.Minimal_Default (0.008951s)
[2017.09.25-17.52.08:762][  2]LogInit: XAudio2 using 'Speakers / Headphones (Realtek High Definition Audio)' : 2 channels at 48 kHz using 32 bits per sample (channel mask 0x3)
[2017.09.25-17.52.08:774][  2]LogInit: FAudioDevice initialized.
[2017.09.25-17.52.08:803][  2]LogLoad: Game class is 'Lab3cGameModeBase'
[2017.09.25-17.52.08:803][  2]Set DefaultPawn to HeroCharacter_BP
[2017.09.25-17.52.08:804][  2]LogWorld: Bringing World /Game/StarterContent/Maps/UEDPIE_0_Minimal_Default.Minimal_Default up for play (max tick rate 0) at 2017.09.25-13.52.08
[2017.09.25-17.52.08:805][  2]LogWorld: Bringing up level for play took: 0.001334
[2017.09.25-17.52.08:805][  2]$$$
[2017.09.25-17.52.08:805][  2]$Ball$
[2017.09.25-17.52.08:806][  2]PIE: Play in editor start time for /Game/StarterContent/Maps/UEDPIE_0_Minimal_Default -0.035
[2017.09.25-17.52.08:807][  2]LogBlueprintUserMessages: Late PlayInEditor Detection: Level '/Game/StarterContent/Maps/Minimal_Default.Minimal_Default:PersistentLevel' has LevelScriptBlueprint '/Game/StarterContent/Maps/Minimal_Default.Minimal_Default:PersistentLevel.Minimal_Default' with GeneratedClass '/Game/StarterContent/Maps/Minimal_Default.Minimal_Default_C' with ClassGeneratedBy '/Game/StarterContent/Maps/Minimal_Default.Minimal_Default:PersistentLevel.Minimal_Default'
[2017.09.25-17.52.12:782][394]LogBlueprintUserMessages: Early EndPlayMap Detection: Level '/Game/StarterContent/Maps/Minimal_Default.Minimal_Default:PersistentLevel' has LevelScriptBlueprint '/Game/StarterContent/Maps/Minimal_Default.Minimal_Default:PersistentLevel.Minimal_Default' with GeneratedClass '/Game/StarterContent/Maps/Minimal_Default.Minimal_Default_C' with ClassGeneratedBy '/Game/StarterContent/Maps/Minimal_Default.Minimal_Default:PersistentLevel.Minimal_Default'
[2017.09.25-17.52.12:821][394]LogBlueprintUserMessages: Late EndPlayMap Detection: Level '/Game/StarterContent/Maps/Minimal_Default.Minimal_Default:PersistentLevel' has LevelScriptBlueprint '/Game/StarterContent/Maps/Minimal_Default.Minimal_Default:PersistentLevel.Minimal_Default' with GeneratedClass '/Game/StarterContent/Maps/Minimal_Default.Minimal_Default_C' with ClassGeneratedBy '/Game/StarterContent/Maps/Minimal_Default.Minimal_Default:PersistentLevel.Minimal_Default'
[2017.09.25-17.52.35:265][861]BlueprintLog: New page: Compile HeroCharacter_BP
[2017.09.25-17.52.35:266][861]$$$
[2017.09.25-17.52.35:266][861]$Ball$
[2017.09.25-17.52.35:268][861]$$$
[2017.09.25-17.52.35:268][861]$Ball$
[2017.09.25-17.52.35:289][861]$$$
[2017.09.25-17.52.35:289][861]$Ball$
[2017.09.25-17.52.35:291][861]$$$
[2017.09.25-17.52.35:291][861]$Ball$
[2017.09.25-17.52.35:544][861]$$$
[2017.09.25-17.52.35:544][861]$Ball$
[2017.09.25-17.52.36:067][920]Cmd: OBJ SAVEPACKAGE PACKAGE="/Game/Character/HeroCharacter_BP" FILE="../../../../../../Users/Tech/Desktop/ConsoleDev/Lab3c/Content/Character/HeroCharacter_BP.uasset" SILENT=true
[2017.09.25-17.52.36:096][920]LogSavePackage: Save=26.88ms
[2017.09.25-17.52.36:096][920]LogSavePackage: Moving '../../../../../../Users/Tech/Desktop/ConsoleDev/Lab3c/Saved/HeroCharacter_BPDAFE20F24754AFBB4C73FBA5075ECD3F.tmp' to '../../../../../../Users/Tech/Desktop/ConsoleDev/Lab3c/Content/Character/HeroCharacter_BP.uasset'
[2017.09.25-17.52.36:099][920]LogSavePackage: Display: Finished SavePackage ../../../../../../Users/Tech/Desktop/ConsoleDev/Lab3c/Content/Character/HeroCharacter_BP.uasset
[2017.09.25-17.53.14:077][249]LogTemp: Repeating last play command: Selected Viewport
[2017.09.25-17.53.14:095][249]LogBlueprintUserMessages: Early PlayInEditor Detection: Level '/Game/StarterContent/Maps/Minimal_Default.Minimal_Default:PersistentLevel' has LevelScriptBlueprint '/Game/StarterContent/Maps/Minimal_Default.Minimal_Default:PersistentLevel.Minimal_Default' with GeneratedClass '/Game/StarterContent/Maps/Minimal_Default.Minimal_Default_C' with ClassGeneratedBy '/Game/StarterContent/Maps/Minimal_Default.Minimal_Default:PersistentLevel.Minimal_Default'
[2017.09.25-17.53.14:095][249]LogPlayLevel: PlayLevel: No blueprints needed recompiling
[2017.09.25-17.53.14:095][249]PIE: New page: PIE session: Minimal_Default (Sep 25, 2017, 9:53:14 AM)
[2017.09.25-17.53.14:096][249]LogPlayLevel: Creating play world package: /Game/StarterContent/Maps/UEDPIE_0_Minimal_Default
[2017.09.25-17.53.14:102][249]LogPlayLevel: PIE: StaticDuplicateObject took: (0.006514s)
[2017.09.25-17.53.14:103][249]LogAIModule: Creating AISystem for world Minimal_Default
[2017.09.25-17.53.14:103][249]LogPlayLevel: PIE: World Init took: (0.000968s)
[2017.09.25-17.53.14:104][249]LogPlayLevel: PIE: Created PIE world by copying editor world from /Game/StarterContent/Maps/Minimal_Default.Minimal_Default to /Game/StarterContent/Maps/UEDPIE_0_Minimal_Default.Minimal_Default (0.008121s)
[2017.09.25-17.53.14:123][249]LogInit: XAudio2 using 'Speakers / Headphones (Realtek High Definition Audio)' : 2 channels at 48 kHz using 32 bits per sample (channel mask 0x3)
[2017.09.25-17.53.14:135][249]LogInit: FAudioDevice initialized.
[2017.09.25-17.53.14:165][249]LogLoad: Game class is 'Lab3cGameModeBase'
[2017.09.25-17.53.14:166][249]Set DefaultPawn to HeroCharacter_BP
[2017.09.25-17.53.14:167][249]LogWorld: Bringing World /Game/StarterContent/Maps/UEDPIE_0_Minimal_Default.Minimal_Default up for play (max tick rate 0) at 2017.09.25-13.53.14
[2017.09.25-17.53.14:168][249]LogWorld: Bringing up level for play took: 0.001393
[2017.09.25-17.53.14:168][249]$$$
[2017.09.25-17.53.14:168][249]$Ball$
[2017.09.25-17.53.14:169][249]PIE: Play in editor start time for /Game/StarterContent/Maps/UEDPIE_0_Minimal_Default -0.674
[2017.09.25-17.53.14:170][249]LogBlueprintUserMessages: Late PlayInEditor Detection: Level '/Game/StarterContent/Maps/Minimal_Default.Minimal_Default:PersistentLevel' has LevelScriptBlueprint '/Game/StarterContent/Maps/Minimal_Default.Minimal_Default:PersistentLevel.Minimal_Default' with GeneratedClass '/Game/StarterContent/Maps/Minimal_Default.Minimal_Default_C' with ClassGeneratedBy '/Game/StarterContent/Maps/Minimal_Default.Minimal_Default:PersistentLevel.Minimal_Default'
[2017.09.25-17.53.28:695][712]LogBlueprintUserMessages: Early EndPlayMap Detection: Level '/Game/StarterContent/Maps/Minimal_Default.Minimal_Default:PersistentLevel' has LevelScriptBlueprint '/Game/StarterContent/Maps/Minimal_Default.Minimal_Default:PersistentLevel.Minimal_Default' with GeneratedClass '/Game/StarterContent/Maps/Minimal_Default.Minimal_Default_C' with ClassGeneratedBy '/Game/StarterContent/Maps/Minimal_Default.Minimal_Default:PersistentLevel.Minimal_Default'
[2017.09.25-17.53.28:733][712]LogBlueprintUserMessages: Late EndPlayMap Detection: Level '/Game/StarterContent/Maps/Minimal_Default.Minimal_Default:PersistentLevel' has LevelScriptBlueprint '/Game/StarterContent/Maps/Minimal_Default.Minimal_Default:PersistentLevel.Minimal_Default' with GeneratedClass '/Game/StarterContent/Maps/Minimal_Default.Minimal_Default_C' with ClassGeneratedBy '/Game/StarterContent/Maps/Minimal_Default.Minimal_Default:PersistentLevel.Minimal_Default'
[2017.09.25-17.54.03:431][154]LogWindowsTextInputMethodSystem: Display: IME system now deactivated.
[2017.09.25-17.54.03:615][155]Cmd: QUIT_EDITOR
[2017.09.25-17.54.04:198][155]LogExit: Preparing to exit.
[2017.09.25-17.54.05:324][155]LogDirectoryWatcher: A directory notification for 'C:/Users/Tech/Desktop/ConsoleDev/Lab3c/Content/' was aborted.
[2017.09.25-17.54.05:371][155]LogExit: Editor shut down
[2017.09.25-17.54.05:374][155]LogExit: Transaction tracking system shut down
[2017.09.25-17.54.05:519][155]LogDirectoryWatcher: A directory notification for '../../../Engine/Content/' was aborted.
[2017.09.25-17.54.05:519][155]LogDirectoryWatcher: A directory notification for '../../../../../../Users/Tech/Desktop/ConsoleDev/Lab3c/Content/' was aborted.
[2017.09.25-17.54.05:519][155]LogDirectoryWatcher: A directory notification for '../../../Engine/Plugins/2D/Paper2D/Content/' was aborted.
[2017.09.25-17.54.05:519][155]LogDirectoryWatcher: A directory notification for '../../../Engine/Plugins/Runtime/Oculus/OculusVR/Content/' was aborted.
[2017.09.25-17.54.05:519][155]LogDirectoryWatcher: A directory notification for '../../../Engine/Plugins/Runtime/Steam/SteamVR/Content/' was aborted.
[2017.09.25-17.54.05:599][155]LogExit: Object subsystem successfully closed.
[2017.09.25-17.54.05:614][155]LogD3D11RHI: Shutdown
[2017.09.25-17.54.05:614][155]LogD3D11RHI: CleanupD3DDevice
[2017.09.25-17.54.05:677][155]LogD3D11RHI: ~FD3D11DynamicRHI
[2017.09.25-17.54.05:684][155]LogModuleManager: Shutting down and abandoning module BlueprintGraph (540)
[2017.09.25-17.54.05:684][155]LogModuleManager: Shutting down and abandoning module BlueprintProfiler (538)
[2017.09.25-17.54.05:684][155]LogModuleManager: Shutting down and abandoning module MovieSceneCapture (536)
[2017.09.25-17.54.05:684][155]LogModuleManager: Shutting down and abandoning module HierarchicalLODOutliner (534)
[2017.09.25-17.54.05:684][155]LogModuleManager: Shutting down and abandoning module ExternalImagePicker (532)
[2017.09.25-17.54.05:684][155]LogModuleManager: Shutting down and abandoning module SceneOutliner (530)
[2017.09.25-17.54.05:684][155]LogModuleManager: Shutting down and abandoning module AddContentDialog (528)
[2017.09.25-17.54.05:684][155]LogDirectoryWatcher: A directory notification for 'C:/Program Files/Epic Games/UE_4.17/FeaturePacks/' was aborted.
[2017.09.25-17.54.05:685][155]LogModuleManager: Shutting down and abandoning module WidgetCarousel (527)
[2017.09.25-17.54.05:685][155]LogModuleManager: Shutting down and abandoning module EditorWidgets (524)
[2017.09.25-17.54.05:685][155]LogModuleManager: Shutting down and abandoning module CollectionManager (522)
[2017.09.25-17.54.05:685][155]LogDirectoryWatcher: A directory notification for 'C:/Users/Tech/Desktop/ConsoleDev/Lab3c/Content/Collections/' was aborted.
[2017.09.25-17.54.05:685][155]LogDirectoryWatcher: A directory notification for 'C:/Users/Tech/Desktop/ConsoleDev/Lab3c/Content/Developers/Tech/Collections/' was aborted.
[2017.09.25-17.54.05:685][155]LogDirectoryWatcher: A directory notification for 'C:/Users/Tech/Desktop/ConsoleDev/Lab3c/Saved/Collections/' was aborted.
[2017.09.25-17.54.05:685][155]LogModuleManager: Shutting down and abandoning module StatsViewer (520)
[2017.09.25-17.54.05:685][155]LogModuleManager: Shutting down and abandoning module FoliageEdit (518)
[2017.09.25-17.54.05:685][155]LogModuleManager: Shutting down and abandoning module LandscapeEditor (516)
[2017.09.25-17.54.05:686][155]LogModuleManager: Shutting down and abandoning module MeshPaintMode (514)
[2017.09.25-17.54.05:686][155]LogModuleManager: Shutting down and abandoning module SceneDepthPickerMode (512)
[2017.09.25-17.54.05:686][155]LogModuleManager: Shutting down and abandoning module ActorPickerMode (510)
[2017.09.25-17.54.05:686][155]LogModuleManager: Shutting down and abandoning module GeometryMode (508)
[2017.09.25-17.54.05:686][155]LogModuleManager: Shutting down and abandoning module TextureAlignMode (506)
[2017.09.25-17.54.05:686][155]LogModuleManager: Shutting down and abandoning module BspMode (504)
[2017.09.25-17.54.05:686][155]LogModuleManager: Shutting down and abandoning module PIEPreviewDeviceProfileSelector (502)
[2017.09.25-17.54.05:686][155]LogModuleManager: Shutting down and abandoning module HardwareSurvey (500)
[2017.09.25-17.54.05:686][155]LogModuleManager: Shutting down and abandoning module SequenceRecorderSections (498)
[2017.09.25-17.54.05:686][155]LogModuleManager: Shutting down and abandoning module AutomationWorker (496)
[2017.09.25-17.54.05:686][155]LogModuleManager: Shutting down and abandoning module MatineeToLevelSequence (494)
[2017.09.25-17.54.05:686][155]LogModuleManager: Shutting down and abandoning module LevelSequenceEditor (492)
[2017.09.25-17.54.05:686][155]LogModuleManager: Shutting down and abandoning module PlacementMode (491)
[2017.09.25-17.54.05:686][155]LogModuleManager: Shutting down and abandoning module WmfMediaFactory (488)
[2017.09.25-17.54.05:686][155]LogModuleManager: Shutting down and abandoning module WmfMediaEditor (486)
[2017.09.25-17.54.05:686][155]LogModuleManager: Shutting down and abandoning module AvfMediaFactory (484)
[2017.09.25-17.54.05:686][155]LogModuleManager: Shutting down and abandoning module AvfMediaEditor (482)
[2017.09.25-17.54.05:686][155]LogModuleManager: Shutting down and abandoning module AndroidMediaFactory (480)
[2017.09.25-17.54.05:686][155]LogModuleManager: Shutting down and abandoning module Media (479)
[2017.09.25-17.54.05:686][155]LogModuleManager: Shutting down and abandoning module AndroidMediaEditor (476)
[2017.09.25-17.54.05:686][155]LogModuleManager: Shutting down and abandoning module CharacterAI (474)
[2017.09.25-17.54.05:686][155]LogModuleManager: Shutting down and abandoning module AudioCapture (472)
[2017.09.25-17.54.05:686][155]LogModuleManager: Shutting down and abandoning module SequenceRecorder (471)
[2017.09.25-17.54.05:686][155]LogModuleManager: Shutting down and abandoning module SmartSnapping (468)
[2017.09.25-17.54.05:686][155]LogModuleManager: Shutting down and abandoning module SessionServices (466)
[2017.09.25-17.54.05:686][155]LogModuleManager: Shutting down and abandoning module ViewportSnapping (464)
[2017.09.25-17.54.05:686][155]LogModuleManager: Shutting down and abandoning module ViewportInteraction (462)
[2017.09.25-17.54.05:686][155]LogModuleManager: Shutting down and abandoning module ClothPainter (460)
[2017.09.25-17.54.05:686][155]LogModuleManager: Shutting down and abandoning module LogVisualizer (458)
[2017.09.25-17.54.05:686][155]LogModuleManager: Shutting down and abandoning module IntroTutorials (456)
[2017.09.25-17.54.05:686][155]LogModuleManager: Shutting down and abandoning module GameProjectGeneration (455)
[2017.09.25-17.54.05:686][155]LogModuleManager: Shutting down and abandoning module IOSPlatformEditor (452)
[2017.09.25-17.54.05:686][155]LogModuleManager: Shutting down and abandoning module HTML5PlatformEditor (450)
[2017.09.25-17.54.05:686][155]LogModuleManager: Shutting down and abandoning module AndroidPlatformEditor (448)
[2017.09.25-17.54.05:686][155]LogModuleManager: Shutting down and abandoning module AndroidDeviceDetection (447)
[2017.09.25-17.54.06:450][155]LogModuleManager: Shutting down and abandoning module WindowsPlatformEditor (444)
[2017.09.25-17.54.06:450][155]LogModuleManager: Shutting down and abandoning module IOSRuntimeSettings (442)
[2017.09.25-17.54.06:450][155]LogModuleManager: Shutting down and abandoning module AndroidRuntimeSettings (440)
[2017.09.25-17.54.06:450][155]LogModuleManager: Shutting down and abandoning module InputBindingEditor (438)
[2017.09.25-17.54.06:450][155]LogModuleManager: Shutting down and abandoning module MergeActors (436)
[2017.09.25-17.54.06:450][155]LogModuleManager: Shutting down and abandoning module SizeMap (434)
[2017.09.25-17.54.06:450][155]LogModuleManager: Shutting down and abandoning module TreeMap (432)
[2017.09.25-17.54.06:450][155]LogModuleManager: Shutting down and abandoning module ReferenceViewer (430)
[2017.09.25-17.54.06:450][155]LogModuleManager: Shutting down and abandoning module LocalizationDashboard (428)
[2017.09.25-17.54.06:451][155]LogModuleManager: Shutting down and abandoning module LocalizationService (427)
[2017.09.25-17.54.06:451][155]LogModuleManager: Shutting down and abandoning module HardwareTargeting (424)
[2017.09.25-17.54.06:451][155]LogModuleManager: Shutting down and abandoning module DeviceProfileEditor (422)
[2017.09.25-17.54.06:451][155]LogModuleManager: Shutting down and abandoning module UndoHistory (420)
[2017.09.25-17.54.06:451][155]LogModuleManager: Shutting down and abandoning module XmlParser (418)
[2017.09.25-17.54.06:451][155]LogModuleManager: Shutting down and abandoning module Blutility (416)
[2017.09.25-17.54.06:451][155]LogModuleManager: Shutting down and abandoning module ProjectSettingsViewer (414)
[2017.09.25-17.54.06:451][155]LogModuleManager: Shutting down and abandoning module ProjectTargetPlatformEditor (413)
[2017.09.25-17.54.06:452][155]LogModuleManager: Shutting down and abandoning module EditorSettingsViewer (410)
[2017.09.25-17.54.06:452][155]LogModuleManager: Shutting down and abandoning module SettingsEditor (408)
[2017.09.25-17.54.06:452][155]LogModuleManager: Shutting down and abandoning module ProjectLauncher (406)
[2017.09.25-17.54.06:452][155]LogModuleManager: Shutting down and abandoning module SessionFrontend (404)
[2017.09.25-17.54.06:452][155]LogModuleManager: Shutting down and abandoning module ProfilerClient (402)
[2017.09.25-17.54.06:452][155]LogModuleManager: Shutting down and abandoning module DeviceManager (400)
[2017.09.25-17.54.06:452][155]LogModuleManager: Shutting down and abandoning module TargetDeviceServices (399)
[2017.09.25-17.54.06:515][155]LogModuleManager: Shutting down and abandoning module AutomationController (396)
[2017.09.25-17.54.06:515][155]LogModuleManager: Shutting down and abandoning module AutomationWindow (394)
[2017.09.25-17.54.06:515][155]LogModuleManager: Shutting down and abandoning module Layers (392)
[2017.09.25-17.54.06:515][155]LogModuleManager: Shutting down and abandoning module ComponentVisualizers (390)
[2017.09.25-17.54.06:515][155]LogModuleManager: Shutting down and abandoning module DetailCustomizations (388)
[2017.09.25-17.54.06:515][155]LogModuleManager: Shutting down and abandoning module PackagesDialog (386)
[2017.09.25-17.54.06:516][155]LogModuleManager: Shutting down and abandoning module Persona (384)
[2017.09.25-17.54.06:516][155]LogModuleManager: Shutting down and abandoning module AdvancedPreviewScene (383)
[2017.09.25-17.54.06:516][155]LogModuleManager: Shutting down and abandoning module AnimGraph (381)
[2017.09.25-17.54.06:516][155]LogModuleManager: Shutting down and abandoning module Kismet (378)
[2017.09.25-17.54.06:551][155]LogModuleManager: Shutting down and abandoning module ClassViewer (376)
[2017.09.25-17.54.06:551][155]LogModuleManager: Shutting down and abandoning module Toolbox (374)
[2017.09.25-17.54.06:551][155]LogModuleManager: Shutting down and abandoning module ModuleUI (372)
[2017.09.25-17.54.06:551][155]LogModuleManager: Shutting down and abandoning module MovieSceneTools (370)
[2017.09.25-17.54.06:552][155]LogModuleManager: Shutting down and abandoning module OutputLog (368)
[2017.09.25-17.54.06:552][155]LogModuleManager: Shutting down and abandoning module GammaUI (366)
[2017.09.25-17.54.06:552][155]LogModuleManager: Shutting down and abandoning module Documentation (364)
[2017.09.25-17.54.06:552][155]LogModuleManager: Shutting down and abandoning module MovieSceneTracks (362)
[2017.09.25-17.54.06:552][155]LogModuleManager: Shutting down and abandoning module MovieScene (360)
[2017.09.25-17.54.06:552][155]LogModuleManager: Shutting down and abandoning module Niagara (358)
[2017.09.25-17.54.06:552][155]LogModuleManager: Shutting down and abandoning module NiagaraEditor (357)
[2017.09.25-17.54.06:552][155]LogModuleManager: Shutting down and abandoning module StreamingPauseRendering (354)
[2017.09.25-17.54.06:552][155]LogModuleManager: Shutting down and abandoning module LauncherPlatform (352)
[2017.09.25-17.54.06:552][155]LogModuleManager: Shutting down and abandoning module AnalyticsET (350)
[2017.09.25-17.54.06:552][155]LogModuleManager: Shutting down and abandoning module PortalServices (348)
[2017.09.25-17.54.06:552][155]LogModuleManager: Shutting down and abandoning module PortalRpc (346)
[2017.09.25-17.54.06:552][155]LogModuleManager: Shutting down and abandoning module MessagingRpc (344)
[2017.09.25-17.54.06:552][155]LogModuleManager: Shutting down and abandoning module AIModule (342)
[2017.09.25-17.54.06:552][155]LogModuleManager: Shutting down and abandoning module GameplayDebugger (341)
[2017.09.25-17.54.06:552][155]LogModuleManager: Shutting down and abandoning module AITestSuite (339)
[2017.09.25-17.54.06:552][155]LogModuleManager: Shutting down and abandoning module ProfilerService (336)
[2017.09.25-17.54.06:786][155]LogModuleManager: Shutting down and abandoning module TaskGraph (334)
[2017.09.25-17.54.06:786][155]LogModuleManager: Shutting down and abandoning module SteamVRController (332)
[2017.09.25-17.54.06:786][155]LogModuleManager: Shutting down and abandoning module ProceduralMeshComponentEditor (330)
[2017.09.25-17.54.06:786][155]LogModuleManager: Shutting down and abandoning module ProceduralMeshComponent (328)
[2017.09.25-17.54.06:787][155]LogModuleManager: Shutting down and abandoning module OculusInput (326)
[2017.09.25-17.54.06:787][155]LogModuleManager: Shutting down and abandoning module MobilePatchingUtils (324)
[2017.09.25-17.54.06:787][155]LogModuleManager: Shutting down and abandoning module CustomMeshComponent (322)
[2017.09.25-17.54.06:787][155]LogModuleManager: Shutting down and abandoning module CableComponent (320)
[2017.09.25-17.54.06:787][155]LogModuleManager: Shutting down and abandoning module ArchVisCharacter (318)
[2017.09.25-17.54.06:787][155]LogModuleManager: Shutting down and abandoning module AndroidPermission (316)
[2017.09.25-17.54.06:787][155]LogModuleManager: Shutting down and abandoning module MediaPlayerEditor (312)
[2017.09.25-17.54.06:787][155]LogModuleManager: Shutting down and abandoning module HTML5Networking (310)
[2017.09.25-17.54.06:787][155]LogModuleManager: Shutting down and abandoning module AlembicImporter (308)
[2017.09.25-17.54.06:787][155]LogModuleManager: Shutting down and abandoning module AlembicLibrary (307)
[2017.09.25-17.54.06:787][155]LogModuleManager: Shutting down and abandoning module GeometryCache (306)
[2017.09.25-17.54.06:787][155]LogModuleManager: Shutting down and abandoning module GeometryCacheEd (305)
[2017.09.25-17.54.06:787][155]LogModuleManager: Shutting down and abandoning module SpeedTreeImporter (300)
[2017.09.25-17.54.06:787][155]LogModuleManager: Shutting down and abandoning module PluginBrowser (298)
[2017.09.25-17.54.06:788][155]LogModuleManager: Shutting down and abandoning module MobileLauncherProfileWizard (296)
[2017.09.25-17.54.06:788][155]LogModuleManager: Shutting down and abandoning module VisualStudioSourceCodeAccess (294)
[2017.09.25-17.54.06:788][155]LogModuleManager: Shutting down and abandoning module DesktopPlatform (293)
[2017.09.25-17.54.06:788][155]LogModuleManager: Shutting down and abandoning module UObjectPlugin (290)
[2017.09.25-17.54.06:788][155]LogModuleManager: Shutting down and abandoning module SubversionSourceControl (288)
[2017.09.25-17.54.06:788][155]LogModuleManager: Shutting down and abandoning module PerforceSourceControl (286)
[2017.09.25-17.54.06:788][155]LogModuleManager: Shutting down and abandoning module GitSourceControl (284)
[2017.09.25-17.54.06:788][155]LogModuleManager: Shutting down and abandoning module SourceControl (283)
[2017.09.25-17.54.06:788][155]LogModuleManager: Shutting down and abandoning module LightPropagationVolumeEditor (280)
[2017.09.25-17.54.06:789][155]LogModuleManager: Shutting down and abandoning module PaperTiledImporter (278)
[2017.09.25-17.54.06:789][155]LogModuleManager: Shutting down and abandoning module PaperSpriteSheetImporter (276)
[2017.09.25-17.54.06:789][155]LogModuleManager: Shutting down and abandoning module Paper2DEditor (274)
[2017.09.25-17.54.06:789][155]LogModuleManager: Shutting down and abandoning module MeshPaint (273)
[2017.09.25-17.54.06:789][155]LogModuleManager: Shutting down and abandoning module LevelEditor (271)
[2017.09.25-17.54.06:791][155]LogModuleManager: Shutting down and abandoning module PixelInspectorModule (270)
[2017.09.25-17.54.06:791][155]LogModuleManager: Shutting down and abandoning module MainFrame (268)
[2017.09.25-17.54.06:791][155]LogModuleManager: Shutting down and abandoning module HotReload (267)
[2017.09.25-17.54.06:792][155]LogDirectoryWatcher: A directory notification for 'C:/Users/Tech/Desktop/ConsoleDev/Lab3c/Binaries/Win64' was aborted.
[2017.09.25-17.54.06:793][155]LogModuleManager: Shutting down and abandoning module Lab3c (262)
[2017.09.25-17.54.06:793][155]LogModuleManager: Shutting down and abandoning module RuntimePhysXCooking (260)
[2017.09.25-17.54.06:793][155]LogModuleManager: Shutting down and abandoning module PhysXVehiclesEditor (258)
[2017.09.25-17.54.06:793][155]LogModuleManager: Shutting down and abandoning module PhysXVehicles (256)
[2017.09.25-17.54.06:793][155]LogModuleManager: Shutting down and abandoning module OculusEditor (254)
[2017.09.25-17.54.06:793][155]LogModuleManager: Shutting down and abandoning module LocationServicesBPLibrary (252)
[2017.09.25-17.54.06:793][155]LogModuleManager: Shutting down and abandoning module ImmediatePhysicsEditor (250)
[2017.09.25-17.54.06:793][155]LogModuleManager: Shutting down and abandoning module ImmediatePhysics (248)
[2017.09.25-17.54.06:793][155]LogModuleManager: Shutting down and abandoning module UdpMessaging (246)
[2017.09.25-17.54.06:894][155]LogModuleManager: Shutting down and abandoning module TcpMessaging (244)
[2017.09.25-17.54.06:995][155]LogModuleManager: Shutting down and abandoning module GameplayTagsEditor (242)
[2017.09.25-17.54.06:995][155]LogModuleManager: Shutting down and abandoning module FacialAnimationEditor (240)
[2017.09.25-17.54.06:995][155]LogModuleManager: Shutting down and abandoning module FacialAnimation (238)
[2017.09.25-17.54.06:995][155]LogModuleManager: Shutting down and abandoning module AssetManagerEditor (236)
[2017.09.25-17.54.06:995][155]LogModuleManager: Shutting down and abandoning module GraphEditor (235)
[2017.09.25-17.54.06:995][155]LogModuleManager: Shutting down and abandoning module ContentBrowser (233)
[2017.09.25-17.54.06:999][155]LogModuleManager: Shutting down and abandoning module LightPropagationVolumeRuntime (230)
[2017.09.25-17.54.06:999][155]LogModuleManager: Shutting down and abandoning module Paper2D (228)
[2017.09.25-17.54.06:999][155]LogModuleManager: Shutting down and abandoning module WindowsMoviePlayer (226)
[2017.09.25-17.54.06:999][155]LogModuleManager: Shutting down and abandoning module WmfMedia (224)
[2017.09.25-17.54.06:999][155]LogModuleManager: Shutting down and abandoning module PacketHandler (222)
[2017.09.25-17.54.06:999][155]LogModuleManager: Shutting down and abandoning module ClothingSystemEditor (220)
[2017.09.25-17.54.06:999][155]LogModuleManager: Shutting down and abandoning module ClothingSystemRuntime (218)
[2017.09.25-17.54.06:999][155]LogModuleManager: Shutting down and abandoning module Overlay (216)
[2017.09.25-17.54.06:999][155]LogModuleManager: Shutting down and abandoning module OverlayEditor (215)
[2017.09.25-17.54.06:999][155]LogModuleManager: Shutting down and abandoning module MediaAssets (212)
[2017.09.25-17.54.07:000][155]LogModuleManager: Shutting down and abandoning module VREditor (210)
[2017.09.25-17.54.07:000][155]LogModuleManager: Shutting down and abandoning module StringTableEditor (208)
[2017.09.25-17.54.07:000][155]LogModuleManager: Shutting down and abandoning module GameplayTasksEditor (206)
[2017.09.25-17.54.07:000][155]LogModuleManager: Shutting down and abandoning module BehaviorTreeEditor (204)
[2017.09.25-17.54.07:000][155]LogModuleManager: Shutting down and abandoning module FunctionalTesting (202)
[2017.09.25-17.54.07:000][155]LogModuleManager: Shutting down and abandoning module CollisionAnalyzer (200)
[2017.09.25-17.54.07:000][155]LogModuleManager: Shutting down and abandoning module WorkspaceMenuStructure (199)
[2017.09.25-17.54.07:000][155]LogModuleManager: Shutting down and abandoning module UMG (196)
[2017.09.25-17.54.07:000][155]LogModuleManager: Shutting down and abandoning module UMGEditor (195)
[2017.09.25-17.54.07:000][155]LogModuleManager: Shutting down and abandoning module Sequencer (194)
[2017.09.25-17.54.07:001][155]LogModuleManager: Shutting down and abandoning module MessageLog (191)
[2017.09.25-17.54.07:001][155]LogModuleManager: Shutting down and abandoning module SlateReflector (186)
[2017.09.25-17.54.07:001][155]LogModuleManager: Shutting down and abandoning module Slate (184)
[2017.09.25-17.54.07:001][155]LogModuleManager: Shutting down and abandoning module EditorStyle (182)
[2017.09.25-17.54.07:008][155]LogModuleManager: Shutting down and abandoning module MRMesh (180)
[2017.09.25-17.54.07:008][155]LogModuleManager: Shutting down and abandoning module SourceCodeAccess (178)
[2017.09.25-17.54.07:008][155]LogModuleManager: Shutting down and abandoning module HeadMountedDisplay (176)
[2017.09.25-17.54.07:008][155]LogModuleManager: Shutting down and abandoning module XAudio2 (174)
[2017.09.25-17.54.07:008][155]LogModuleManager: Shutting down and abandoning module Networking (172)
[2017.09.25-17.54.07:008][155]LogModuleManager: Shutting down and abandoning module Core (168)
[2017.09.25-17.54.07:008][155]LogModuleManager: Shutting down and abandoning module KismetCompiler (164)
[2017.09.25-17.54.07:008][155]LogModuleManager: Shutting down and abandoning module LevelSequence (162)
[2017.09.25-17.54.07:008][155]LogModuleManager: Shutting down and abandoning module MeshUtilities (160)
[2017.09.25-17.54.07:008][155]LogModuleManager: Shutting down and abandoning module MeshMergeUtilities (159)
[2017.09.25-17.54.07:008][155]LogModuleManager: Shutting down and abandoning module MeshReductionInterface (158)
[2017.09.25-17.54.07:008][155]LogModuleManager: Shutting down and abandoning module SimplygonSwarm (157)
[2017.09.25-17.54.07:009][155]LogModuleManager: Shutting down and abandoning module SimplygonMeshReduction (155)
[2017.09.25-17.54.07:009][155]LogModuleManager: Shutting down and abandoning module QuadricMeshReduction (153)
[2017.09.25-17.54.07:009][155]LogModuleManager: Shutting down and abandoning module MaterialBaking (149)
[2017.09.25-17.54.07:009][155]LogModuleManager: Shutting down and abandoning module DirectoryWatcher (146)
[2017.09.25-17.54.07:011][155]LogModuleManager: Shutting down and abandoning module DerivedDataCache (144)
[2017.09.25-17.54.07:063][155]LogDerivedDataCache: Shutdown
[2017.09.25-17.54.07:063][155]LogModuleManager: Shutting down and abandoning module TargetPlatform (142)
[2017.09.25-17.54.07:063][155]LogModuleManager: Shutting down and abandoning module VulkanShaderFormat (141)
[2017.09.25-17.54.07:063][155]LogModuleManager: Shutting down and abandoning module ShaderFormatVectorVM (139)
[2017.09.25-17.54.07:063][155]LogModuleManager: Shutting down and abandoning module ShaderFormatOpenGL (137)
[2017.09.25-17.54.07:063][155]LogModuleManager: Shutting down and abandoning module ShaderFormatD3D (135)
[2017.09.25-17.54.07:063][155]LogModuleManager: Shutting down and abandoning module MetalShaderFormat (133)
[2017.09.25-17.54.07:063][155]LogModuleManager: Shutting down and abandoning module TextureFormatUncompressed (131)
[2017.09.25-17.54.07:064][155]LogModuleManager: Shutting down and abandoning module TextureFormatPVR (129)
[2017.09.25-17.54.07:064][155]LogModuleManager: Shutting down and abandoning module TextureFormatDXT (127)
[2017.09.25-17.54.07:064][155]LogModuleManager: Shutting down and abandoning module TextureFormatIntelISPCTexComp (125)
[2017.09.25-17.54.07:064][155]LogModuleManager: Shutting down and abandoning module TextureFormatASTC (123)
[2017.09.25-17.54.07:064][155]LogModuleManager: Shutting down and abandoning module ImageWrapper (122)
[2017.09.25-17.54.07:064][155]LogModuleManager: Shutting down and abandoning module TextureFormatAndroid (119)
[2017.09.25-17.54.07:064][155]LogModuleManager: Shutting down and abandoning module AudioFormatOpus (117)
[2017.09.25-17.54.07:064][155]LogModuleManager: Shutting down and abandoning module AudioFormatOgg (115)
[2017.09.25-17.54.07:064][155]LogModuleManager: Shutting down and abandoning module AudioFormatADPCM (113)
[2017.09.25-17.54.07:064][155]LogModuleManager: Shutting down and abandoning module LinuxTargetPlatform (111)
[2017.09.25-17.54.07:064][155]LogModuleManager: Shutting down and abandoning module LinuxServerTargetPlatform (109)
[2017.09.25-17.54.07:064][155]LogModuleManager: Shutting down and abandoning module LinuxNoEditorTargetPlatform (107)
[2017.09.25-17.54.07:064][155]LogModuleManager: Shutting down and abandoning module LinuxClientTargetPlatform (105)
[2017.09.25-17.54.07:064][155]LogModuleManager: Shutting down and abandoning module TVOSTargetPlatform (103)
[2017.09.25-17.54.07:064][155]LogModuleManager: Shutting down and abandoning module Messaging (101)
[2017.09.25-17.54.07:065][155]LogModuleManager: Shutting down and abandoning module IOSTargetPlatform (99)
[2017.09.25-17.54.07:065][155]LogModuleManager: Shutting down and abandoning module HTML5TargetPlatform (97)
[2017.09.25-17.54.07:065][155]LogModuleManager: Shutting down and abandoning module Android_PVRTCTargetPlatform (95)
[2017.09.25-17.54.07:065][155]LogModuleManager: Shutting down and abandoning module Android_MultiTargetPlatform (93)
[2017.09.25-17.54.07:065][155]LogModuleManager: Shutting down and abandoning module Android_ETC2TargetPlatform (91)
[2017.09.25-17.54.07:065][155]LogModuleManager: Shutting down and abandoning module Android_ETC1TargetPlatform (89)
[2017.09.25-17.54.07:065][155]LogModuleManager: Shutting down and abandoning module Android_DXTTargetPlatform (87)
[2017.09.25-17.54.07:065][155]LogModuleManager: Shutting down and abandoning module Android_ATCTargetPlatform (85)
[2017.09.25-17.54.07:065][155]LogModuleManager: Shutting down and abandoning module Android_ASTCTargetPlatform (83)
[2017.09.25-17.54.07:065][155]LogModuleManager: Shutting down and abandoning module AndroidTargetPlatform (81)
[2017.09.25-17.54.07:065][155]LogModuleManager: Shutting down and abandoning module WindowsTargetPlatform (79)
[2017.09.25-17.54.07:065][155]LogModuleManager: Shutting down and abandoning module WindowsServerTargetPlatform (77)
[2017.09.25-17.54.07:065][155]LogModuleManager: Shutting down and abandoning module WindowsNoEditorTargetPlatform (75)
[2017.09.25-17.54.07:065][155]LogModuleManager: Shutting down and abandoning module WindowsClientTargetPlatform (73)
[2017.09.25-17.54.07:065][155]LogModuleManager: Shutting down and abandoning module MacTargetPlatform (71)
[2017.09.25-17.54.07:065][155]LogModuleManager: Shutting down and abandoning module MacServerTargetPlatform (69)
[2017.09.25-17.54.07:065][155]LogModuleManager: Shutting down and abandoning module MacNoEditorTargetPlatform (67)
[2017.09.25-17.54.07:065][155]LogModuleManager: Shutting down and abandoning module MacClientTargetPlatform (65)
[2017.09.25-17.54.07:066][155]LogModuleManager: Shutting down and abandoning module AllDesktopTargetPlatform (63)
[2017.09.25-17.54.07:066][155]LogModuleManager: Shutting down and abandoning module InputCore (60)
[2017.09.25-17.54.07:066][155]LogModuleManager: Shutting down and abandoning module Settings (58)
[2017.09.25-17.54.07:066][155]LogModuleManager: Shutting down and abandoning module PhysXCooking (56)
[2017.09.25-17.54.07:066][155]LogModuleManager: Shutting down and abandoning module SteamVR (54)
[2017.09.25-17.54.07:066][155]LogModuleManager: Shutting down and abandoning module OculusHMD (52)
[2017.09.25-17.54.07:066][155]LogModuleManager: Shutting down and abandoning module ExampleDeviceProfileSelector (50)
[2017.09.25-17.54.07:066][155]LogModuleManager: Shutting down and abandoning module OnlineBlueprintSupport (48)
[2017.09.25-17.54.07:066][155]LogModuleManager: Shutting down and abandoning module OnlineSubsystem (44)
[2017.09.25-17.54.07:066][155]LogOnline: Display: Unloading online subsystem: NULL
[2017.09.25-17.54.07:066][155]LogModuleManager: Shutting down and abandoning module XMPP (43)
[2017.09.25-17.54.07:066][155]LogModuleManager: Shutting down and abandoning module HTTP (41)
[2017.09.25-17.54.07:066][155]LogHttp: Display: Http module shutting down, but needs to wait on 1 outstanding Http requests:
[2017.09.25-17.54.07:067][155]LogHttp: Display: 	verb=[POST] url=[https://datarouter.ol.epicgames.com/datarouter/api/v1/public/data?SessionID=%7B66EDB27B-42A5-B421-0E7D-D19E5BC0992B%7D&AppID=UEEditor.Rocket.Release&AppVersion=4.17.1-3586342%2B%2B%2BUE4%2BRelease-4.17&UserID=67f8338d4278f6de273e848b7769e2fd%7C%7Ca05ecd0c-c04f-4b75-96df-d970c7838e11&AppEnvironment=datacollector-binary&UploadType=eteventstream] status=Processing
[2017.09.25-17.54.07:097][155]LogModuleManager: Shutting down and abandoning module SSL (40)
[2017.09.25-17.54.07:101][155]LogModuleManager: Shutting down and abandoning module AnimationModifiers (36)
[2017.09.25-17.54.07:102][155]LogModuleManager: Shutting down and abandoning module PropertyEditor (35)
[2017.09.25-17.54.07:102][155]LogModuleManager: Shutting down and abandoning module AudioEditor (32)
[2017.09.25-17.54.07:102][155]LogModuleManager: Shutting down and abandoning module TextureCompressor (30)
[2017.09.25-17.54.07:102][155]LogModuleManager: Shutting down and abandoning module ShaderCore (28)
[2017.09.25-17.54.07:102][155]LogModuleManager: Shutting down and abandoning module Landscape (26)
[2017.09.25-17.54.07:102][155]LogModuleManager: Shutting down and abandoning module SlateRHIRenderer (24)
[2017.09.25-17.54.07:105][155]LogModuleManager: Shutting down and abandoning module OpenGLDrv (22)
[2017.09.25-17.54.07:105][155]LogModuleManager: Shutting down and abandoning module D3D11RHI (20)
[2017.09.25-17.54.07:105][155]LogModuleManager: Shutting down and abandoning module AnimGraphRuntime (18)
[2017.09.25-17.54.07:105][155]LogModuleManager: Shutting down and abandoning module Renderer (16)
[2017.09.25-17.54.07:105][155]LogModuleManager: Shutting down and abandoning module Engine (14)
[2017.09.25-17.54.07:106][155]LogModuleManager: Shutting down and abandoning module CoreUObject (12)
[2017.09.25-17.54.07:106][155]LogModuleManager: Shutting down and abandoning module NetworkFile (10)
[2017.09.25-17.54.07:106][155]LogModuleManager: Shutting down and abandoning module CookedIterativeFile (8)
[2017.09.25-17.54.07:106][155]LogModuleManager: Shutting down and abandoning module StreamingFile (6)
[2017.09.25-17.54.07:106][155]LogModuleManager: Shutting down and abandoning module SandboxFile (4)
[2017.09.25-17.54.07:106][155]LogModuleManager: Shutting down and abandoning module PakFile (2)
[2017.09.25-17.54.07:115][155]LogExit: Exiting.
[2017.09.25-17.54.07:156][155]Log file closed, 09/25/17 13:54:07
