Log file open, 10/02/17 12:50:41
LogWindows: Failed to load 'aqProf.dll' (GetLastError=126)
LogWindows: File 'aqProf.dll' does not exist
LogWindows: Failed to load 'VSPerf140.dll' (GetLastError=126)
LogWindows: File 'VSPerf140.dll' does not exist
LogWindows: Failed to load 'VtuneApi.dll' (GetLastError=126)
LogWindows: File 'VtuneApi.dll' does not exist
LogWindows: Failed to load 'VtuneApi32e.dll' (GetLastError=126)
LogWindows: File 'VtuneApi32e.dll' does not exist
LogInit: Display: Running engine for game: Lab3c
LogPlatformFile: Not using cached read wrapper
LogInit: Display: RandInit(-1900573933) SRandInit(-1900573933).
LogTaskGraph: Started task graph with 5 named threads and 14 total threads with 3 sets of task threads.
LogStats: Stats thread started at 0.180245
LogD3D11RHI: Aftermath initialized
LogPluginManager: Mounting plugin Paper2D
LogPluginManager: Mounting plugin LightPropagationVolume
LogPluginManager: Mounting plugin CodeLiteSourceCodeAccess
LogPluginManager: Mounting plugin GitSourceControl
LogPluginManager: Mounting plugin KDevelopSourceCodeAccess
LogPluginManager: Mounting plugin NullSourceCodeAccess
LogPluginManager: Mounting plugin PerforceSourceControl
LogPluginManager: Mounting plugin SubversionSourceControl
LogPluginManager: Mounting plugin UObjectPlugin
LogPluginManager: Mounting plugin VisualStudioSourceCodeAccess
LogPluginManager: Mounting plugin XCodeSourceCodeAccess
LogPluginManager: Mounting plugin AssetManagerEditor
LogPluginManager: Mounting plugin AudioCapture
LogPluginManager: Mounting plugin FacialAnimation
LogPluginManager: Mounting plugin GameplayTagsEditor
LogPluginManager: Mounting plugin MobileLauncherProfileWizard
LogPluginManager: Mounting plugin PluginBrowser
LogPluginManager: Mounting plugin SpeedTreeImporter
LogPluginManager: Mounting plugin AlembicImporter
LogPluginManager: Mounting plugin CharacterAI
LogPluginManager: Mounting plugin HTML5Networking
LogPluginManager: Mounting plugin AndroidMedia
LogPluginManager: Mounting plugin AvfMedia
LogPluginManager: Mounting plugin MediaPlayerEditor
LogPluginManager: Mounting plugin WmfMedia
LogPluginManager: Mounting plugin TcpMessaging
LogPluginManager: Mounting plugin UdpMessaging
LogPluginManager: Mounting plugin LevelSequenceEditor
LogPluginManager: Mounting plugin MatineeToLevelSequence
LogPluginManager: Mounting plugin OnlineSubsystemGooglePlay
LogPluginManager: Mounting plugin OnlineSubsystemIOS
LogPluginManager: Mounting plugin OnlineSubsystem
LogPluginManager: Mounting plugin OnlineSubsystemNull
LogPluginManager: Mounting plugin OnlineSubsystemUtils
LogPluginManager: Mounting plugin AndroidDeviceProfileSelector
LogPluginManager: Mounting plugin AndroidMoviePlayer
LogPluginManager: Mounting plugin AndroidPermission
LogPluginManager: Mounting plugin AppleMoviePlayer
LogPluginManager: Mounting plugin ArchVisCharacter
LogPluginManager: Mounting plugin CableComponent
LogPluginManager: Mounting plugin CustomMeshComponent
LogPluginManager: Mounting plugin ExampleDeviceProfileSelector
LogPluginManager: Mounting plugin GoogleCloudMessaging
LogPluginManager: Mounting plugin ImmediatePhysics
LogPluginManager: Mounting plugin IOSDeviceProfileSelector
LogPluginManager: Mounting plugin LinuxDeviceProfileSelector
LogPluginManager: Mounting plugin LocationServicesBPLibrary
LogPluginManager: Mounting plugin MobilePatchingUtils
LogPluginManager: Mounting plugin OculusVR
LogPluginManager: Mounting plugin PhysXVehicles
LogPluginManager: Mounting plugin ProceduralMeshComponent
LogPluginManager: Mounting plugin RuntimePhysXCooking
LogPluginManager: Mounting plugin SteamVR
LogPluginManager: Mounting plugin WindowsMoviePlayer
LogInit: Warning: Incompatible or missing module: UE4Editor-Lab3c.dll
Running C:/Program Files/Epic Games/UE_4.17/Engine/Binaries/DotNET/UnrealBuildTool.exe Lab3c Development Win64 -project="C:/Users/John/Documents/GitRepos/ConsoleDev/Lab3c/Lab3c.uproject" -editorrecompile -progress -NoHotReloadFromIDE
Performing full C++ include scan (building a new target)
Creating makefile for Lab3c (no existing makefile)
@progress push 5%
Parsing headers for Lab3cEditor
  Running UnrealHeaderTool "C:\Users\John\Documents\GitRepos\ConsoleDev\Lab3c\Lab3c.uproject" "C:\Users\John\Documents\GitRepos\ConsoleDev\Lab3c\Intermediate\Build\Win64\Lab3cEditor\Development\Lab3cEditor.uhtmanifest" -LogCmds="loginit warning, logexit warning, logdatabase error" -Unattended -WarningsAsErrors -installed
Reflection code generated for Lab3cEditor in 10.9830161 seconds
@progress pop
Performing 15 actions (4 in parallel)
[2/15] Resource ModuleVersionResource.rc.inl
[3/15] Resource PCLaunch.rc
SharedPCH.Engine.cpp
Lab3c.cpp
Lab3cGameModeBase.cpp
MyPlayerController.cpp
HeroCharacter.cpp
UE4LabPlayerController.cpp
C:\Users\John\Documents\GitRepos\ConsoleDev\Lab3c\Source\Lab3c\UE4LabPlayerController.cpp: warning C4828: The file contains a character starting at offset 0x376 that is illegal in the current source character set (codepage 65001).
C:\Users\John\Documents\GitRepos\ConsoleDev\Lab3c\Source\Lab3c\UE4LabPlayerController.cpp: warning C4828: The file contains a character starting at offset 0x397 that is illegal in the current source character set (codepage 65001).
HeroCharacter.gen.cpp
Lab3c.init.gen.cpp
Lab3cGameModeBase.gen.cpp
MyPlayerController.gen.cpp
UE4LabPlayerController.gen.cpp
[14/15] Link UE4Editor-Lab3c.dll
[15/15] Link UE4Editor-Lab3c.lib
   Creating library C:\Users\John\Documents\GitRepos\ConsoleDev\Lab3c\Intermediate\Build\Win64\UE4Editor\Development\UE4Editor-Lab3c.lib and object C:\Users\John\Documents\GitRepos\ConsoleDev\Lab3c\Intermediate\Build\Win64\UE4Editor\Development\UE4Editor-Lab3c.exp
   Creating library C:\Users\John\Documents\GitRepos\ConsoleDev\Lab3c\Intermediate\Build\Win64\UE4Editor\Development\UE4Editor-Lab3c.suppressed.lib and object C:\Users\John\Documents\GitRepos\ConsoleDev\Lab3c\Intermediate\Build\Win64\UE4Editor\Development\UE4Editor-Lab3c.suppressed.exp
Failed to write dependency cache: Access to the path 'C:\Users\Tech\Desktop\ConsoleDev\Lab3c\Intermediate\Build\Win64\Lab3cEditor' is denied.
Failed to write FlatCPPIncludeDependencyCache: Access to the path 'C:\Users\Tech\Desktop\ConsoleDev\Lab3c\Intermediate\Build\Win64\Lab3cEditor' is denied.
Total build time: 85.40 seconds (Local executor: 35.98 seconds)
LogInit: Using libcurl 7.47.1
LogInit:  - built for x86_64-pc-win32
LogInit:  - supports SSL with OpenSSL/1.0.2g
LogInit:  - supports HTTP deflate (compression) using libz 1.2.8
LogInit:  - other features:
LogInit:      CURL_VERSION_SSL
LogInit:      CURL_VERSION_LIBZ
LogInit:      CURL_VERSION_IPV6
LogInit:      CURL_VERSION_ASYNCHDNS
LogInit:      CURL_VERSION_LARGEFILE
LogInit:      CURL_VERSION_IDN
LogInit:  CurlRequestOptions (configurable via config and command line):
LogInit:  - bVerifyPeer = false  - Libcurl will NOT verify peer certificate
LogInit:  - bUseHttpProxy = false  - Libcurl will NOT use HTTP proxy
LogInit:  - bDontReuseConnections = false  - Libcurl will reuse connections
LogInit:  - CertBundlePath = nullptr  - Libcurl will use whatever was configured at build time.
LogInit: Build: ++UE4+Release-4.17-CL-3658906
LogInit: Engine Version: 4.17.2-3658906+++UE4+Release-4.17
LogInit: Compatible Engine Version: 4.17.0-3573198+++UE4+Release-4.17
LogInit: Net CL: 3573198
LogDevObjectVersion: Number of dev versions registered: 16
LogDevObjectVersion:   Dev-Blueprints (B0D832E4-1F89-4F0D-ACCF-7EB736FD4AA2): 10
LogDevObjectVersion:   Dev-Build (E1C64328-A22C-4D53-A36C-8E866417BD8C): 0
LogDevObjectVersion:   Dev-Core (375EC13C-06E4-48FB-B500-84F0262A717E): 2
LogDevObjectVersion:   Dev-Editor (E4B068ED-F494-42E9-A231-DA0B2E46BB41): 20
LogDevObjectVersion:   Dev-Framework (CFFC743F-43B0-4480-9391-14DF171D2073): 28
LogDevObjectVersion:   Dev-Mobile (B02B49B5-BB20-44E9-A304-32B752E40360): 0
LogDevObjectVersion:   Dev-Networking (A4E4105C-59A1-49B5-A7C5-40C4547EDFEE): 0
LogDevObjectVersion:   Dev-Online (39C831C9-5AE6-47DC-9A44-9C173E1C8E7C): 0
LogDevObjectVersion:   Dev-Physics (78F01B33-EBEA-4F98-B9B4-84EACCB95AA2): 0
LogDevObjectVersion:   Dev-Platform (6631380F-2D4D-43E0-8009-CF276956A95A): 0
LogDevObjectVersion:   Dev-Rendering (12F88B9F-8875-4AFC-A67C-D90C383ABD29): 19
LogDevObjectVersion:   Dev-Sequencer (7B5AE74C-D270-4C10-A958-57980B212A5A): 4
LogDevObjectVersion:   Dev-VR (D7296918-1DD6-4BDD-9DE2-64A83CC13884): 0
LogDevObjectVersion:   Dev-LoadTimes (C2A15278-BFE7-4AFE-6C17-90FF531DF755): 1
LogDevObjectVersion:   Private-Geometry (6EACA3D4-40EC-4CC1-B786-8BED09428FC5): 1
LogDevObjectVersion:   Dev-AnimPhys (29E575DD-E0A3-4627-9D10-D276232CDCEA): 7
LogInit: Compiled (64-bit): Sep 22 2017 13:47:16
LogInit: Compiled with Visual C++: 19.00.24215.01
LogInit: Build Configuration: Development
LogInit: Branch Name: ++UE4+Release-4.17
LogInit: Command line: -EpicPortal 
LogInit: Base directory: C:/Program Files/Epic Games/UE_4.17/Engine/Binaries/Win64/
LogInit: Installed Engine Build: 1
LogInit: Presizing for max 8388607 objects, including 0 objects not considered by GC, pre-allocating 0 bytes for permanent pool.
LogInit: Object subsystem initialized
[2017.10.02-16.52.14:029][  0]LogInit: Selected Device Profile: [Windows]
[2017.10.02-16.52.14:029][  0]LogInit: Applying CVar settings loaded from the selected device profile: [Windows]
[2017.10.02-16.52.14:041][  0]LogInit: Computer: TERMINAL3
[2017.10.02-16.52.14:041][  0]LogInit: User: John
[2017.10.02-16.52.14:041][  0]LogInit: CPU Page size=4096, Cores=4
[2017.10.02-16.52.14:041][  0]LogInit: High frequency timer resolution =2.437499 MHz
[2017.10.02-16.52.14:041][  0]LogMemory: Memory total: Physical=7.9GB (8GB approx)
[2017.10.02-16.52.14:041][  0]LogMemory: Platform Memory Stats for Windows
[2017.10.02-16.52.14:041][  0]LogMemory: Process Physical Memory: 281.89 MB used, 281.89 MB peak
[2017.10.02-16.52.14:041][  0]LogMemory: Process Virtual Memory: 275.96 MB used, 275.96 MB peak
[2017.10.02-16.52.14:041][  0]LogMemory: Physical Memory: 4712.00 MB used,  3346.45 MB free, 8058.46 MB total
[2017.10.02-16.52.14:041][  0]LogMemory: Virtual Memory: 717.07 MB used,  3346.45 MB free, 134217728.00 MB total
[2017.10.02-16.52.14:233][  0]LogInit: Using OS detected language (en-US).
[2017.10.02-16.52.14:233][  0]LogInit: Using OS detected locale (en-CA).
[2017.10.02-16.52.14:236][  0]LogTextLocalizationManager: No specific localization for 'en-US' exists, so the 'en' localization will be used.
[2017.10.02-16.52.15:008][  0]LogD3D11RHI: D3D11 adapters:
[2017.10.02-16.52.15:067][  0]LogD3D11RHI:    0. 'NVIDIA GeForce GTX 1050' (Feature Level 11_0)
[2017.10.02-16.52.15:067][  0]LogD3D11RHI:       4014/0/4029 MB DedicatedVideo/DedicatedSystem/SharedSystem, Outputs:1, VendorId:0x10de
[2017.10.02-16.52.15:075][  0]LogD3D11RHI:    1. 'Intel(R) HD Graphics 630' (Feature Level 11_0)
[2017.10.02-16.52.15:075][  0]LogD3D11RHI:       128/0/4029 MB DedicatedVideo/DedicatedSystem/SharedSystem, Outputs:0, VendorId:0x8086
[2017.10.02-16.52.15:077][  0]LogD3D11RHI:    2. 'Microsoft Basic Render Driver' (Feature Level 11_0)
[2017.10.02-16.52.15:077][  0]LogD3D11RHI:       0/0/4029 MB DedicatedVideo/DedicatedSystem/SharedSystem, Outputs:0, VendorId:0x1414
[2017.10.02-16.52.15:077][  0]LogD3D11RHI: Chosen D3D11 Adapter: 0
[2017.10.02-16.52.15:083][  0]LogD3D11RHI: Creating new Direct3DDevice
[2017.10.02-16.52.15:083][  0]LogD3D11RHI:     GPU DeviceId: 0x1c8d (for the marketing name, search the web for "GPU Device Id")
[2017.10.02-16.52.15:083][  0]LogWindows: EnumDisplayDevices:
[2017.10.02-16.52.15:083][  0]LogWindows:    0. 'Intel(R) HD Graphics 630' (P:1 D:1)
[2017.10.02-16.52.15:084][  0]LogWindows:    1. 'Intel(R) HD Graphics 630' (P:0 D:0)
[2017.10.02-16.52.15:084][  0]LogWindows:    2. 'Intel(R) HD Graphics 630' (P:0 D:0)
[2017.10.02-16.52.15:084][  0]LogWindows:    3. 'NVIDIA GeForce GTX 1050' (P:0 D:0)
[2017.10.02-16.52.15:084][  0]LogWindows: DebugString: PrimaryIsNotTheChoosenAdapter PrimaryIsNotTheChoosenAdapter PrimaryIsNotTheChoosenAdapter 
[2017.10.02-16.52.15:084][  0]LogD3D11RHI:     Adapter Name: NVIDIA GeForce GTX 1050
[2017.10.02-16.52.15:084][  0]LogD3D11RHI:   Driver Version: 384.77 (internal:22.21.13.8477, unified:384.77)
[2017.10.02-16.52.15:084][  0]LogD3D11RHI:      Driver Date: 6-29-2017
[2017.10.02-16.52.15:084][  0]LogRHI: Texture pool is 1361 MB (70% of 1945 MB)
[2017.10.02-16.52.15:121][  0]LogD3D11RHI: Async texture creation enabled
[2017.10.02-16.52.15:132][  0]LogD3D11RHI: GPU Timing Frequency: 1000.000000 (Debug: 2 1)
[2017.10.02-16.52.15:133][  0]LogShaderCompilers: Guid format shader working directory is -19 characters bigger than the processId version (../../../../../../Users/John/Documents/GitRepos/ConsoleDev/Lab3c/Intermediate/Shaders/WorkingDirectory/7956/).
[2017.10.02-16.52.15:133][  0]LogShaderCompilers: Cleaned the shader compiler working directory 'C:/Users/John/AppData/Local/Temp/UnrealShaderWorkingDir/85ED1E5A4C81038E617E959B22A6B54F/'.
[2017.10.02-16.52.15:133][  0]LogShaderCompilers: Display: Using Local Shader Compiler.
[2017.10.02-16.52.16:582][  0]LogTemp: Display: Loaded TP AllDesktopTargetPlatform
[2017.10.02-16.52.16:639][  0]LogTemp: Display: Loaded TP MacClientTargetPlatform
[2017.10.02-16.52.16:696][  0]LogTemp: Display: Loaded TP MacNoEditorTargetPlatform
[2017.10.02-16.52.16:752][  0]LogTemp: Display: Loaded TP MacServerTargetPlatform
[2017.10.02-16.52.16:809][  0]LogTemp: Display: Loaded TP MacTargetPlatform
[2017.10.02-16.52.16:867][  0]LogTemp: Display: Loaded TP WindowsClientTargetPlatform
[2017.10.02-16.52.16:925][  0]LogTemp: Display: Loaded TP WindowsNoEditorTargetPlatform
[2017.10.02-16.52.16:981][  0]LogTemp: Display: Loaded TP WindowsServerTargetPlatform
[2017.10.02-16.52.17:032][  0]LogTemp: Display: Loaded TP WindowsTargetPlatform
[2017.10.02-16.52.17:089][  0]LogTemp: Display: Loaded TP AndroidTargetPlatform
[2017.10.02-16.52.17:141][  0]LogTemp: Display: Loaded TP Android_ASTCTargetPlatform
[2017.10.02-16.52.17:197][  0]LogTemp: Display: Loaded TP Android_ATCTargetPlatform
[2017.10.02-16.52.17:256][  0]LogTemp: Display: Loaded TP Android_DXTTargetPlatform
[2017.10.02-16.52.17:311][  0]LogTemp: Display: Loaded TP Android_ETC1TargetPlatform
[2017.10.02-16.52.17:367][  0]LogTemp: Display: Loaded TP Android_ETC2TargetPlatform
[2017.10.02-16.52.17:477][  0]LogTemp: Display: Loaded TP Android_MultiTargetPlatform
[2017.10.02-16.52.17:477][  0]LogTemp: Display: Loaded TP Android_PVRTCTargetPlatform
[2017.10.02-16.52.17:551][  0]LogTemp: Display: Loaded TP HTML5TargetPlatform
[2017.10.02-16.52.17:654][  0]LogTemp: Display: Loaded TP IOSTargetPlatform
[2017.10.02-16.52.17:686][  0]LogTemp: Display: Loaded TP TVOSTargetPlatform
[2017.10.02-16.52.17:744][  0]LogTemp: Display: Loaded TP LinuxClientTargetPlatform
[2017.10.02-16.52.17:802][  0]LogTemp: Display: Loaded TP LinuxNoEditorTargetPlatform
[2017.10.02-16.52.17:860][  0]LogTemp: Display: Loaded TP LinuxServerTargetPlatform
[2017.10.02-16.52.17:917][  0]LogTemp: Display: Loaded TP LinuxTargetPlatform
[2017.10.02-16.52.17:917][  0]LogTargetPlatformManager: Display: Building Assets For Windows
[2017.10.02-16.52.18:489][  0]LogDerivedDataCache: Display: Max Cache Size: 512 MB
[2017.10.02-16.52.18:613][  0]LogDerivedDataCache: Loaded boot cache 0.12s 93MB C:/Users/John/AppData/Local/UnrealEngine/4.17/DerivedDataCache/Boot.ddc.
[2017.10.02-16.52.18:613][  0]LogDerivedDataCache: Display: Loaded Boot cache: C:/Users/John/AppData/Local/UnrealEngine/4.17/DerivedDataCache/Boot.ddc
[2017.10.02-16.52.18:613][  0]LogDerivedDataCache: FDerivedDataBackendGraph:  Pak pak cache file ../../../../../../Users/John/Documents/GitRepos/ConsoleDev/Lab3c/DerivedDataCache/DDC.ddp not found, will not use a pak cache.
[2017.10.02-16.52.18:613][  0]LogDerivedDataCache: Unable to find inner node Pak for hierarchical cache Hierarchy.
[2017.10.02-16.52.18:613][  0]LogDerivedDataCache: FDerivedDataBackendGraph:  CompressedPak pak cache file ../../../../../../Users/John/Documents/GitRepos/ConsoleDev/Lab3c/DerivedDataCache/Compressed.ddp not found, will not use a pak cache.
[2017.10.02-16.52.18:613][  0]LogDerivedDataCache: Unable to find inner node CompressedPak for hierarchical cache Hierarchy.
[2017.10.02-16.52.18:630][  0]LogDerivedDataCache: Display: Pak cache opened for reading ../../../Engine/DerivedDataCache/Compressed.ddp.
[2017.10.02-16.52.18:643][  0]LogDerivedDataCache: Using Local data cache path C:/Users/John/AppData/Local/UnrealEngine/Common/DerivedDataCache: Writable
[2017.10.02-16.52.18:655][  0]LogMaterial: Verifying Global Shaders for PCD3D_SM5
[2017.10.02-16.52.18:655][  0]LogSlate: Using Freetype 2.6.0
[2017.10.02-16.52.18:656][  0]LogSlate: SlateFontCache - WITH_FREETYPE: 1, WITH_HARFBUZZ: 1
[2017.10.02-16.52.18:656][  0]LogSlate: SlateFontCache - WITH_FREETYPE: 1, WITH_HARFBUZZ: 1
[2017.10.02-16.52.18:950][  0]LogAssetRegistry: FAssetRegistry took 0.0268 seconds to start up
[2017.10.02-16.52.19:084][  0]LogInit: Selected Device Profile: [Windows]
[2017.10.02-16.52.19:246][  0]LogContentStreaming: Texture pool size is 0.00 MB
[2017.10.02-16.52.19:582][  0]LogSimplygon: Simplygon DLL not present - disabling.
[2017.10.02-16.52.19:629][  0]LogMeshReduction: Using SimplygonSwarm for distributed automatic mesh merging
[2017.10.02-16.52.19:629][  0]LogMeshReduction: Using QuadricMeshReduction for automatic static mesh reduction
[2017.10.02-16.52.19:630][  0]LogMeshReduction: No automatic skeletal mesh reduction module available
[2017.10.02-16.52.19:630][  0]LogMeshReduction: No automatic mesh merging module available
[2017.10.02-16.52.19:630][  0]LogMeshMerging: No automatic mesh merging module available
[2017.10.02-16.52.20:097][  0]LogNetVersion: Lab3c , NetCL: 3573198, EngineNetVer: 2, GameNetVer: 0 (Checksum: 2923858026)
[2017.10.02-16.52.21:888][  0]LogPackageLocalizationCache: Processed 5 localized package path(s) for 2 prioritized culture(s) in 1.566344 seconds
[2017.10.02-16.52.21:894][  0]LogUObjectArray: 35825 objects as part of root set at end of initial load.
[2017.10.02-16.52.21:894][  0]LogUObjectAllocator: 7529104 out of 0 bytes used by permanent object pool.
[2017.10.02-16.52.21:894][  0]LogUObjectArray: CloseDisregardForGC: 0/0 objects in disregard for GC pool
[2017.10.02-16.52.21:966][  0]LogInit: WinSock: version 1.1 (2.2), MaxSocks=32767, MaxUdp=65467
[2017.10.02-16.52.24:994][  0]LogTcpMessaging: Initializing TcpMessaging bridge
[2017.10.02-16.52.25:037][  0]LogUdpMessaging: Initializing bridge on interface 0.0.0.0:0 to multicast group 230.0.0.1:6666.
[2017.10.02-16.52.25:574][  0]$$$
[2017.10.02-16.52.25:574][  0]$Ball$
[2017.10.02-16.52.26:463][  0]$$$
[2017.10.02-16.52.26:463][  0]$Ball$
[2017.10.02-16.52.26:552][  0]$$$
[2017.10.02-16.52.26:552][  0]$Ball$
[2017.10.02-16.52.26:778][  0]LogAnimationCompression: Building Anim DDC data for AnimSequence /Game/Animations/ThirdPersonWalk.ThirdPersonWalk
[2017.10.02-16.52.26:813][  0]LogAnimationCompression: Building Anim DDC data for AnimSequence /Game/Animations/ThirdPersonIdle.ThirdPersonIdle
[2017.10.02-16.52.26:841][  0]LogMaterial: Missing cached shader map for material M_UE4Man_Body, compiling. 
[2017.10.02-16.52.27:281][  0]LogMaterial: Missing cached shader map for material Fbx_Default_Material_1, compiling. 
[2017.10.02-16.52.27:323][  0]Set DefaultPawn to HeroCharacter_BP
[2017.10.02-16.52.27:617][  0]LogMaterial: Uniform references updated for custom material expression Custom.
[2017.10.02-16.52.28:125][  0]SourceControl: Source control is disabled
[2017.10.02-16.52.28:125][  0]SourceControl: Source control is disabled
[2017.10.02-16.52.28:189][  0]SourceControl: Source control is disabled
[2017.10.02-16.52.28:253][  0]SourceControl: Source control is disabled
[2017.10.02-16.52.28:984][  0]LogAndroidPermission: UAndroidPermissionCallbackProxy::GetInstance
[2017.10.02-16.52.29:299][  0]LogOcInput: OculusInput pre-init called
[2017.10.02-16.52.29:621][  0]LogEngine: Initializing Engine...
[2017.10.02-16.52.29:623][  0]LogHMD: Failed to initialize OpenVR with code 110
[2017.10.02-16.52.29:947][  0]LogStats: UGameplayTagsManager::ConstructGameplayTagTree: Construct from data asset -  0.000 s
[2017.10.02-16.52.29:947][  0]LogStats: UGameplayTagsManager::ConstructGameplayTagTree: GameplayTagTreeChangedEvent.Broadcast -  0.000 s
[2017.10.02-16.52.30:128][  0]LogAIModule: Creating AISystem for world Untitled
[2017.10.02-16.52.30:135][  0]LogInit: XAudio2 using 'Speakers / Headphones (Realtek Audio)' : 2 channels at 48 kHz using 32 bits per sample (channel mask 0x3)
[2017.10.02-16.52.31:442][  0]LogInit: FAudioDevice initialized.
[2017.10.02-16.52.32:169][  0]LogDerivedDataCache: Saved boot cache 0.73s 93MB C:/Users/John/AppData/Local/UnrealEngine/4.17/DerivedDataCache/Boot.ddc.
[2017.10.02-16.52.32:189][  0]LogInit: Texture streaming: Enabled
[2017.10.02-16.52.32:344][  0]LogEngineSessionManager: EngineSessionManager initialized
[2017.10.02-16.52.32:746][  0]LogInit: Transaction tracking system initialized
[2017.10.02-16.52.33:189][  0]BlueprintLog: New page: Editor Load
[2017.10.02-16.52.34:506][  0]LocalizationService: Localization service is disabled
[2017.10.02-16.52.35:471][  0]LogConsoleResponse: Display: 
[2017.10.02-16.52.35:998][  0]LogFileCache: Scanning file cache for directory 'C:/Users/John/Documents/GitRepos/ConsoleDev/Lab3c/Content/' took 0.01s
[2017.10.02-16.52.35:998][  0]LogCook: Display: Max memory allowance for cook 16384mb min free memory 0mb
[2017.10.02-16.52.35:998][  0]LogCook: Display: Mobile HDR setting 1
[2017.10.02-16.52.35:999][  0]LogGameplayTags: Display: UGameplayTagsManager::DoneAddingNativeTags. DelegateIsBound: 0
[2017.10.02-16.52.37:531][  0]SourceControl: Source control is disabled
[2017.10.02-16.52.37:532][  0]Cmd: MAP LOAD FILE="../../../../../../Users/John/Documents/GitRepos/ConsoleDev/Lab3c/Content/StarterContent/Maps/Minimal_Default.umap" TEMPLATE=0 SHOWPROGRESS=1 FEATURELEVEL=3
[2017.10.02-16.52.37:532][  0]LightingResults: New page: Lighting Build
[2017.10.02-16.52.37:590][  0]MapCheck: New page: Map Check
[2017.10.02-16.52.37:590][  0]LightingResults: New page: Lighting Build
[2017.10.02-16.52.38:051][  0]LogLinker: Warning: Can't find file '/Game/StarterContent/Maps/Minimal_Default_BuiltData'
[2017.10.02-16.52.38:058][  0]LogLinker: Warning: Can't find file for asset '/Game/StarterContent/Maps/Minimal_Default_BuiltData' while loading ../../../../../../Users/John/Documents/GitRepos/ConsoleDev/Lab3c/Content/StarterContent/Maps/Minimal_Default.umap.
[2017.10.02-16.52.38:058][  0]LoadErrors: Error: /Game/StarterContent/Maps/Minimal_Default : Can't find file for asset. /Game/StarterContent/Maps/Minimal_Default_BuiltData
[2017.10.02-16.52.38:111][  0]LogLinker: Warning: Can't find file '/Game/StarterContent/Maps/Minimal_Default_BuiltData'
[2017.10.02-16.52.38:111][  0]LogLinker: Warning: Can't find file for asset '/Game/StarterContent/Maps/Minimal_Default_BuiltData' while loading ../../../../../../Users/John/Documents/GitRepos/ConsoleDev/Lab3c/Content/StarterContent/Maps/Minimal_Default.umap.
[2017.10.02-16.52.38:111][  0]LoadErrors: Error: /Game/StarterContent/Maps/Minimal_Default : Can't find file for asset. /Game/StarterContent/Maps/Minimal_Default_BuiltData
[2017.10.02-16.52.38:159][  0]LogLinker: Warning: Can't find file '/Game/StarterContent/Maps/Minimal_Default_BuiltData'
[2017.10.02-16.52.38:159][  0]LogLinker: Warning: Can't find file for asset '/Game/StarterContent/Maps/Minimal_Default_BuiltData' while loading NULL.
[2017.10.02-16.52.38:159][  0]LogLinker: Warning: Can't find file '/Game/StarterContent/Maps/Minimal_Default_BuiltData'
[2017.10.02-16.52.38:159][  0]LogLinker: Warning: Can't find file for asset '/Game/StarterContent/Maps/Minimal_Default_BuiltData' while loading NULL.
[2017.10.02-16.52.38:243][  0]LogLinker: Warning: Can't find file '/Game/StarterContent/Maps/Minimal_Default_BuiltData'
[2017.10.02-16.52.38:243][  0]LoadErrors: Failed to load /Game/StarterContent/Maps/Minimal_Default_BuiltData.Minimal_Default_BuiltData Referenced by PersistentLevel
[2017.10.02-16.52.38:243][  0]LogLinker: Warning: Can't find file for asset '/Game/StarterContent/Maps/Minimal_Default_BuiltData' while loading NULL.
[2017.10.02-16.52.38:243][  0]LoadErrors: Failed to load /Game/StarterContent/Maps/Minimal_Default_BuiltData.Minimal_Default_BuiltData Referenced by PersistentLevel
[2017.10.02-16.52.38:770][  0]LogStaticMesh: Building static mesh Floor_400x400...
[2017.10.02-16.52.38:820][  0]LogStaticMesh: Built static mesh [0.05s] /Game/StarterContent/Architecture/Floor_400x400.Floor_400x400
[2017.10.02-16.52.38:986][  0]LogAIModule: Creating AISystem for world Minimal_Default
[2017.10.02-16.52.39:389][  0]LogEditorServer: Finished looking for orphan Actors (0.000 secs)
[2017.10.02-16.52.39:508][  0]Cmd: MAP CHECKDEP NOCLEARLOG
[2017.10.02-16.52.39:577][  0]MapCheck: Map check complete: 0 Error(s), 0 Warning(s), took 68.806ms to complete.
[2017.10.02-16.52.39:577][  0]LogFileHelpers: Loading map 'Minimal_Default' took 2.046
[2017.10.02-16.52.39:662][  0]LogWindowsTextInputMethodSystem: Display: IME system now deactivated.
[2017.10.02-16.52.40:915][  0]LogCollectionManager: Loaded 0 collections in 0.002738 seconds
[2017.10.02-16.52.41:246][  0]LogFileCache: Scanning file cache for directory 'C:/Users/John/Documents/GitRepos/ConsoleDev/Lab3c/Saved/Collections/' took 0.01s
[2017.10.02-16.52.41:247][  0]LogFileCache: Scanning file cache for directory 'C:/Users/John/Documents/GitRepos/ConsoleDev/Lab3c/Content/Developers/John/Collections/' took 0.01s
[2017.10.02-16.52.41:247][  0]LogFileCache: Scanning file cache for directory 'C:/Users/John/Documents/GitRepos/ConsoleDev/Lab3c/Content/Collections/' took 0.01s
[2017.10.02-16.52.41:247][  0]LogCollectionManager: Rebuilt the GUID cache for 0 collections in 0.000002 seconds
[2017.10.02-16.52.41:279][  0]LogContentBrowser: Native class hierarchy populated in 0.0299 seconds. Added 2390 classes and 502 folders.
[2017.10.02-16.52.41:487][  0]LogContentBrowser: Native class hierarchy updated for 'WidgetCarousel' in 0.0019 seconds. Added 0 classes and 0 folders.
[2017.10.02-16.52.43:287][  0]LogContentBrowser: Native class hierarchy updated for 'AddContentDialog' in 0.0035 seconds. Added 0 classes and 0 folders.
[2017.10.02-16.52.43:514][  0]LogContentBrowser: Native class hierarchy updated for 'SceneOutliner' in 0.0030 seconds. Added 1 classes and 2 folders.
[2017.10.02-16.52.44:235][  0]LogSlate: Took 0.000497 seconds to synchronously load lazily loaded font '../../../Engine/Content/Slate/Fonts/Roboto-Regular.ttf' (155K)
[2017.10.02-16.52.44:272][  0]LogSlate: Took 0.000287 seconds to synchronously load lazily loaded font '../../../Engine/Content/Slate/Fonts/Roboto-Bold.ttf' (160K)
[2017.10.02-16.52.44:403][  0]LogSlate: Took 0.028598 seconds to synchronously load lazily loaded font '../../../Engine/Content/Editor/Slate/Fonts/FontAwesome.ttf' (139K)
[2017.10.02-16.52.45:143][  0]LogRenderer: Reallocating scene render targets to support 964x436 Format 10 NumSamples 1 (Frame:1).
[2017.10.02-16.52.46:473][  0]LogContentBrowser: Native class hierarchy updated for 'HierarchicalLODOutliner' in 0.0023 seconds. Added 1 classes and 2 folders.
[2017.10.02-16.52.46:473][  0]LogLoad: (Engine Initialization) Total time: 126.00 seconds
[2017.10.02-16.52.46:473][  0]LogLoad: (Engine Initialization) Total Blueprint compile time: 0.00 seconds
[2017.10.02-16.52.46:474][  0]LogExternalProfiler: No external profilers were discovered.  External profiling features will not be available.
[2017.10.02-16.52.46:574][  0]LogContentStreaming: Texture pool size now 1000 MB
[2017.10.02-16.52.46:716][  0]LogSlate: Took 0.014272 seconds to synchronously load lazily loaded font '../../../Engine/Content/Slate/Fonts/Roboto-Light.ttf' (159K)
[2017.10.02-16.52.46:974][  2]$$$
[2017.10.02-16.52.46:974][  2]$Ball$
[2017.10.02-16.52.47:229][  2]LogAssetRegistry: Asset discovery search completed in 28.3003 seconds
[2017.10.02-16.52.47:231][  2]LogCollectionManager: Rebuilt the object cache for 0 collections in 0.000000 seconds (found 0 objects)
[2017.10.02-16.52.47:231][  2]LogCollectionManager: Fixed up redirectors for 0 collections in 0.000054 seconds (updated 0 objects)
[2017.10.02-16.52.47:575][  7]LogSlate: Took 0.000447 seconds to synchronously load lazily loaded font '../../../Engine/Content/Slate/Fonts/Roboto-Light.ttf' (159K)
[2017.10.02-16.53.01:572][447]LogTemp: Repeating last play command: Selected Viewport
[2017.10.02-16.53.01:710][447]LogBlueprintUserMessages: Early PlayInEditor Detection: Level '/Game/StarterContent/Maps/Minimal_Default.Minimal_Default:PersistentLevel' has LevelScriptBlueprint '/Game/StarterContent/Maps/Minimal_Default.Minimal_Default:PersistentLevel.Minimal_Default' with GeneratedClass '/Game/StarterContent/Maps/Minimal_Default.Minimal_Default_C' with ClassGeneratedBy '/Game/StarterContent/Maps/Minimal_Default.Minimal_Default:PersistentLevel.Minimal_Default'
[2017.10.02-16.53.01:717][447]LogPlayLevel: PlayLevel: No blueprints needed recompiling
[2017.10.02-16.53.01:878][447]PIE: New page: PIE session: Minimal_Default (Oct 2, 2017, 8:53:01 AM)
[2017.10.02-16.53.01:897][447]LogPlayLevel: Creating play world package: /Game/StarterContent/Maps/UEDPIE_0_Minimal_Default
[2017.10.02-16.53.01:967][447]LogPlayLevel: PIE: StaticDuplicateObject took: (0.070846s)
[2017.10.02-16.53.01:968][447]LogAIModule: Creating AISystem for world Minimal_Default
[2017.10.02-16.53.01:969][447]LogPlayLevel: PIE: World Init took: (0.001181s)
[2017.10.02-16.53.01:986][447]LogPlayLevel: PIE: Created PIE world by copying editor world from /Game/StarterContent/Maps/Minimal_Default.Minimal_Default to /Game/StarterContent/Maps/UEDPIE_0_Minimal_Default.Minimal_Default (0.101071s)
[2017.10.02-16.53.02:008][447]LogInit: XAudio2 using 'Speakers / Headphones (Realtek Audio)' : 2 channels at 48 kHz using 32 bits per sample (channel mask 0x3)
[2017.10.02-16.53.02:091][447]LogInit: FAudioDevice initialized.
[2017.10.02-16.53.02:204][447]LogLoad: Game class is 'Lab3cGameModeBase'
[2017.10.02-16.53.02:218][447]Set DefaultPawn to HeroCharacter_BP
[2017.10.02-16.53.02:327][447]LogWorld: Bringing World /Game/StarterContent/Maps/UEDPIE_0_Minimal_Default.Minimal_Default up for play (max tick rate 0) at 2017.10.02-12.53.02
[2017.10.02-16.53.02:346][447]LogWorld: Bringing up level for play took: 0.020335
[2017.10.02-16.53.02:648][447]LogContentBrowser: Native class hierarchy updated for 'MovieSceneCapture' in 0.0022 seconds. Added 11 classes and 0 folders.
[2017.10.02-16.53.02:649][447]$$$
[2017.10.02-16.53.02:649][447]$Ball$
[2017.10.02-16.53.02:807][447]PIE: Play in editor start time for /Game/StarterContent/Maps/UEDPIE_0_Minimal_Default 0.614
[2017.10.02-16.53.02:807][447]LogBlueprintUserMessages: Late PlayInEditor Detection: Level '/Game/StarterContent/Maps/Minimal_Default.Minimal_Default:PersistentLevel' has LevelScriptBlueprint '/Game/StarterContent/Maps/Minimal_Default.Minimal_Default:PersistentLevel.Minimal_Default' with GeneratedClass '/Game/StarterContent/Maps/Minimal_Default.Minimal_Default_C' with ClassGeneratedBy '/Game/StarterContent/Maps/Minimal_Default.Minimal_Default:PersistentLevel.Minimal_Default'
[2017.10.02-16.53.12:607][557]LogBlueprintUserMessages: Early EndPlayMap Detection: Level '/Game/StarterContent/Maps/Minimal_Default.Minimal_Default:PersistentLevel' has LevelScriptBlueprint '/Game/StarterContent/Maps/Minimal_Default.Minimal_Default:PersistentLevel.Minimal_Default' with GeneratedClass '/Game/StarterContent/Maps/Minimal_Default.Minimal_Default_C' with ClassGeneratedBy '/Game/StarterContent/Maps/Minimal_Default.Minimal_Default:PersistentLevel.Minimal_Default'
[2017.10.02-16.53.12:755][557]LogBlueprintUserMessages: Late EndPlayMap Detection: Level '/Game/StarterContent/Maps/Minimal_Default.Minimal_Default:PersistentLevel' has LevelScriptBlueprint '/Game/StarterContent/Maps/Minimal_Default.Minimal_Default:PersistentLevel.Minimal_Default' with GeneratedClass '/Game/StarterContent/Maps/Minimal_Default.Minimal_Default_C' with ClassGeneratedBy '/Game/StarterContent/Maps/Minimal_Default.Minimal_Default:PersistentLevel.Minimal_Default'
[2017.10.02-16.55.25:285][975]LogSlate: Took 0.000167 seconds to synchronously load lazily loaded font '../../../Engine/Content/Slate/Fonts/Roboto-Light.ttf' (159K)
[2017.10.02-16.55.25:731][975]LogSavePackage: Save=275.35ms
[2017.10.02-16.55.25:731][975]LogSavePackage: Moving '../../../../../../Users/John/Documents/GitRepos/ConsoleDev/Lab3c/Saved/Minimal_Default3F4F31C945B1AA5EB7B5BE8FB0930AF3.tmp' to '../../../../../../Users/John/Documents/GitRepos/ConsoleDev/Lab3c/Content/StarterContent/Maps/Minimal_Default.umap'
[2017.10.02-16.55.25:786][975]LogSavePackage: Display: Finished SavePackage ../../../../../../Users/John/Documents/GitRepos/ConsoleDev/Lab3c/Content/StarterContent/Maps/Minimal_Default.umap
[2017.10.02-16.55.34:775][484]Cmd: OBJ SAVEPACKAGE PACKAGE="/Game/Maps/SideScroller" FILE="../../../../../../Users/John/Documents/GitRepos/ConsoleDev/Lab3c/Content/Maps/SideScroller.umap" SILENT=true AUTOSAVING=false KEEPDIRTY=false
[2017.10.02-16.55.34:799][484]LogSavePackage: Save=8.64ms
[2017.10.02-16.55.34:799][484]LogSavePackage: Moving '../../../../../../Users/John/Documents/GitRepos/ConsoleDev/Lab3c/Saved/SideScrollerE3C0526242FAB179716FA6B76480C936.tmp' to '../../../../../../Users/John/Documents/GitRepos/ConsoleDev/Lab3c/Content/Maps/SideScroller.umap'
[2017.10.02-16.55.34:803][484]LogSavePackage: Display: Finished SavePackage ../../../../../../Users/John/Documents/GitRepos/ConsoleDev/Lab3c/Content/Maps/SideScroller.umap
[2017.10.02-16.55.34:803][484]LogFileHelpers: Saving map 'SideScroller' took 0.096
[2017.10.02-16.55.34:835][484]Cmd: MAP LOAD FILE="../../../../../../Users/John/Documents/GitRepos/ConsoleDev/Lab3c/Content/Maps/SideScroller.umap" TEMPLATE=0 SHOWPROGRESS=1 FEATURELEVEL=3
[2017.10.02-16.55.34:835][484]LightingResults: New page: Lighting Build
[2017.10.02-16.55.34:835][484]LoadErrors: New page: Loading map: SideScroller.umap
[2017.10.02-16.55.34:849][484]MapCheck: New page: Map Check
[2017.10.02-16.55.34:849][484]LightingResults: New page: Lighting Build
[2017.10.02-16.55.34:914][484]LogEditorServer: Finished looking for orphan Actors (0.000 secs)
[2017.10.02-16.55.34:914][484]LogAIModule: Creating AISystem for world SideScroller
[2017.10.02-16.55.34:928][484]LogSlate: Took 0.000202 seconds to synchronously load lazily loaded font '../../../Engine/Content/Slate/Fonts/Roboto-Regular.ttf' (155K)
[2017.10.02-16.55.34:955][484]Cmd: MAP CHECKDEP NOCLEARLOG
[2017.10.02-16.55.35:022][484]MapCheck: Map check complete: 0 Error(s), 0 Warning(s), took 67.186ms to complete.
[2017.10.02-16.55.35:023][484]LogFileHelpers: Loading map 'SideScroller' took 0.198
[2017.10.02-16.56.09:122][293]Cmd: DELETE
[2017.10.02-16.56.09:124][293]Cmd: ACTOR DELETE
[2017.10.02-16.56.09:324][293]LogEditorActor: Deleted Actor: SkyLight
[2017.10.02-16.56.09:335][293]LogEditorActor: Deleted 1 Actors (0.012 secs)
[2017.10.02-16.56.32:939][ 88]Cmd: BRUSH ADD SELECTNEWBRUSH
[2017.10.02-16.58.25:466][ 97]Cmd: BRUSH ADD SELECTNEWBRUSH
[2017.10.02-16.59.49:896][968]LogEditorActor: Deleted Actor: Brush
[2017.10.02-16.59.49:922][968]LogEditorActor: Deleted 1 Actors (0.027 secs)
[2017.10.02-16.59.54:242][469]Cmd: EDIT COPY
[2017.10.02-16.59.54:459][494]Cmd: EDIT PASTE
[2017.10.02-17.01.14:492][827]LogEditorViewport: Clicking Background
[2017.10.02-17.02.15:458][944]LogEditorViewport: Clicking Background
[2017.10.02-17.03.22:663][483]Cmd: OBJ SAVEPACKAGE PACKAGE="/Game/Maps/SideScroller" FILE="../../../../../../Users/John/Documents/GitRepos/ConsoleDev/Lab3c/Content/Maps/SideScroller.umap" SILENT=true AUTOSAVING=false KEEPDIRTY=false
[2017.10.02-17.03.22:737][483]LogSavePackage: Save=56.42ms
[2017.10.02-17.03.22:737][483]LogSavePackage: Moving '../../../../../../Users/John/Documents/GitRepos/ConsoleDev/Lab3c/Saved/SideScroller80B6544A482AE606F6E3AA8B792D0664.tmp' to '../../../../../../Users/John/Documents/GitRepos/ConsoleDev/Lab3c/Content/Maps/SideScroller.umap'
[2017.10.02-17.03.22:741][483]LogSavePackage: Display: Finished SavePackage ../../../../../../Users/John/Documents/GitRepos/ConsoleDev/Lab3c/Content/Maps/SideScroller.umap
[2017.10.02-17.03.26:255][871]LogTemp: Repeating last play command: Selected Viewport
[2017.10.02-17.03.26:283][871]LogPlayLevel: PlayLevel: No blueprints needed recompiling
[2017.10.02-17.03.26:283][871]PIE: New page: PIE session: SideScroller (Oct 2, 2017, 9:03:26 AM)
[2017.10.02-17.03.26:283][871]LogPlayLevel: Creating play world package: /Game/Maps/UEDPIE_0_SideScroller
[2017.10.02-17.03.26:286][871]LogPlayLevel: PIE: StaticDuplicateObject took: (0.002494s)
[2017.10.02-17.03.26:286][871]LogAIModule: Creating AISystem for world SideScroller
[2017.10.02-17.03.26:287][871]LogPlayLevel: PIE: World Init took: (0.000926s)
[2017.10.02-17.03.26:287][871]LogPlayLevel: PIE: Created PIE world by copying editor world from /Game/Maps/SideScroller.SideScroller to /Game/Maps/UEDPIE_0_SideScroller.SideScroller (0.003690s)
[2017.10.02-17.03.26:302][871]LogInit: XAudio2 using 'Speakers / Headphones (Realtek Audio)' : 2 channels at 48 kHz using 32 bits per sample (channel mask 0x3)
[2017.10.02-17.03.26:380][871]LogInit: FAudioDevice initialized.
[2017.10.02-17.03.26:425][871]LogUObjectGlobals: Warning: Failed to find object 'Class /Script/Lab3c.Lab3cGameMode'
[2017.10.02-17.03.26:425][871]LogLoad: Game class is 'GameModeBase'
[2017.10.02-17.03.26:427][871]LogWorld: Bringing World /Game/Maps/UEDPIE_0_SideScroller.SideScroller up for play (max tick rate 0) at 2017.10.02-13.03.26
[2017.10.02-17.03.26:427][871]LogWorld: Bringing up level for play took: 0.001056
[2017.10.02-17.03.26:429][871]PIE: Play in editor start time for /Game/Maps/UEDPIE_0_SideScroller 0.212
[2017.10.02-17.04.46:307][757]Cmd: OBJ SAVEPACKAGE PACKAGE="/Game/Maps/SideScroller" FILE="../../../../../../Users/John/Documents/GitRepos/ConsoleDev/Lab3c/Content/Maps/SideScroller.umap" SILENT=true AUTOSAVING=false KEEPDIRTY=false
[2017.10.02-17.04.46:344][757]LogSavePackage: Save=23.81ms
[2017.10.02-17.04.46:344][757]LogSavePackage: Moving '../../../../../../Users/John/Documents/GitRepos/ConsoleDev/Lab3c/Saved/SideScrollerD26F07A743B02A3C5B5557A16A3EC1CA.tmp' to '../../../../../../Users/John/Documents/GitRepos/ConsoleDev/Lab3c/Content/Maps/SideScroller.umap'
[2017.10.02-17.04.46:347][757]LogSavePackage: Display: Finished SavePackage ../../../../../../Users/John/Documents/GitRepos/ConsoleDev/Lab3c/Content/Maps/SideScroller.umap
