Log file open, 09/25/17 13:44:10
LogWindows: LoadLibraryWithSearchPaths failed for file aqProf.dll. GetLastError=0
LogWindows: LoadLibraryWithSearchPaths failed for file VSPerf140.dll. GetLastError=0
LogWindows: LoadLibraryWithSearchPaths failed for file VtuneApi.dll. GetLastError=0
LogWindows: LoadLibraryWithSearchPaths failed for file VtuneApi32e.dll. GetLastError=0
LogInit: Display: Running engine for game: Lab3c
LogPlatformFile: Not using cached read wrapper
LogInit: Display: RandInit(556526237) SRandInit(556526237).
LogTaskGraph: Started task graph with 5 named threads and 14 total threads with 3 sets of task threads.
LogStats: Stats thread started at 0.156851
LogD3D11RHI: Aftermath initialized
LogPluginManager: Mounting plugin Paper2D
LogPluginManager: Mounting plugin LightPropagationVolume
LogPluginManager: Mounting plugin CodeLiteSourceCodeAccess
LogPluginManager: Mounting plugin GitSourceControl
LogPluginManager: Mounting plugin KDevelopSourceCodeAccess
LogPluginManager: Mounting plugin NullSourceCodeAccess
LogPluginManager: Mounting plugin PerforceSourceControl
LogPluginManager: Mounting plugin SubversionSourceControl
LogPluginManager: Mounting plugin UObjectPlugin
LogPluginManager: Mounting plugin VisualStudioSourceCodeAccess
LogPluginManager: Mounting plugin XCodeSourceCodeAccess
LogPluginManager: Mounting plugin AssetManagerEditor
LogPluginManager: Mounting plugin AudioCapture
LogPluginManager: Mounting plugin FacialAnimation
LogPluginManager: Mounting plugin GameplayTagsEditor
LogPluginManager: Mounting plugin MobileLauncherProfileWizard
LogPluginManager: Mounting plugin PluginBrowser
LogPluginManager: Mounting plugin SpeedTreeImporter
LogPluginManager: Mounting plugin AlembicImporter
LogPluginManager: Mounting plugin CharacterAI
LogPluginManager: Mounting plugin HTML5Networking
LogPluginManager: Mounting plugin AndroidMedia
LogPluginManager: Mounting plugin AvfMedia
LogPluginManager: Mounting plugin MediaPlayerEditor
LogPluginManager: Mounting plugin WmfMedia
LogPluginManager: Mounting plugin TcpMessaging
LogPluginManager: Mounting plugin UdpMessaging
LogPluginManager: Mounting plugin LevelSequenceEditor
LogPluginManager: Mounting plugin MatineeToLevelSequence
LogPluginManager: Mounting plugin OnlineSubsystemGooglePlay
LogPluginManager: Mounting plugin OnlineSubsystemIOS
LogPluginManager: Mounting plugin OnlineSubsystem
LogPluginManager: Mounting plugin OnlineSubsystemNull
LogPluginManager: Mounting plugin OnlineSubsystemUtils
LogPluginManager: Mounting plugin AndroidDeviceProfileSelector
LogPluginManager: Mounting plugin AndroidMoviePlayer
LogPluginManager: Mounting plugin AndroidPermission
LogPluginManager: Mounting plugin AppleMoviePlayer
LogPluginManager: Mounting plugin ArchVisCharacter
LogPluginManager: Mounting plugin CableComponent
LogPluginManager: Mounting plugin CustomMeshComponent
LogPluginManager: Mounting plugin ExampleDeviceProfileSelector
LogPluginManager: Mounting plugin GoogleCloudMessaging
LogPluginManager: Mounting plugin ImmediatePhysics
LogPluginManager: Mounting plugin IOSDeviceProfileSelector
LogPluginManager: Mounting plugin LinuxDeviceProfileSelector
LogPluginManager: Mounting plugin LocationServicesBPLibrary
LogPluginManager: Mounting plugin MobilePatchingUtils
LogPluginManager: Mounting plugin OculusVR
LogPluginManager: Mounting plugin PhysXVehicles
LogPluginManager: Mounting plugin ProceduralMeshComponent
LogPluginManager: Mounting plugin RuntimePhysXCooking
LogPluginManager: Mounting plugin SteamVR
LogPluginManager: Mounting plugin WindowsMoviePlayer
LogInit: Using libcurl 7.47.1
LogInit:  - built for x86_64-pc-win32
LogInit:  - supports SSL with OpenSSL/1.0.2g
LogInit:  - supports HTTP deflate (compression) using libz 1.2.8
LogInit:  - other features:
LogInit:      CURL_VERSION_SSL
LogInit:      CURL_VERSION_LIBZ
LogInit:      CURL_VERSION_IPV6
LogInit:      CURL_VERSION_ASYNCHDNS
LogInit:      CURL_VERSION_LARGEFILE
LogInit:      CURL_VERSION_IDN
LogInit:  CurlRequestOptions (configurable via config and command line):
LogInit:  - bVerifyPeer = false  - Libcurl will NOT verify peer certificate
LogInit:  - bUseHttpProxy = false  - Libcurl will NOT use HTTP proxy
LogInit:  - bDontReuseConnections = false  - Libcurl will reuse connections
LogInit:  - CertBundlePath = nullptr  - Libcurl will use whatever was configured at build time.
LogInit: Build: ++UE4+Release-4.17-CL-3586342
LogInit: Engine Version: 4.17.1-3586342+++UE4+Release-4.17
LogInit: Compatible Engine Version: 4.17.0-3573198+++UE4+Release-4.17
LogInit: Net CL: 3573198
LogDevObjectVersion: Number of dev versions registered: 16
LogDevObjectVersion:   Dev-Blueprints (B0D832E4-1F89-4F0D-ACCF-7EB736FD4AA2): 10
LogDevObjectVersion:   Dev-Build (E1C64328-A22C-4D53-A36C-8E866417BD8C): 0
LogDevObjectVersion:   Dev-Core (375EC13C-06E4-48FB-B500-84F0262A717E): 2
LogDevObjectVersion:   Dev-Editor (E4B068ED-F494-42E9-A231-DA0B2E46BB41): 20
LogDevObjectVersion:   Dev-Framework (CFFC743F-43B0-4480-9391-14DF171D2073): 28
LogDevObjectVersion:   Dev-Mobile (B02B49B5-BB20-44E9-A304-32B752E40360): 0
LogDevObjectVersion:   Dev-Networking (A4E4105C-59A1-49B5-A7C5-40C4547EDFEE): 0
LogDevObjectVersion:   Dev-Online (39C831C9-5AE6-47DC-9A44-9C173E1C8E7C): 0
LogDevObjectVersion:   Dev-Physics (78F01B33-EBEA-4F98-B9B4-84EACCB95AA2): 0
LogDevObjectVersion:   Dev-Platform (6631380F-2D4D-43E0-8009-CF276956A95A): 0
LogDevObjectVersion:   Dev-Rendering (12F88B9F-8875-4AFC-A67C-D90C383ABD29): 19
LogDevObjectVersion:   Dev-Sequencer (7B5AE74C-D270-4C10-A958-57980B212A5A): 4
LogDevObjectVersion:   Dev-VR (D7296918-1DD6-4BDD-9DE2-64A83CC13884): 0
LogDevObjectVersion:   Dev-LoadTimes (C2A15278-BFE7-4AFE-6C17-90FF531DF755): 1
LogDevObjectVersion:   Private-Geometry (6EACA3D4-40EC-4CC1-B786-8BED09428FC5): 1
LogDevObjectVersion:   Dev-AnimPhys (29E575DD-E0A3-4627-9D10-D276232CDCEA): 7
LogInit: Compiled (64-bit): Aug 15 2017 02:05:26
LogInit: Compiled with Visual C++: 19.00.24215.01
LogInit: Build Configuration: Development
LogInit: Branch Name: ++UE4+Release-4.17
LogInit: Command line:  
LogInit: Base directory: C:/Program Files/Epic Games/UE_4.17/Engine/Binaries/Win64/
LogInit: Installed Engine Build: 1
LogInit: Presizing for max 8388607 objects, including 0 objects not considered by GC, pre-allocating 0 bytes for permanent pool.
LogInit: Object subsystem initialized
[2017.09.25-17.44.11:573][  0]LogInit: Selected Device Profile: [Windows]
[2017.09.25-17.44.11:573][  0]LogInit: Applying CVar settings loaded from the selected device profile: [Windows]
[2017.09.25-17.44.11:594][  0]LogInit: Computer: C401IT37
[2017.09.25-17.44.11:594][  0]LogInit: User: Tech
[2017.09.25-17.44.11:594][  0]LogInit: CPU Page size=4096, Cores=4
[2017.09.25-17.44.11:594][  0]LogInit: High frequency timer resolution =3.507520 MHz
[2017.09.25-17.44.11:594][  0]LogMemory: Memory total: Physical=15.9GB (16GB approx)
[2017.09.25-17.44.11:594][  0]LogMemory: Platform Memory Stats for Windows
[2017.09.25-17.44.11:594][  0]LogMemory: Process Physical Memory: 277.51 MB used, 277.51 MB peak
[2017.09.25-17.44.11:594][  0]LogMemory: Process Virtual Memory: 274.20 MB used, 274.20 MB peak
[2017.09.25-17.44.11:594][  0]LogMemory: Physical Memory: 3694.14 MB used,  12629.36 MB free, 16323.51 MB total
[2017.09.25-17.44.11:594][  0]LogMemory: Virtual Memory: 668.77 MB used,  12629.36 MB free, 134217728.00 MB total
[2017.09.25-17.44.11:694][  0]LogInit: Using OS detected language (en-US).
[2017.09.25-17.44.11:694][  0]LogInit: Using OS detected locale (en-US).
[2017.09.25-17.44.11:696][  0]LogTextLocalizationManager: No specific localization for 'en-US' exists, so the 'en' localization will be used.
[2017.09.25-17.44.12:241][  0]LogD3D11RHI: D3D11 adapters:
[2017.09.25-17.44.12:258][  0]LogD3D11RHI:    0. 'NVIDIA Quadro K620' (Feature Level 11_0)
[2017.09.25-17.44.12:258][  0]LogD3D11RHI:       1993/0/8161 MB DedicatedVideo/DedicatedSystem/SharedSystem, Outputs:1, VendorId:0x10de
[2017.09.25-17.44.12:259][  0]LogD3D11RHI:    1. 'Microsoft Basic Render Driver' (Feature Level 11_0)
[2017.09.25-17.44.12:259][  0]LogD3D11RHI:       0/0/8161 MB DedicatedVideo/DedicatedSystem/SharedSystem, Outputs:0, VendorId:0x1414
[2017.09.25-17.44.12:259][  0]LogD3D11RHI: Chosen D3D11 Adapter: 0
[2017.09.25-17.44.12:262][  0]LogD3D11RHI: Creating new Direct3DDevice
[2017.09.25-17.44.12:262][  0]LogD3D11RHI:     GPU DeviceId: 0x13bb (for the marketing name, search the web for "GPU Device Id")
[2017.09.25-17.44.12:262][  0]LogWindows: EnumDisplayDevices:
[2017.09.25-17.44.12:262][  0]LogWindows:    0. 'NVIDIA Quadro K620' (P:1 D:1)
[2017.09.25-17.44.12:262][  0]LogWindows:    1. 'NVIDIA Quadro K620' (P:0 D:0)
[2017.09.25-17.44.12:263][  0]LogWindows:    2. 'NVIDIA Quadro K620' (P:0 D:0)
[2017.09.25-17.44.12:263][  0]LogWindows:    3. 'NVIDIA Quadro K620' (P:0 D:0)
[2017.09.25-17.44.12:263][  0]LogWindows: DebugString: FoundDriverCount:4 
[2017.09.25-17.44.12:263][  0]LogD3D11RHI:     Adapter Name: NVIDIA Quadro K620
[2017.09.25-17.44.12:263][  0]LogD3D11RHI:   Driver Version: 361.91 (internal:10.18.13.6191, unified:361.91)
[2017.09.25-17.44.12:263][  0]LogD3D11RHI:      Driver Date: 2-8-2016
[2017.09.25-17.44.12:263][  0]LogRHI: Texture pool is 1361 MB (70% of 1945 MB)
[2017.09.25-17.44.12:317][  0]LogD3D11RHI: NvAPI_D3D_GetCurrentSLIState failed: 0xfffffff7
[2017.09.25-17.44.12:317][  0]LogD3D11RHI: Async texture creation enabled
[2017.09.25-17.44.12:333][  0]LogD3D11RHI: GPU Timing Frequency: 1000.000000 (Debug: 2 2)
[2017.09.25-17.44.12:334][  0]LogShaderCompilers: Guid format shader working directory is -8 characters bigger than the processId version (../../../../../../Users/Tech/Desktop/ConsoleDev/Lab3c/Intermediate/Shaders/WorkingDirectory/1480/).
[2017.09.25-17.44.12:334][  0]LogShaderCompilers: Cleaned the shader compiler working directory 'C:/Users/Tech/AppData/Local/Temp/UnrealShaderWorkingDir/9C12693747D357D1108E9EA0EFFE549E/'.
[2017.09.25-17.44.12:334][  0]LogShaderCompilers: Display: Using Local Shader Compiler.
[2017.09.25-17.44.13:100][  0]LogTemp: Display: Loaded TP AllDesktopTargetPlatform
[2017.09.25-17.44.13:133][  0]LogTemp: Display: Loaded TP MacClientTargetPlatform
[2017.09.25-17.44.13:165][  0]LogTemp: Display: Loaded TP MacNoEditorTargetPlatform
[2017.09.25-17.44.13:196][  0]LogTemp: Display: Loaded TP MacServerTargetPlatform
[2017.09.25-17.44.13:228][  0]LogTemp: Display: Loaded TP MacTargetPlatform
[2017.09.25-17.44.13:261][  0]LogTemp: Display: Loaded TP WindowsClientTargetPlatform
[2017.09.25-17.44.13:294][  0]LogTemp: Display: Loaded TP WindowsNoEditorTargetPlatform
[2017.09.25-17.44.13:327][  0]LogTemp: Display: Loaded TP WindowsServerTargetPlatform
[2017.09.25-17.44.13:354][  0]LogTemp: Display: Loaded TP WindowsTargetPlatform
[2017.09.25-17.44.13:385][  0]LogTemp: Display: Loaded TP AndroidTargetPlatform
[2017.09.25-17.44.13:416][  0]LogTemp: Display: Loaded TP Android_ASTCTargetPlatform
[2017.09.25-17.44.13:447][  0]LogTemp: Display: Loaded TP Android_ATCTargetPlatform
[2017.09.25-17.44.13:477][  0]LogTemp: Display: Loaded TP Android_DXTTargetPlatform
[2017.09.25-17.44.13:508][  0]LogTemp: Display: Loaded TP Android_ETC1TargetPlatform
[2017.09.25-17.44.13:538][  0]LogTemp: Display: Loaded TP Android_ETC2TargetPlatform
[2017.09.25-17.44.13:601][  0]LogTemp: Display: Loaded TP Android_MultiTargetPlatform
[2017.09.25-17.44.13:601][  0]LogTemp: Display: Loaded TP Android_PVRTCTargetPlatform
[2017.09.25-17.44.13:624][  0]LogTemp: Display: Loaded TP HTML5TargetPlatform
[2017.09.25-17.44.13:688][  0]LogTemp: Display: Loaded TP IOSTargetPlatform
[2017.09.25-17.44.13:707][  0]LogTemp: Display: Loaded TP TVOSTargetPlatform
[2017.09.25-17.44.13:737][  0]LogTemp: Display: Loaded TP LinuxClientTargetPlatform
[2017.09.25-17.44.13:768][  0]LogTemp: Display: Loaded TP LinuxNoEditorTargetPlatform
[2017.09.25-17.44.13:799][  0]LogTemp: Display: Loaded TP LinuxServerTargetPlatform
[2017.09.25-17.44.13:830][  0]LogTemp: Display: Loaded TP LinuxTargetPlatform
[2017.09.25-17.44.13:830][  0]LogTargetPlatformManager: Display: Building Assets For Windows
[2017.09.25-17.44.14:116][  0]LogDerivedDataCache: Display: Max Cache Size: 512 MB
[2017.09.25-17.44.14:198][  0]LogDerivedDataCache: Loaded boot cache 0.08s 93MB C:/Users/Tech/AppData/Local/UnrealEngine/4.17/DerivedDataCache/Boot.ddc.
[2017.09.25-17.44.14:198][  0]LogDerivedDataCache: Display: Loaded Boot cache: C:/Users/Tech/AppData/Local/UnrealEngine/4.17/DerivedDataCache/Boot.ddc
[2017.09.25-17.44.14:198][  0]LogDerivedDataCache: FDerivedDataBackendGraph:  Pak pak cache file ../../../../../../Users/Tech/Desktop/ConsoleDev/Lab3c/DerivedDataCache/DDC.ddp not found, will not use a pak cache.
[2017.09.25-17.44.14:198][  0]LogDerivedDataCache: Unable to find inner node Pak for hierarchical cache Hierarchy.
[2017.09.25-17.44.14:198][  0]LogDerivedDataCache: FDerivedDataBackendGraph:  CompressedPak pak cache file ../../../../../../Users/Tech/Desktop/ConsoleDev/Lab3c/DerivedDataCache/Compressed.ddp not found, will not use a pak cache.
[2017.09.25-17.44.14:198][  0]LogDerivedDataCache: Unable to find inner node CompressedPak for hierarchical cache Hierarchy.
[2017.09.25-17.44.14:211][  0]LogDerivedDataCache: Display: Pak cache opened for reading ../../../Engine/DerivedDataCache/Compressed.ddp.
[2017.09.25-17.44.14:223][  0]LogDerivedDataCache: Using Local data cache path C:/Users/Tech/AppData/Local/UnrealEngine/Common/DerivedDataCache: Writable
[2017.09.25-17.44.14:231][  0]LogMaterial: Verifying Global Shaders for PCD3D_SM5
[2017.09.25-17.44.14:231][  0]LogSlate: Using Freetype 2.6.0
[2017.09.25-17.44.14:232][  0]LogSlate: SlateFontCache - WITH_FREETYPE: 1, WITH_HARFBUZZ: 1
[2017.09.25-17.44.14:232][  0]LogSlate: SlateFontCache - WITH_FREETYPE: 1, WITH_HARFBUZZ: 1
[2017.09.25-17.44.14:445][  0]LogAssetRegistry: FAssetRegistry took 0.0257 seconds to start up
[2017.09.25-17.44.14:529][  0]LogInit: Selected Device Profile: [Windows]
[2017.09.25-17.44.14:776][  0]LogSimplygon: Simplygon DLL not present - disabling.
[2017.09.25-17.44.14:799][  0]LogMeshReduction: Using SimplygonSwarm for distributed automatic mesh merging
[2017.09.25-17.44.14:799][  0]LogMeshReduction: Using QuadricMeshReduction for automatic static mesh reduction
[2017.09.25-17.44.14:799][  0]LogMeshReduction: No automatic skeletal mesh reduction module available
[2017.09.25-17.44.14:799][  0]LogMeshReduction: No automatic mesh merging module available
[2017.09.25-17.44.14:799][  0]LogMeshMerging: No automatic mesh merging module available
[2017.09.25-17.44.14:800][  0]LogContentStreaming: Texture pool size is 0.00 MB
[2017.09.25-17.44.15:142][  0]LogNetVersion: Lab3c , NetCL: 3573198, EngineNetVer: 2, GameNetVer: 0 (Checksum: 2923858026)
[2017.09.25-17.44.15:291][  0]LogPackageLocalizationCache: Processed 5 localized package path(s) for 2 prioritized culture(s) in 0.031953 seconds
[2017.09.25-17.44.15:296][  0]LogUObjectArray: 35825 objects as part of root set at end of initial load.
[2017.09.25-17.44.15:296][  0]LogUObjectAllocator: 7529104 out of 0 bytes used by permanent object pool.
[2017.09.25-17.44.15:296][  0]LogUObjectArray: CloseDisregardForGC: 0/0 objects in disregard for GC pool
[2017.09.25-17.44.15:332][  0]LogInit: WinSock: version 1.1 (2.2), MaxSocks=32767, MaxUdp=65467
[2017.09.25-17.44.17:123][  0]LogTcpMessaging: Initializing TcpMessaging bridge
[2017.09.25-17.44.17:153][  0]LogUdpMessaging: Initializing bridge on interface 0.0.0.0:0 to multicast group 230.0.0.1:6666.
[2017.09.25-17.44.17:507][  0]Set DefaultPawn to HeroCharacter_BP
[2017.09.25-17.44.17:653][  0]LogMaterial: Uniform references updated for custom material expression Custom.
[2017.09.25-17.44.17:918][  0]SourceControl: Source control is disabled
[2017.09.25-17.44.17:918][  0]SourceControl: Source control is disabled
[2017.09.25-17.44.17:949][  0]SourceControl: Source control is disabled
[2017.09.25-17.44.17:983][  0]SourceControl: Source control is disabled
[2017.09.25-17.44.18:345][  0]LogAndroidPermission: UAndroidPermissionCallbackProxy::GetInstance
[2017.09.25-17.44.18:494][  0]LogOcInput: OculusInput pre-init called
[2017.09.25-17.44.18:663][  0]LogEngine: Initializing Engine...
[2017.09.25-17.44.18:665][  0]LogHMD: Failed to initialize OpenVR with code 110
[2017.09.25-17.44.18:846][  0]LogStats: UGameplayTagsManager::ConstructGameplayTagTree: Construct from data asset -  0.000 s
[2017.09.25-17.44.18:846][  0]LogStats: UGameplayTagsManager::ConstructGameplayTagTree: GameplayTagTreeChangedEvent.Broadcast -  0.000 s
[2017.09.25-17.44.18:927][  0]LogAIModule: Creating AISystem for world Untitled
[2017.09.25-17.44.18:932][  0]LogInit: XAudio2 using 'Speakers / Headphones (Realtek High Definition Audio)' : 2 channels at 48 kHz using 32 bits per sample (channel mask 0x3)
[2017.09.25-17.44.19:058][  0]LogInit: FAudioDevice initialized.
[2017.09.25-17.44.19:210][  0]LogDerivedDataCache: Saved boot cache 0.15s 93MB C:/Users/Tech/AppData/Local/UnrealEngine/4.17/DerivedDataCache/Boot.ddc.
[2017.09.25-17.44.19:224][  0]LogInit: Texture streaming: Enabled
[2017.09.25-17.44.19:300][  0]LogEngineSessionManager: EngineSessionManager initialized
[2017.09.25-17.44.19:432][  0]LogInit: Transaction tracking system initialized
[2017.09.25-17.44.19:611][  0]BlueprintLog: New page: Editor Load
[2017.09.25-17.44.20:182][  0]LocalizationService: Localization service is disabled
[2017.09.25-17.44.20:601][  0]LogConsoleResponse: Display: 
[2017.09.25-17.44.20:737][  0]LogCook: Display: Max memory allowance for cook 16384mb min free memory 0mb
[2017.09.25-17.44.20:737][  0]LogCook: Display: Mobile HDR setting 1
[2017.09.25-17.44.20:737][  0]LogGameplayTags: Display: UGameplayTagsManager::DoneAddingNativeTags. DelegateIsBound: 0
[2017.09.25-17.44.21:371][  0]LogFileCache: Scanning file cache for directory 'C:/Users/Tech/Desktop/ConsoleDev/Lab3c/Content/' took 0.01s
[2017.09.25-17.44.21:371][  0]SourceControl: Source control is disabled
[2017.09.25-17.44.21:371][  0]Cmd: MAP LOAD FILE="../../../../../../Users/Tech/Desktop/ConsoleDev/Lab3c/Content/StarterContent/Maps/Minimal_Default.umap" TEMPLATE=0 SHOWPROGRESS=1 FEATURELEVEL=3
[2017.09.25-17.44.21:372][  0]LightingResults: New page: Lighting Build
[2017.09.25-17.44.21:398][  0]MapCheck: New page: Map Check
[2017.09.25-17.44.21:398][  0]LightingResults: New page: Lighting Build
[2017.09.25-17.44.21:553][  0]LogAIModule: Creating AISystem for world Minimal_Default
[2017.09.25-17.44.21:559][  0]LogEditorServer: Finished looking for orphan Actors (0.000 secs)
[2017.09.25-17.44.21:569][  0]Cmd: MAP CHECKDEP NOCLEARLOG
[2017.09.25-17.44.21:604][  0]MapCheck: Map check complete: 0 Error(s), 0 Warning(s), took 34.254ms to complete.
[2017.09.25-17.44.21:604][  0]LogFileHelpers: Loading map 'Minimal_Default' took 0.232
[2017.09.25-17.44.21:768][  0]LogCollectionManager: Loaded 0 collections in 0.001288 seconds
[2017.09.25-17.44.21:829][  0]LogFileCache: Scanning file cache for directory 'C:/Users/Tech/Desktop/ConsoleDev/Lab3c/Saved/Collections/' took 0.01s
[2017.09.25-17.44.21:829][  0]LogFileCache: Scanning file cache for directory 'C:/Users/Tech/Desktop/ConsoleDev/Lab3c/Content/Developers/Tech/Collections/' took 0.01s
[2017.09.25-17.44.21:829][  0]LogFileCache: Scanning file cache for directory 'C:/Users/Tech/Desktop/ConsoleDev/Lab3c/Content/Collections/' took 0.01s
[2017.09.25-17.44.21:829][  0]LogCollectionManager: Rebuilt the GUID cache for 0 collections in 0.000000 seconds
[2017.09.25-17.44.21:838][  0]LogContentBrowser: Native class hierarchy populated in 0.0083 seconds. Added 2390 classes and 502 folders.
[2017.09.25-17.44.21:877][  0]LogContentBrowser: Native class hierarchy updated for 'WidgetCarousel' in 0.0012 seconds. Added 0 classes and 0 folders.
[2017.09.25-17.44.21:907][  0]LogContentBrowser: Native class hierarchy updated for 'AddContentDialog' in 0.0014 seconds. Added 0 classes and 0 folders.
[2017.09.25-17.44.21:936][  0]LogContentBrowser: Native class hierarchy updated for 'SceneOutliner' in 0.0012 seconds. Added 1 classes and 2 folders.
[2017.09.25-17.44.22:724][  0]LogSlate: Took 0.005394 seconds to synchronously load lazily loaded font '../../../Engine/Content/Slate/Fonts/Roboto-Regular.ttf' (155K)
[2017.09.25-17.44.22:726][  0]LogSlate: Took 0.000136 seconds to synchronously load lazily loaded font '../../../Engine/Content/Slate/Fonts/Roboto-Bold.ttf' (160K)
[2017.09.25-17.44.22:730][  0]LogSlate: Took 0.000171 seconds to synchronously load lazily loaded font '../../../Engine/Content/Editor/Slate/Fonts/FontAwesome.ttf' (139K)
[2017.09.25-17.44.22:835][  0]LogTemp: Executing iPhonePackager certificates Engine -bundlename com.YourCompany.Lab3c
[2017.09.25-17.44.22:835][  0]LogTemp: CWD: C:\Program Files\Epic Games\UE_4.17\Engine\Binaries\DotNET\IOS
[2017.09.25-17.44.22:836][  0]LogTemp: Initial Dir: C:\Program Files\Epic Games\UE_4.17
[2017.09.25-17.44.22:836][  0]LogTemp: Env CWD: C:\Program Files\Epic Games\UE_4.17\Engine\Binaries\DotNET\IOS
[2017.09.25-17.44.22:836][  0]LogTemp: BranchPath = C401IT37/C/Program Files/Epic Games/UE_4.17/Engine/Binaries --- GameBranchPath = C401IT37/C/Program Files/Epic Games/UE_4.17/Engine/Binaries
[2017.09.25-17.44.22:836][  0]LogTemp: IPP ERROR: Could not find provision directory 'C:\Users\Tech\AppData\Local/Apple Computer/MobileDevice/Provisioning Profiles/'.
[2017.09.25-17.44.22:836][  0]LogRenderer: Reallocating scene render targets to support 1208x576 Format 10 NumSamples 1 (Frame:1).
[2017.09.25-17.44.22:992][  0]LogContentBrowser: Native class hierarchy updated for 'HierarchicalLODOutliner' in 0.0013 seconds. Added 1 classes and 2 folders.
[2017.09.25-17.44.22:993][  0]LogLoad: (Engine Initialization) Total time: 13.04 seconds
[2017.09.25-17.44.22:993][  0]LogLoad: (Engine Initialization) Total Blueprint compile time: 0.00 seconds
[2017.09.25-17.44.22:993][  0]LogExternalProfiler: No external profilers were discovered.  External profiling features will not be available.
[2017.09.25-17.44.23:004][  0]LogWindowsTextInputMethodSystem: Display: IME system now deactivated.
[2017.09.25-17.44.23:027][  0]LogContentStreaming: Texture pool size now 1000 MB
[2017.09.25-17.44.23:063][  0]LogSlate: Took 0.000162 seconds to synchronously load lazily loaded font '../../../Engine/Content/Slate/Fonts/Roboto-Light.ttf' (159K)
[2017.09.25-17.44.23:080][  1]LogAssetRegistry: Asset discovery search completed in 8.6566 seconds
[2017.09.25-17.44.23:082][  1]LogCollectionManager: Rebuilt the object cache for 0 collections in 0.000001 seconds (found 0 objects)
[2017.09.25-17.44.23:082][  1]LogCollectionManager: Fixed up redirectors for 0 collections in 0.000079 seconds (updated 0 objects)
[2017.09.25-17.44.24:032][ 47]LogSlate: Took 0.000224 seconds to synchronously load lazily loaded font '../../../Engine/Content/Slate/Fonts/Roboto-Light.ttf' (159K)
[2017.09.25-17.44.25:180][150]LogVSAccessor: Warning: Couldn't access Visual Studio
[2017.09.25-17.44.25:182][150]Candidate modules for hot reload:
[2017.09.25-17.44.25:182][150]  Lab3c
[2017.09.25-17.44.25:182][150]Launching UnrealBuildTool... [C:/Program Files/Epic Games/UE_4.17/Engine/Binaries/DotNET/UnrealBuildTool.exe Lab3c -ModuleWithSuffix Lab3c 1077 Win64 Development -editorrecompile -canskiplink "C:/Users/Tech/Desktop/ConsoleDev/Lab3c/Lab3c.uproject" ]
[2017.09.25-17.44.25:183][150]Warning: Starting HotReload took  0.0s.
[2017.09.25-17.44.38:858][394]CompilerResultsLog: New page: Compilation - Sep 25, 2017, 9:44:38 AM
[2017.09.25-17.44.38:858][394]CompilerResultsLog: Compiling game modules for hot reload
[2017.09.25-17.44.38:858][394]CompilerResultsLog: Parsing headers for Lab3cEditor
[2017.09.25-17.44.38:858][394]CompilerResultsLog:   Running UnrealHeaderTool "C:\Users\Tech\Desktop\ConsoleDev\Lab3c\Lab3c.uproject" "C:\Users\Tech\Desktop\ConsoleDev\Lab3c\Intermediate\Build\Win64\Lab3cEditor\Development\Lab3cEditor.uhtmanifest" -LogCmds="loginit warning, logexit warning, logdatabase error" -Unattended -WarningsAsErrors -installed
[2017.09.25-17.44.38:858][394]CompilerResultsLog: Reflection code generated for Lab3cEditor in 7.3325939 seconds
[2017.09.25-17.44.38:858][394]CompilerResultsLog: Performing 3 actions (4 in parallel)
[2017.09.25-17.44.38:858][394]CompilerResultsLog: HeroCharacter.cpp
[2017.09.25-17.44.38:858][394]CompilerResultsLog: [2/3] Link UE4Editor-Lab3c-1077.dll
[2017.09.25-17.44.38:858][394]CompilerResultsLog: [3/3] Link UE4Editor-Lab3c-1077.lib
[2017.09.25-17.44.38:858][394]CompilerResultsLog:    Creating library C:\Users\Tech\Desktop\ConsoleDev\Lab3c\Intermediate\Build\Win64\UE4Editor\Development\UE4Editor-Lab3c-1077.lib and object C:\Users\Tech\Desktop\ConsoleDev\Lab3c\Intermediate\Build\Win64\UE4Editor\Development\UE4Editor-Lab3c-1077.exp
[2017.09.25-17.44.38:859][394]CompilerResultsLog:    Creating library C:\Users\Tech\Desktop\ConsoleDev\Lab3c\Intermediate\Build\Win64\UE4Editor\Development\UE4Editor-Lab3c-1077.suppressed.lib and object C:\Users\Tech\Desktop\ConsoleDev\Lab3c\Intermediate\Build\Win64\UE4Editor\Development\UE4Editor-Lab3c-1077.suppressed.exp
[2017.09.25-17.44.38:859][394]CompilerResultsLog: Total build time: 13.49 seconds (Local executor: 2.46 seconds)
[2017.09.25-17.44.38:859][394]LogMainFrame: MainFrame: Module compiling took 13.678 seconds
[2017.09.25-17.44.38:909][394]Set DefaultPawn to HeroCharacter_BP
[2017.09.25-17.44.38:913][394]Set DefaultPawn to HeroCharacter_BP
[2017.09.25-17.44.38:915][394]LogContentBrowser: Native class hierarchy updated for 'Lab3c' in 0.0014 seconds. Added 4 classes and 2 folders.
[2017.09.25-17.44.38:916][394]Display: HotReload successful (0 functions remapped  0 scriptstructs remapped)
[2017.09.25-17.44.38:978][394]LogContentBrowser: Native class hierarchy populated in 0.0091 seconds. Added 2392 classes and 506 folders.
[2017.09.25-17.44.38:978][394]Display: HotReload took 13.8s.
[2017.09.25-17.44.40:865][562]LogTemp: Repeating last play command: Selected Viewport
[2017.09.25-17.44.40:896][562]LogBlueprintUserMessages: Early PlayInEditor Detection: Level '/Game/StarterContent/Maps/Minimal_Default.Minimal_Default:PersistentLevel' has LevelScriptBlueprint '/Game/StarterContent/Maps/Minimal_Default.Minimal_Default:PersistentLevel.Minimal_Default' with GeneratedClass '/Game/StarterContent/Maps/Minimal_Default.Minimal_Default_C' with ClassGeneratedBy '/Game/StarterContent/Maps/Minimal_Default.Minimal_Default:PersistentLevel.Minimal_Default'
[2017.09.25-17.44.40:896][562]LogPlayLevel: PlayLevel: No blueprints needed recompiling
[2017.09.25-17.44.40:897][562]PIE: New page: PIE session: Minimal_Default (Sep 25, 2017, 9:44:40 AM)
[2017.09.25-17.44.40:897][562]LogPlayLevel: Creating play world package: /Game/StarterContent/Maps/UEDPIE_0_Minimal_Default
[2017.09.25-17.44.40:903][562]LogPlayLevel: PIE: StaticDuplicateObject took: (0.005977s)
[2017.09.25-17.44.40:903][562]LogAIModule: Creating AISystem for world Minimal_Default
[2017.09.25-17.44.40:903][562]LogPlayLevel: PIE: World Init took: (0.000741s)
[2017.09.25-17.44.40:904][562]LogPlayLevel: PIE: Created PIE world by copying editor world from /Game/StarterContent/Maps/Minimal_Default.Minimal_Default to /Game/StarterContent/Maps/UEDPIE_0_Minimal_Default.Minimal_Default (0.007093s)
[2017.09.25-17.44.40:914][562]LogInit: XAudio2 using 'Speakers / Headphones (Realtek High Definition Audio)' : 2 channels at 48 kHz using 32 bits per sample (channel mask 0x3)
[2017.09.25-17.44.40:925][562]LogInit: FAudioDevice initialized.
[2017.09.25-17.44.40:969][562]LogLoad: Game class is 'Lab3cGameModeBase'
[2017.09.25-17.44.40:969][562]Set DefaultPawn to HeroCharacter_BP
[2017.09.25-17.44.40:972][562]LogWorld: Bringing World /Game/StarterContent/Maps/UEDPIE_0_Minimal_Default.Minimal_Default up for play (max tick rate 0) at 2017.09.25-13.44.40
[2017.09.25-17.44.40:972][562]LogWorld: Bringing up level for play took: 0.001216
[2017.09.25-17.44.41:005][562]LogContentBrowser: Native class hierarchy updated for 'MovieSceneCapture' in 0.0012 seconds. Added 11 classes and 0 folders.
[2017.09.25-17.44.41:007][562]PIE: Play in editor start time for /Game/StarterContent/Maps/UEDPIE_0_Minimal_Default 0.187
[2017.09.25-17.44.41:007][562]LogBlueprintUserMessages: Late PlayInEditor Detection: Level '/Game/StarterContent/Maps/Minimal_Default.Minimal_Default:PersistentLevel' has LevelScriptBlueprint '/Game/StarterContent/Maps/Minimal_Default.Minimal_Default:PersistentLevel.Minimal_Default' with GeneratedClass '/Game/StarterContent/Maps/Minimal_Default.Minimal_Default_C' with ClassGeneratedBy '/Game/StarterContent/Maps/Minimal_Default.Minimal_Default:PersistentLevel.Minimal_Default'
[2017.09.25-17.44.47:473][220]LogBlueprintUserMessages: Early EndPlayMap Detection: Level '/Game/StarterContent/Maps/Minimal_Default.Minimal_Default:PersistentLevel' has LevelScriptBlueprint '/Game/StarterContent/Maps/Minimal_Default.Minimal_Default:PersistentLevel.Minimal_Default' with GeneratedClass '/Game/StarterContent/Maps/Minimal_Default.Minimal_Default_C' with ClassGeneratedBy '/Game/StarterContent/Maps/Minimal_Default.Minimal_Default:PersistentLevel.Minimal_Default'
[2017.09.25-17.44.47:508][220]LogBlueprintUserMessages: Late EndPlayMap Detection: Level '/Game/StarterContent/Maps/Minimal_Default.Minimal_Default:PersistentLevel' has LevelScriptBlueprint '/Game/StarterContent/Maps/Minimal_Default.Minimal_Default:PersistentLevel.Minimal_Default' with GeneratedClass '/Game/StarterContent/Maps/Minimal_Default.Minimal_Default_C' with ClassGeneratedBy '/Game/StarterContent/Maps/Minimal_Default.Minimal_Default:PersistentLevel.Minimal_Default'
[2017.09.25-17.44.56:172][823]LogSlate: Took 0.000145 seconds to synchronously load lazily loaded font '../../../Engine/Content/Slate/Fonts/Roboto-Light.ttf' (159K)
[2017.09.25-17.45.02:613][ 24]LogVSAccessor: Warning: Couldn't goto line number '0' in 'C:/Users/Tech/Desktop/ConsoleDev/Lab3c/Source/Lab3c/UE4LabPlayerController.h'
[2017.09.25-17.45.02:698][ 24]LogVSAccessor: Warning: Couldn't goto line number '0' in 'C:/Users/Tech/Desktop/ConsoleDev/Lab3c/Source/Lab3c/UE4LabPlayerController.cpp'
[2017.09.25-17.46.13:325][339]Candidate modules for hot reload:
[2017.09.25-17.46.13:326][339]  Lab3c
[2017.09.25-17.46.13:326][339]Launching UnrealBuildTool... [C:/Program Files/Epic Games/UE_4.17/Engine/Binaries/DotNET/UnrealBuildTool.exe Lab3c -ModuleWithSuffix Lab3c 9301 Win64 Development -editorrecompile -canskiplink "C:/Users/Tech/Desktop/ConsoleDev/Lab3c/Lab3c.uproject" ]
[2017.09.25-17.46.13:327][339]Warning: Starting HotReload took  0.0s.
[2017.09.25-17.46.19:221][872]LogSlate: Took 0.000162 seconds to synchronously load lazily loaded font '../../../Engine/Content/Editor/Slate/Fonts/DroidSansMono.ttf' (77K)
[2017.09.25-17.46.27:405][609]CompilerResultsLog: New page: Compilation - Sep 25, 2017, 9:46:27 AM
[2017.09.25-17.46.27:405][609]CompilerResultsLog: Compiling game modules for hot reload
[2017.09.25-17.46.27:405][609]CompilerResultsLog: Parsing headers for Lab3cEditor
[2017.09.25-17.46.27:405][609]CompilerResultsLog:   Running UnrealHeaderTool "C:\Users\Tech\Desktop\ConsoleDev\Lab3c\Lab3c.uproject" "C:\Users\Tech\Desktop\ConsoleDev\Lab3c\Intermediate\Build\Win64\Lab3cEditor\Development\Lab3cEditor.uhtmanifest" -LogCmds="loginit warning, logexit warning, logdatabase error" -Unattended -WarningsAsErrors -installed
[2017.09.25-17.46.27:405][609]CompilerResultsLog: Reflection code generated for Lab3cEditor in 7.7752258 seconds
[2017.09.25-17.46.27:405][609]CompilerResultsLog: Performing 3 actions (4 in parallel)
[2017.09.25-17.46.27:405][609]CompilerResultsLog: HeroCharacter.cpp
[2017.09.25-17.46.27:405][609]CompilerResultsLog: [2/3] Link UE4Editor-Lab3c-9301.dll
[2017.09.25-17.46.27:406][609]CompilerResultsLog: [3/3] Link UE4Editor-Lab3c-9301.lib
[2017.09.25-17.46.27:406][609]CompilerResultsLog:    Creating library C:\Users\Tech\Desktop\ConsoleDev\Lab3c\Intermediate\Build\Win64\UE4Editor\Development\UE4Editor-Lab3c-9301.lib and object C:\Users\Tech\Desktop\ConsoleDev\Lab3c\Intermediate\Build\Win64\UE4Editor\Development\UE4Editor-Lab3c-9301.exp
[2017.09.25-17.46.27:406][609]CompilerResultsLog:    Creating library C:\Users\Tech\Desktop\ConsoleDev\Lab3c\Intermediate\Build\Win64\UE4Editor\Development\UE4Editor-Lab3c-9301.suppressed.lib and object C:\Users\Tech\Desktop\ConsoleDev\Lab3c\Intermediate\Build\Win64\UE4Editor\Development\UE4Editor-Lab3c-9301.suppressed.exp
[2017.09.25-17.46.27:406][609]CompilerResultsLog: Total build time: 13.89 seconds (Local executor: 2.35 seconds)
[2017.09.25-17.46.27:406][609]LogMainFrame: MainFrame: Module compiling took 14.082 seconds
[2017.09.25-17.46.27:456][609]Set DefaultPawn to HeroCharacter_BP
[2017.09.25-17.46.27:459][609]$$$
[2017.09.25-17.46.27:459][609]$Ball$
[2017.09.25-17.46.27:460][609]Set DefaultPawn to HeroCharacter_BP
[2017.09.25-17.46.27:461][609]LogContentBrowser: Native class hierarchy updated for 'Lab3c' in 0.0013 seconds. Added 4 classes and 2 folders.
[2017.09.25-17.46.27:463][609]Display: HotReload successful (0 functions remapped  0 scriptstructs remapped)
[2017.09.25-17.46.27:490][609]LogContentBrowser: Native class hierarchy populated in 0.0086 seconds. Added 2392 classes and 506 folders.
[2017.09.25-17.46.27:490][609]Display: HotReload took 14.2s.
[2017.09.25-17.46.32:717][ 61]LogTemp: Repeating last play command: Selected Viewport
[2017.09.25-17.46.32:731][ 61]LogBlueprintUserMessages: Early PlayInEditor Detection: Level '/Game/StarterContent/Maps/Minimal_Default.Minimal_Default:PersistentLevel' has LevelScriptBlueprint '/Game/StarterContent/Maps/Minimal_Default.Minimal_Default:PersistentLevel.Minimal_Default' with GeneratedClass '/Game/StarterContent/Maps/Minimal_Default.Minimal_Default_C' with ClassGeneratedBy '/Game/StarterContent/Maps/Minimal_Default.Minimal_Default:PersistentLevel.Minimal_Default'
[2017.09.25-17.46.32:731][ 61]LogPlayLevel: PlayLevel: No blueprints needed recompiling
[2017.09.25-17.46.32:732][ 61]PIE: New page: PIE session: Minimal_Default (Sep 25, 2017, 9:46:32 AM)
[2017.09.25-17.46.32:732][ 61]LogPlayLevel: Creating play world package: /Game/StarterContent/Maps/UEDPIE_0_Minimal_Default
[2017.09.25-17.46.32:740][ 61]LogPlayLevel: PIE: StaticDuplicateObject took: (0.007999s)
[2017.09.25-17.46.32:741][ 61]LogAIModule: Creating AISystem for world Minimal_Default
[2017.09.25-17.46.32:741][ 61]LogPlayLevel: PIE: World Init took: (0.001322s)
[2017.09.25-17.46.32:741][ 61]LogPlayLevel: PIE: Created PIE world by copying editor world from /Game/StarterContent/Maps/Minimal_Default.Minimal_Default to /Game/StarterContent/Maps/UEDPIE_0_Minimal_Default.Minimal_Default (0.009625s)
[2017.09.25-17.46.32:752][ 61]LogInit: XAudio2 using 'Speakers / Headphones (Realtek High Definition Audio)' : 2 channels at 48 kHz using 32 bits per sample (channel mask 0x3)
[2017.09.25-17.46.32:764][ 61]LogInit: FAudioDevice initialized.
[2017.09.25-17.46.32:794][ 61]LogLoad: Game class is 'Lab3cGameModeBase'
[2017.09.25-17.46.32:794][ 61]Set DefaultPawn to HeroCharacter_BP
[2017.09.25-17.46.32:796][ 61]LogWorld: Bringing World /Game/StarterContent/Maps/UEDPIE_0_Minimal_Default.Minimal_Default up for play (max tick rate 0) at 2017.09.25-13.46.32
[2017.09.25-17.46.32:796][ 61]LogWorld: Bringing up level for play took: 0.001311
[2017.09.25-17.46.32:797][ 61]$$$
[2017.09.25-17.46.32:797][ 61]$Ball$
[2017.09.25-17.46.32:798][ 61]PIE: Play in editor start time for /Game/StarterContent/Maps/UEDPIE_0_Minimal_Default -0.028
[2017.09.25-17.46.32:798][ 61]LogBlueprintUserMessages: Late PlayInEditor Detection: Level '/Game/StarterContent/Maps/Minimal_Default.Minimal_Default:PersistentLevel' has LevelScriptBlueprint '/Game/StarterContent/Maps/Minimal_Default.Minimal_Default:PersistentLevel.Minimal_Default' with GeneratedClass '/Game/StarterContent/Maps/Minimal_Default.Minimal_Default_C' with ClassGeneratedBy '/Game/StarterContent/Maps/Minimal_Default.Minimal_Default:PersistentLevel.Minimal_Default'
[2017.09.25-17.46.51:699][  3]LogBlueprintUserMessages: Early EndPlayMap Detection: Level '/Game/StarterContent/Maps/Minimal_Default.Minimal_Default:PersistentLevel' has LevelScriptBlueprint '/Game/StarterContent/Maps/Minimal_Default.Minimal_Default:PersistentLevel.Minimal_Default' with GeneratedClass '/Game/StarterContent/Maps/Minimal_Default.Minimal_Default_C' with ClassGeneratedBy '/Game/StarterContent/Maps/Minimal_Default.Minimal_Default:PersistentLevel.Minimal_Default'
[2017.09.25-17.46.51:735][  3]LogBlueprintUserMessages: Late EndPlayMap Detection: Level '/Game/StarterContent/Maps/Minimal_Default.Minimal_Default:PersistentLevel' has LevelScriptBlueprint '/Game/StarterContent/Maps/Minimal_Default.Minimal_Default:PersistentLevel.Minimal_Default' with GeneratedClass '/Game/StarterContent/Maps/Minimal_Default.Minimal_Default_C' with ClassGeneratedBy '/Game/StarterContent/Maps/Minimal_Default.Minimal_Default:PersistentLevel.Minimal_Default'
[2017.09.25-17.46.54:180][217]LogWindowsTextInputMethodSystem: Display: IME system now deactivated.
[2017.09.25-17.46.54:350][218]Cmd: QUIT_EDITOR
[2017.09.25-17.46.55:011][218]LogExit: Preparing to exit.
[2017.09.25-17.46.55:332][218]LogDirectoryWatcher: A directory notification for 'C:/Users/Tech/Desktop/ConsoleDev/Lab3c/Content/' was aborted.
[2017.09.25-17.46.55:344][218]LogExit: Editor shut down
[2017.09.25-17.46.55:352][218]LogExit: Transaction tracking system shut down
[2017.09.25-17.46.55:475][218]LogDirectoryWatcher: A directory notification for '../../../Engine/Content/' was aborted.
[2017.09.25-17.46.55:475][218]LogDirectoryWatcher: A directory notification for '../../../../../../Users/Tech/Desktop/ConsoleDev/Lab3c/Content/' was aborted.
[2017.09.25-17.46.55:475][218]LogDirectoryWatcher: A directory notification for '../../../Engine/Plugins/2D/Paper2D/Content/' was aborted.
[2017.09.25-17.46.55:475][218]LogDirectoryWatcher: A directory notification for '../../../Engine/Plugins/Runtime/Oculus/OculusVR/Content/' was aborted.
[2017.09.25-17.46.55:475][218]LogDirectoryWatcher: A directory notification for '../../../Engine/Plugins/Runtime/Steam/SteamVR/Content/' was aborted.
[2017.09.25-17.46.55:509][218]LogExit: Object subsystem successfully closed.
[2017.09.25-17.46.55:530][218]LogD3D11RHI: Shutdown
[2017.09.25-17.46.55:530][218]LogD3D11RHI: CleanupD3DDevice
[2017.09.25-17.46.55:571][218]LogD3D11RHI: ~FD3D11DynamicRHI
[2017.09.25-17.46.55:578][218]LogModuleManager: Shutting down and abandoning module Lab3c (538)
[2017.09.25-17.46.55:578][218]LogModuleManager: Shutting down and abandoning module MovieSceneCapture (537)
[2017.09.25-17.46.55:578][218]LogModuleManager: Shutting down and abandoning module HierarchicalLODOutliner (534)
[2017.09.25-17.46.55:578][218]LogModuleManager: Shutting down and abandoning module ExternalImagePicker (532)
[2017.09.25-17.46.55:578][218]LogModuleManager: Shutting down and abandoning module SceneOutliner (530)
[2017.09.25-17.46.55:578][218]LogModuleManager: Shutting down and abandoning module AddContentDialog (528)
[2017.09.25-17.46.55:578][218]LogDirectoryWatcher: A directory notification for 'C:/Program Files/Epic Games/UE_4.17/FeaturePacks/' was aborted.
[2017.09.25-17.46.55:579][218]LogModuleManager: Shutting down and abandoning module WidgetCarousel (527)
[2017.09.25-17.46.55:579][218]LogModuleManager: Shutting down and abandoning module EditorWidgets (524)
[2017.09.25-17.46.55:579][218]LogModuleManager: Shutting down and abandoning module CollectionManager (522)
[2017.09.25-17.46.55:579][218]LogDirectoryWatcher: A directory notification for 'C:/Users/Tech/Desktop/ConsoleDev/Lab3c/Content/Collections/' was aborted.
[2017.09.25-17.46.55:579][218]LogDirectoryWatcher: A directory notification for 'C:/Users/Tech/Desktop/ConsoleDev/Lab3c/Content/Developers/Tech/Collections/' was aborted.
[2017.09.25-17.46.55:579][218]LogDirectoryWatcher: A directory notification for 'C:/Users/Tech/Desktop/ConsoleDev/Lab3c/Saved/Collections/' was aborted.
[2017.09.25-17.46.55:579][218]LogModuleManager: Shutting down and abandoning module StatsViewer (520)
[2017.09.25-17.46.55:579][218]LogModuleManager: Shutting down and abandoning module FoliageEdit (518)
[2017.09.25-17.46.55:579][218]LogModuleManager: Shutting down and abandoning module LandscapeEditor (516)
[2017.09.25-17.46.55:579][218]LogModuleManager: Shutting down and abandoning module MeshPaintMode (514)
[2017.09.25-17.46.55:579][218]LogModuleManager: Shutting down and abandoning module SceneDepthPickerMode (512)
[2017.09.25-17.46.55:579][218]LogModuleManager: Shutting down and abandoning module ActorPickerMode (510)
[2017.09.25-17.46.55:579][218]LogModuleManager: Shutting down and abandoning module GeometryMode (508)
[2017.09.25-17.46.55:579][218]LogModuleManager: Shutting down and abandoning module TextureAlignMode (506)
[2017.09.25-17.46.55:579][218]LogModuleManager: Shutting down and abandoning module BspMode (504)
[2017.09.25-17.46.55:579][218]LogModuleManager: Shutting down and abandoning module PIEPreviewDeviceProfileSelector (502)
[2017.09.25-17.46.55:580][218]LogModuleManager: Shutting down and abandoning module HardwareSurvey (500)
[2017.09.25-17.46.55:580][218]LogModuleManager: Shutting down and abandoning module SequenceRecorderSections (498)
[2017.09.25-17.46.55:580][218]LogModuleManager: Shutting down and abandoning module AutomationWorker (496)
[2017.09.25-17.46.55:580][218]LogModuleManager: Shutting down and abandoning module MatineeToLevelSequence (494)
[2017.09.25-17.46.55:580][218]LogModuleManager: Shutting down and abandoning module LevelSequenceEditor (492)
[2017.09.25-17.46.55:580][218]LogModuleManager: Shutting down and abandoning module PlacementMode (491)
[2017.09.25-17.46.55:580][218]LogModuleManager: Shutting down and abandoning module WmfMediaFactory (488)
[2017.09.25-17.46.55:580][218]LogModuleManager: Shutting down and abandoning module WmfMediaEditor (486)
[2017.09.25-17.46.55:580][218]LogModuleManager: Shutting down and abandoning module AvfMediaFactory (484)
[2017.09.25-17.46.55:580][218]LogModuleManager: Shutting down and abandoning module AvfMediaEditor (482)
[2017.09.25-17.46.55:580][218]LogModuleManager: Shutting down and abandoning module AndroidMediaFactory (480)
[2017.09.25-17.46.55:580][218]LogModuleManager: Shutting down and abandoning module Media (479)
[2017.09.25-17.46.55:580][218]LogModuleManager: Shutting down and abandoning module AndroidMediaEditor (476)
[2017.09.25-17.46.55:580][218]LogModuleManager: Shutting down and abandoning module CharacterAI (474)
[2017.09.25-17.46.55:580][218]LogModuleManager: Shutting down and abandoning module AudioCapture (472)
[2017.09.25-17.46.55:580][218]LogModuleManager: Shutting down and abandoning module SequenceRecorder (471)
[2017.09.25-17.46.55:580][218]LogModuleManager: Shutting down and abandoning module SmartSnapping (468)
[2017.09.25-17.46.55:580][218]LogModuleManager: Shutting down and abandoning module SessionServices (466)
[2017.09.25-17.46.55:580][218]LogModuleManager: Shutting down and abandoning module ViewportSnapping (464)
[2017.09.25-17.46.55:580][218]LogModuleManager: Shutting down and abandoning module ViewportInteraction (462)
[2017.09.25-17.46.55:580][218]LogModuleManager: Shutting down and abandoning module ClothPainter (460)
[2017.09.25-17.46.55:580][218]LogModuleManager: Shutting down and abandoning module LogVisualizer (458)
[2017.09.25-17.46.55:580][218]LogModuleManager: Shutting down and abandoning module IntroTutorials (456)
[2017.09.25-17.46.55:580][218]LogModuleManager: Shutting down and abandoning module GameProjectGeneration (455)
[2017.09.25-17.46.55:580][218]LogModuleManager: Shutting down and abandoning module IOSPlatformEditor (452)
[2017.09.25-17.46.55:580][218]LogModuleManager: Shutting down and abandoning module HTML5PlatformEditor (450)
[2017.09.25-17.46.55:580][218]LogModuleManager: Shutting down and abandoning module AndroidPlatformEditor (448)
[2017.09.25-17.46.55:580][218]LogModuleManager: Shutting down and abandoning module AndroidDeviceDetection (447)
[2017.09.25-17.46.56:470][218]LogModuleManager: Shutting down and abandoning module WindowsPlatformEditor (444)
[2017.09.25-17.46.56:470][218]LogModuleManager: Shutting down and abandoning module IOSRuntimeSettings (442)
[2017.09.25-17.46.56:470][218]LogModuleManager: Shutting down and abandoning module AndroidRuntimeSettings (440)
[2017.09.25-17.46.56:470][218]LogModuleManager: Shutting down and abandoning module InputBindingEditor (438)
[2017.09.25-17.46.56:470][218]LogModuleManager: Shutting down and abandoning module MergeActors (436)
[2017.09.25-17.46.56:470][218]LogModuleManager: Shutting down and abandoning module SizeMap (434)
[2017.09.25-17.46.56:470][218]LogModuleManager: Shutting down and abandoning module TreeMap (432)
[2017.09.25-17.46.56:470][218]LogModuleManager: Shutting down and abandoning module ReferenceViewer (430)
[2017.09.25-17.46.56:470][218]LogModuleManager: Shutting down and abandoning module LocalizationDashboard (428)
[2017.09.25-17.46.56:470][218]LogModuleManager: Shutting down and abandoning module LocalizationService (427)
[2017.09.25-17.46.56:470][218]LogModuleManager: Shutting down and abandoning module HardwareTargeting (424)
[2017.09.25-17.46.56:470][218]LogModuleManager: Shutting down and abandoning module DeviceProfileEditor (422)
[2017.09.25-17.46.56:470][218]LogModuleManager: Shutting down and abandoning module UndoHistory (420)
[2017.09.25-17.46.56:470][218]LogModuleManager: Shutting down and abandoning module XmlParser (418)
[2017.09.25-17.46.56:470][218]LogModuleManager: Shutting down and abandoning module Blutility (416)
[2017.09.25-17.46.56:470][218]LogModuleManager: Shutting down and abandoning module ProjectSettingsViewer (414)
[2017.09.25-17.46.56:470][218]LogModuleManager: Shutting down and abandoning module ProjectTargetPlatformEditor (413)
[2017.09.25-17.46.56:471][218]LogModuleManager: Shutting down and abandoning module EditorSettingsViewer (410)
[2017.09.25-17.46.56:471][218]LogModuleManager: Shutting down and abandoning module SettingsEditor (408)
[2017.09.25-17.46.56:471][218]LogModuleManager: Shutting down and abandoning module ProjectLauncher (406)
[2017.09.25-17.46.56:471][218]LogModuleManager: Shutting down and abandoning module SessionFrontend (404)
[2017.09.25-17.46.56:471][218]LogModuleManager: Shutting down and abandoning module ProfilerClient (402)
[2017.09.25-17.46.56:471][218]LogModuleManager: Shutting down and abandoning module DeviceManager (400)
[2017.09.25-17.46.56:471][218]LogModuleManager: Shutting down and abandoning module TargetDeviceServices (399)
[2017.09.25-17.46.56:534][218]LogModuleManager: Shutting down and abandoning module AutomationController (396)
[2017.09.25-17.46.56:534][218]LogModuleManager: Shutting down and abandoning module AutomationWindow (394)
[2017.09.25-17.46.56:534][218]LogModuleManager: Shutting down and abandoning module Layers (392)
[2017.09.25-17.46.56:534][218]LogModuleManager: Shutting down and abandoning module ComponentVisualizers (390)
[2017.09.25-17.46.56:534][218]LogModuleManager: Shutting down and abandoning module DetailCustomizations (388)
[2017.09.25-17.46.56:534][218]LogModuleManager: Shutting down and abandoning module PackagesDialog (386)
[2017.09.25-17.46.56:534][218]LogModuleManager: Shutting down and abandoning module Persona (384)
[2017.09.25-17.46.56:534][218]LogModuleManager: Shutting down and abandoning module AdvancedPreviewScene (383)
[2017.09.25-17.46.56:534][218]LogModuleManager: Shutting down and abandoning module AnimGraph (381)
[2017.09.25-17.46.56:534][218]LogModuleManager: Shutting down and abandoning module Kismet (378)
[2017.09.25-17.46.56:535][218]LogModuleManager: Shutting down and abandoning module ClassViewer (376)
[2017.09.25-17.46.56:535][218]LogModuleManager: Shutting down and abandoning module Toolbox (374)
[2017.09.25-17.46.56:535][218]LogModuleManager: Shutting down and abandoning module ModuleUI (372)
[2017.09.25-17.46.56:535][218]LogModuleManager: Shutting down and abandoning module MovieSceneTools (370)
[2017.09.25-17.46.56:535][218]LogModuleManager: Shutting down and abandoning module OutputLog (368)
[2017.09.25-17.46.56:535][218]LogModuleManager: Shutting down and abandoning module GammaUI (366)
[2017.09.25-17.46.56:535][218]LogModuleManager: Shutting down and abandoning module Documentation (364)
[2017.09.25-17.46.56:535][218]LogModuleManager: Shutting down and abandoning module MovieSceneTracks (362)
[2017.09.25-17.46.56:535][218]LogModuleManager: Shutting down and abandoning module MovieScene (360)
[2017.09.25-17.46.56:535][218]LogModuleManager: Shutting down and abandoning module Niagara (358)
[2017.09.25-17.46.56:535][218]LogModuleManager: Shutting down and abandoning module NiagaraEditor (357)
[2017.09.25-17.46.56:535][218]LogModuleManager: Shutting down and abandoning module StreamingPauseRendering (354)
[2017.09.25-17.46.56:535][218]LogModuleManager: Shutting down and abandoning module LauncherPlatform (352)
[2017.09.25-17.46.56:535][218]LogModuleManager: Shutting down and abandoning module AnalyticsET (350)
[2017.09.25-17.46.56:535][218]LogModuleManager: Shutting down and abandoning module PortalServices (348)
[2017.09.25-17.46.56:535][218]LogModuleManager: Shutting down and abandoning module PortalRpc (346)
[2017.09.25-17.46.56:535][218]LogModuleManager: Shutting down and abandoning module MessagingRpc (344)
[2017.09.25-17.46.56:535][218]LogModuleManager: Shutting down and abandoning module AIModule (342)
[2017.09.25-17.46.56:536][218]LogModuleManager: Shutting down and abandoning module GameplayDebugger (341)
[2017.09.25-17.46.56:536][218]LogModuleManager: Shutting down and abandoning module AITestSuite (339)
[2017.09.25-17.46.56:536][218]LogModuleManager: Shutting down and abandoning module ProfilerService (336)
[2017.09.25-17.46.56:571][218]LogModuleManager: Shutting down and abandoning module TaskGraph (334)
[2017.09.25-17.46.56:572][218]LogModuleManager: Shutting down and abandoning module SteamVRController (332)
[2017.09.25-17.46.56:572][218]LogModuleManager: Shutting down and abandoning module ProceduralMeshComponentEditor (330)
[2017.09.25-17.46.56:572][218]LogModuleManager: Shutting down and abandoning module ProceduralMeshComponent (328)
[2017.09.25-17.46.56:572][218]LogModuleManager: Shutting down and abandoning module OculusInput (326)
[2017.09.25-17.46.56:572][218]LogModuleManager: Shutting down and abandoning module MobilePatchingUtils (324)
[2017.09.25-17.46.56:572][218]LogModuleManager: Shutting down and abandoning module CustomMeshComponent (322)
[2017.09.25-17.46.56:572][218]LogModuleManager: Shutting down and abandoning module CableComponent (320)
[2017.09.25-17.46.56:572][218]LogModuleManager: Shutting down and abandoning module ArchVisCharacter (318)
[2017.09.25-17.46.56:572][218]LogModuleManager: Shutting down and abandoning module AndroidPermission (316)
[2017.09.25-17.46.56:572][218]LogModuleManager: Shutting down and abandoning module MediaPlayerEditor (312)
[2017.09.25-17.46.56:572][218]LogModuleManager: Shutting down and abandoning module HTML5Networking (310)
[2017.09.25-17.46.56:572][218]LogModuleManager: Shutting down and abandoning module AlembicImporter (308)
[2017.09.25-17.46.56:572][218]LogModuleManager: Shutting down and abandoning module AlembicLibrary (307)
[2017.09.25-17.46.56:572][218]LogModuleManager: Shutting down and abandoning module GeometryCache (306)
[2017.09.25-17.46.56:572][218]LogModuleManager: Shutting down and abandoning module GeometryCacheEd (305)
[2017.09.25-17.46.56:572][218]LogModuleManager: Shutting down and abandoning module SpeedTreeImporter (300)
[2017.09.25-17.46.56:572][218]LogModuleManager: Shutting down and abandoning module PluginBrowser (298)
[2017.09.25-17.46.56:572][218]LogModuleManager: Shutting down and abandoning module MobileLauncherProfileWizard (296)
[2017.09.25-17.46.56:572][218]LogModuleManager: Shutting down and abandoning module VisualStudioSourceCodeAccess (294)
[2017.09.25-17.46.56:572][218]LogModuleManager: Shutting down and abandoning module DesktopPlatform (293)
[2017.09.25-17.46.56:572][218]LogModuleManager: Shutting down and abandoning module UObjectPlugin (290)
[2017.09.25-17.46.56:572][218]LogModuleManager: Shutting down and abandoning module SubversionSourceControl (288)
[2017.09.25-17.46.56:573][218]LogModuleManager: Shutting down and abandoning module PerforceSourceControl (286)
[2017.09.25-17.46.56:573][218]LogModuleManager: Shutting down and abandoning module GitSourceControl (284)
[2017.09.25-17.46.56:573][218]LogModuleManager: Shutting down and abandoning module SourceControl (283)
[2017.09.25-17.46.56:573][218]LogModuleManager: Shutting down and abandoning module LightPropagationVolumeEditor (280)
[2017.09.25-17.46.56:573][218]LogModuleManager: Shutting down and abandoning module PaperTiledImporter (278)
[2017.09.25-17.46.56:573][218]LogModuleManager: Shutting down and abandoning module PaperSpriteSheetImporter (276)
[2017.09.25-17.46.56:573][218]LogModuleManager: Shutting down and abandoning module Paper2DEditor (274)
[2017.09.25-17.46.56:573][218]LogModuleManager: Shutting down and abandoning module MeshPaint (273)
[2017.09.25-17.46.56:573][218]LogModuleManager: Shutting down and abandoning module LevelEditor (271)
[2017.09.25-17.46.56:574][218]LogModuleManager: Shutting down and abandoning module PixelInspectorModule (270)
[2017.09.25-17.46.56:574][218]LogModuleManager: Shutting down and abandoning module MainFrame (268)
[2017.09.25-17.46.56:575][218]LogModuleManager: Shutting down and abandoning module HotReload (267)
[2017.09.25-17.46.56:575][218]LogDirectoryWatcher: A directory notification for 'C:/Users/Tech/Desktop/ConsoleDev/Lab3c/Binaries/Win64' was aborted.
[2017.09.25-17.46.56:575][218]LogModuleManager: Shutting down and abandoning module RuntimePhysXCooking (260)
[2017.09.25-17.46.56:575][218]LogModuleManager: Shutting down and abandoning module PhysXVehiclesEditor (258)
[2017.09.25-17.46.56:575][218]LogModuleManager: Shutting down and abandoning module PhysXVehicles (256)
[2017.09.25-17.46.56:575][218]LogModuleManager: Shutting down and abandoning module OculusEditor (254)
[2017.09.25-17.46.56:575][218]LogModuleManager: Shutting down and abandoning module LocationServicesBPLibrary (252)
[2017.09.25-17.46.56:575][218]LogModuleManager: Shutting down and abandoning module ImmediatePhysicsEditor (250)
[2017.09.25-17.46.56:575][218]LogModuleManager: Shutting down and abandoning module ImmediatePhysics (248)
[2017.09.25-17.46.56:576][218]LogModuleManager: Shutting down and abandoning module UdpMessaging (246)
[2017.09.25-17.46.56:677][218]LogModuleManager: Shutting down and abandoning module TcpMessaging (244)
[2017.09.25-17.46.56:777][218]LogModuleManager: Shutting down and abandoning module GameplayTagsEditor (242)
[2017.09.25-17.46.56:777][218]LogModuleManager: Shutting down and abandoning module FacialAnimationEditor (240)
[2017.09.25-17.46.56:777][218]LogModuleManager: Shutting down and abandoning module FacialAnimation (238)
[2017.09.25-17.46.56:777][218]LogModuleManager: Shutting down and abandoning module AssetManagerEditor (236)
[2017.09.25-17.46.56:777][218]LogModuleManager: Shutting down and abandoning module GraphEditor (235)
[2017.09.25-17.46.56:777][218]LogModuleManager: Shutting down and abandoning module ContentBrowser (233)
[2017.09.25-17.46.56:778][218]LogModuleManager: Shutting down and abandoning module LightPropagationVolumeRuntime (230)
[2017.09.25-17.46.56:779][218]LogModuleManager: Shutting down and abandoning module Paper2D (228)
[2017.09.25-17.46.56:779][218]LogModuleManager: Shutting down and abandoning module WindowsMoviePlayer (226)
[2017.09.25-17.46.56:779][218]LogModuleManager: Shutting down and abandoning module WmfMedia (224)
[2017.09.25-17.46.56:779][218]LogModuleManager: Shutting down and abandoning module PacketHandler (222)
[2017.09.25-17.46.56:779][218]LogModuleManager: Shutting down and abandoning module ClothingSystemEditor (220)
[2017.09.25-17.46.56:779][218]LogModuleManager: Shutting down and abandoning module ClothingSystemRuntime (218)
[2017.09.25-17.46.56:779][218]LogModuleManager: Shutting down and abandoning module Overlay (216)
[2017.09.25-17.46.56:779][218]LogModuleManager: Shutting down and abandoning module OverlayEditor (215)
[2017.09.25-17.46.56:779][218]LogModuleManager: Shutting down and abandoning module MediaAssets (212)
[2017.09.25-17.46.56:779][218]LogModuleManager: Shutting down and abandoning module VREditor (210)
[2017.09.25-17.46.56:779][218]LogModuleManager: Shutting down and abandoning module StringTableEditor (208)
[2017.09.25-17.46.56:779][218]LogModuleManager: Shutting down and abandoning module GameplayTasksEditor (206)
[2017.09.25-17.46.56:779][218]LogModuleManager: Shutting down and abandoning module BehaviorTreeEditor (204)
[2017.09.25-17.46.56:779][218]LogModuleManager: Shutting down and abandoning module FunctionalTesting (202)
[2017.09.25-17.46.56:779][218]LogModuleManager: Shutting down and abandoning module CollisionAnalyzer (200)
[2017.09.25-17.46.56:779][218]LogModuleManager: Shutting down and abandoning module WorkspaceMenuStructure (199)
[2017.09.25-17.46.56:779][218]LogModuleManager: Shutting down and abandoning module UMG (196)
[2017.09.25-17.46.56:779][218]LogModuleManager: Shutting down and abandoning module UMGEditor (195)
[2017.09.25-17.46.56:779][218]LogModuleManager: Shutting down and abandoning module Sequencer (194)
[2017.09.25-17.46.56:779][218]LogModuleManager: Shutting down and abandoning module MessageLog (191)
[2017.09.25-17.46.56:779][218]LogModuleManager: Shutting down and abandoning module SlateReflector (186)
[2017.09.25-17.46.56:779][218]LogModuleManager: Shutting down and abandoning module Slate (184)
[2017.09.25-17.46.56:779][218]LogModuleManager: Shutting down and abandoning module EditorStyle (182)
[2017.09.25-17.46.56:782][218]LogModuleManager: Shutting down and abandoning module MRMesh (180)
[2017.09.25-17.46.56:782][218]LogModuleManager: Shutting down and abandoning module SourceCodeAccess (178)
[2017.09.25-17.46.56:782][218]LogModuleManager: Shutting down and abandoning module HeadMountedDisplay (176)
[2017.09.25-17.46.56:782][218]LogModuleManager: Shutting down and abandoning module XAudio2 (174)
[2017.09.25-17.46.56:782][218]LogModuleManager: Shutting down and abandoning module Networking (172)
[2017.09.25-17.46.56:782][218]LogModuleManager: Shutting down and abandoning module Core (168)
[2017.09.25-17.46.56:782][218]LogModuleManager: Shutting down and abandoning module KismetCompiler (164)
[2017.09.25-17.46.56:782][218]LogModuleManager: Shutting down and abandoning module LevelSequence (162)
[2017.09.25-17.46.56:782][218]LogModuleManager: Shutting down and abandoning module MeshUtilities (160)
[2017.09.25-17.46.56:783][218]LogModuleManager: Shutting down and abandoning module MeshMergeUtilities (159)
[2017.09.25-17.46.56:783][218]LogModuleManager: Shutting down and abandoning module MeshReductionInterface (158)
[2017.09.25-17.46.56:783][218]LogModuleManager: Shutting down and abandoning module SimplygonSwarm (157)
[2017.09.25-17.46.56:783][218]LogModuleManager: Shutting down and abandoning module SimplygonMeshReduction (155)
[2017.09.25-17.46.56:783][218]LogModuleManager: Shutting down and abandoning module QuadricMeshReduction (153)
[2017.09.25-17.46.56:783][218]LogModuleManager: Shutting down and abandoning module MaterialBaking (149)
[2017.09.25-17.46.56:783][218]LogModuleManager: Shutting down and abandoning module DirectoryWatcher (146)
[2017.09.25-17.46.56:784][218]LogModuleManager: Shutting down and abandoning module DerivedDataCache (144)
[2017.09.25-17.46.56:830][218]LogDerivedDataCache: Shutdown
[2017.09.25-17.46.56:830][218]LogModuleManager: Shutting down and abandoning module TargetPlatform (142)
[2017.09.25-17.46.56:830][218]LogModuleManager: Shutting down and abandoning module VulkanShaderFormat (141)
[2017.09.25-17.46.56:830][218]LogModuleManager: Shutting down and abandoning module ShaderFormatVectorVM (139)
[2017.09.25-17.46.56:830][218]LogModuleManager: Shutting down and abandoning module ShaderFormatOpenGL (137)
[2017.09.25-17.46.56:830][218]LogModuleManager: Shutting down and abandoning module ShaderFormatD3D (135)
[2017.09.25-17.46.56:830][218]LogModuleManager: Shutting down and abandoning module MetalShaderFormat (133)
[2017.09.25-17.46.56:831][218]LogModuleManager: Shutting down and abandoning module TextureFormatUncompressed (131)
[2017.09.25-17.46.56:831][218]LogModuleManager: Shutting down and abandoning module TextureFormatPVR (129)
[2017.09.25-17.46.56:831][218]LogModuleManager: Shutting down and abandoning module TextureFormatDXT (127)
[2017.09.25-17.46.56:831][218]LogModuleManager: Shutting down and abandoning module TextureFormatIntelISPCTexComp (125)
[2017.09.25-17.46.56:831][218]LogModuleManager: Shutting down and abandoning module TextureFormatASTC (123)
[2017.09.25-17.46.56:831][218]LogModuleManager: Shutting down and abandoning module ImageWrapper (122)
[2017.09.25-17.46.56:831][218]LogModuleManager: Shutting down and abandoning module TextureFormatAndroid (119)
[2017.09.25-17.46.56:831][218]LogModuleManager: Shutting down and abandoning module AudioFormatOpus (117)
[2017.09.25-17.46.56:831][218]LogModuleManager: Shutting down and abandoning module AudioFormatOgg (115)
[2017.09.25-17.46.56:831][218]LogModuleManager: Shutting down and abandoning module AudioFormatADPCM (113)
[2017.09.25-17.46.56:831][218]LogModuleManager: Shutting down and abandoning module LinuxTargetPlatform (111)
[2017.09.25-17.46.56:831][218]LogModuleManager: Shutting down and abandoning module LinuxServerTargetPlatform (109)
[2017.09.25-17.46.56:831][218]LogModuleManager: Shutting down and abandoning module LinuxNoEditorTargetPlatform (107)
[2017.09.25-17.46.56:831][218]LogModuleManager: Shutting down and abandoning module LinuxClientTargetPlatform (105)
[2017.09.25-17.46.56:831][218]LogModuleManager: Shutting down and abandoning module TVOSTargetPlatform (103)
[2017.09.25-17.46.56:831][218]LogModuleManager: Shutting down and abandoning module Messaging (101)
[2017.09.25-17.46.56:831][218]LogModuleManager: Shutting down and abandoning module IOSTargetPlatform (99)
[2017.09.25-17.46.56:831][218]LogModuleManager: Shutting down and abandoning module HTML5TargetPlatform (97)
[2017.09.25-17.46.56:831][218]LogModuleManager: Shutting down and abandoning module Android_PVRTCTargetPlatform (95)
[2017.09.25-17.46.56:831][218]LogModuleManager: Shutting down and abandoning module Android_MultiTargetPlatform (93)
[2017.09.25-17.46.56:831][218]LogModuleManager: Shutting down and abandoning module Android_ETC2TargetPlatform (91)
[2017.09.25-17.46.56:831][218]LogModuleManager: Shutting down and abandoning module Android_ETC1TargetPlatform (89)
[2017.09.25-17.46.56:831][218]LogModuleManager: Shutting down and abandoning module Android_DXTTargetPlatform (87)
[2017.09.25-17.46.56:831][218]LogModuleManager: Shutting down and abandoning module Android_ATCTargetPlatform (85)
[2017.09.25-17.46.56:831][218]LogModuleManager: Shutting down and abandoning module Android_ASTCTargetPlatform (83)
[2017.09.25-17.46.56:831][218]LogModuleManager: Shutting down and abandoning module AndroidTargetPlatform (81)
[2017.09.25-17.46.56:831][218]LogModuleManager: Shutting down and abandoning module WindowsTargetPlatform (79)
[2017.09.25-17.46.56:831][218]LogModuleManager: Shutting down and abandoning module WindowsServerTargetPlatform (77)
[2017.09.25-17.46.56:831][218]LogModuleManager: Shutting down and abandoning module WindowsNoEditorTargetPlatform (75)
[2017.09.25-17.46.56:831][218]LogModuleManager: Shutting down and abandoning module WindowsClientTargetPlatform (73)
[2017.09.25-17.46.56:831][218]LogModuleManager: Shutting down and abandoning module MacTargetPlatform (71)
[2017.09.25-17.46.56:831][218]LogModuleManager: Shutting down and abandoning module MacServerTargetPlatform (69)
[2017.09.25-17.46.56:831][218]LogModuleManager: Shutting down and abandoning module MacNoEditorTargetPlatform (67)
[2017.09.25-17.46.56:831][218]LogModuleManager: Shutting down and abandoning module MacClientTargetPlatform (65)
[2017.09.25-17.46.56:831][218]LogModuleManager: Shutting down and abandoning module AllDesktopTargetPlatform (63)
[2017.09.25-17.46.56:831][218]LogModuleManager: Shutting down and abandoning module InputCore (60)
[2017.09.25-17.46.56:831][218]LogModuleManager: Shutting down and abandoning module Settings (58)
[2017.09.25-17.46.56:831][218]LogModuleManager: Shutting down and abandoning module PhysXCooking (56)
[2017.09.25-17.46.56:831][218]LogModuleManager: Shutting down and abandoning module SteamVR (54)
[2017.09.25-17.46.56:832][218]LogModuleManager: Shutting down and abandoning module OculusHMD (52)
[2017.09.25-17.46.56:832][218]LogModuleManager: Shutting down and abandoning module ExampleDeviceProfileSelector (50)
[2017.09.25-17.46.56:832][218]LogModuleManager: Shutting down and abandoning module OnlineBlueprintSupport (48)
[2017.09.25-17.46.56:832][218]LogModuleManager: Shutting down and abandoning module OnlineSubsystem (44)
[2017.09.25-17.46.56:832][218]LogOnline: Display: Unloading online subsystem: NULL
[2017.09.25-17.46.56:832][218]LogModuleManager: Shutting down and abandoning module XMPP (43)
[2017.09.25-17.46.56:832][218]LogModuleManager: Shutting down and abandoning module HTTP (41)
[2017.09.25-17.46.56:832][218]LogHttp: Display: Http module shutting down, but needs to wait on 1 outstanding Http requests:
[2017.09.25-17.46.56:832][218]LogHttp: Display: 	verb=[POST] url=[https://datarouter.ol.epicgames.com/datarouter/api/v1/public/data?SessionID=%7BC74522A2-45F1-0DB6-392E-308638391360%7D&AppID=UEEditor.Rocket.Release&AppVersion=4.17.1-3586342%2B%2B%2BUE4%2BRelease-4.17&UserID=67f8338d4278f6de273e848b7769e2fd%7C%7Ca05ecd0c-c04f-4b75-96df-d970c7838e11&AppEnvironment=datacollector-binary&UploadType=eteventstream] status=Processing
[2017.09.25-17.46.56:851][218]LogModuleManager: Shutting down and abandoning module SSL (40)
[2017.09.25-17.46.56:853][218]LogModuleManager: Shutting down and abandoning module AnimationModifiers (36)
[2017.09.25-17.46.56:853][218]LogModuleManager: Shutting down and abandoning module PropertyEditor (35)
[2017.09.25-17.46.56:853][218]LogModuleManager: Shutting down and abandoning module AudioEditor (32)
[2017.09.25-17.46.56:853][218]LogModuleManager: Shutting down and abandoning module TextureCompressor (30)
[2017.09.25-17.46.56:853][218]LogModuleManager: Shutting down and abandoning module ShaderCore (28)
[2017.09.25-17.46.56:853][218]LogModuleManager: Shutting down and abandoning module Landscape (26)
[2017.09.25-17.46.56:853][218]LogModuleManager: Shutting down and abandoning module SlateRHIRenderer (24)
[2017.09.25-17.46.56:854][218]LogModuleManager: Shutting down and abandoning module OpenGLDrv (22)
[2017.09.25-17.46.56:854][218]LogModuleManager: Shutting down and abandoning module D3D11RHI (20)
[2017.09.25-17.46.56:854][218]LogModuleManager: Shutting down and abandoning module AnimGraphRuntime (18)
[2017.09.25-17.46.56:854][218]LogModuleManager: Shutting down and abandoning module Renderer (16)
[2017.09.25-17.46.56:854][218]LogModuleManager: Shutting down and abandoning module Engine (14)
[2017.09.25-17.46.56:854][218]LogModuleManager: Shutting down and abandoning module CoreUObject (12)
[2017.09.25-17.46.56:854][218]LogModuleManager: Shutting down and abandoning module NetworkFile (10)
[2017.09.25-17.46.56:854][218]LogModuleManager: Shutting down and abandoning module CookedIterativeFile (8)
[2017.09.25-17.46.56:854][218]LogModuleManager: Shutting down and abandoning module StreamingFile (6)
[2017.09.25-17.46.56:854][218]LogModuleManager: Shutting down and abandoning module SandboxFile (4)
[2017.09.25-17.46.56:854][218]LogModuleManager: Shutting down and abandoning module PakFile (2)
[2017.09.25-17.46.56:858][218]LogExit: Exiting.
[2017.09.25-17.46.56:877][218]Log file closed, 09/25/17 13:46:56
